29-04-2026 23:06:09 [[32MINFO[39M]: OPTIONS /auth/sign-in 204 0 - 5.561 ms
29-04-2026 23:06:09 [[32MINFO[39M]: POST /auth/sign-in 200 760 - 311.486 ms
29-04-2026 23:06:13 [[32MINFO[39M]: OPTIONS /user/destinations/search?q=b 204 0 - 0.307 ms
29-04-2026 23:06:13 [[32MINFO[39M]: GET /user/destinations/search?q=b 400 96 - 3.293 ms
29-04-2026 23:06:13 [[32MINFO[39M]: OPTIONS /user/destinations/search?q=bo 204 0 - 0.215 ms
29-04-2026 23:06:14 [[32MINFO[39M]: GET /user/destinations/search?q=bo 200 5033 - 89.032 ms
29-04-2026 23:06:14 [[32MINFO[39M]: OPTIONS /user/destinations/search?q=bom 204 0 - 0.196 ms
29-04-2026 23:06:14 [[32MINFO[39M]: GET /user/destinations/search?q=bom 200 831 - 60.411 ms
29-04-2026 23:06:23 [[32MINFO[39M]: OPTIONS /user/destinations/search?q=d 204 0 - 1.029 ms
29-04-2026 23:06:23 [[32MINFO[39M]: GET /user/destinations/search?q=d 400 96 - 1.710 ms
29-04-2026 23:06:23 [[32MINFO[39M]: OPTIONS /user/destinations/search?q=dx 204 0 - 0.429 ms
29-04-2026 23:06:23 [[32MINFO[39M]: GET /user/destinations/search?q=dx 200 1025 - 54.761 ms
29-04-2026 23:06:23 [[32MINFO[39M]: OPTIONS /user/destinations/search?q=dxb 204 0 - 0.260 ms
29-04-2026 23:06:23 [[32MINFO[39M]: GET /user/destinations/search?q=dxb 200 325 - 56.709 ms
29-04-2026 23:06:30 [[32MINFO[39M]: OPTIONS /user/flights/search?from=BOM&to=DXB&departureDate=2026-04-30&passengers=1&tripType=one-way&page=1&limit=6 204 0 - 0.376 ms
29-04-2026 23:06:31 [[32MINFO[39M]: GET /user/flights/search?from=BOM&to=DXB&departureDate=2026-04-30&passengers=1&tripType=one-way&page=1&limit=6 200 850 - 293.853 ms
29-04-2026 23:07:28 [[32MINFO[39M]: OPTIONS /auth/sign-in 204 0 - 0.831 ms
29-04-2026 23:07:28 [[32MINFO[39M]: POST /auth/sign-in 200 760 - 234.737 ms
29-04-2026 23:07:30 [[32MINFO[39M]: OPTIONS /user/destinations/search?q=c 204 0 - 1.236 ms
29-04-2026 23:07:30 [[32MINFO[39M]: GET /user/destinations/search?q=c 400 96 - 1.632 ms
29-04-2026 23:07:30 [[32MINFO[39M]: OPTIONS /user/destinations/search?q=co 204 0 - 0.228 ms
29-04-2026 23:07:30 [[32MINFO[39M]: GET /user/destinations/search?q=co 200 4973 - 63.136 ms
29-04-2026 23:07:31 [[32MINFO[39M]: OPTIONS /user/destinations/search?q=cok 204 0 - 0.221 ms
29-04-2026 23:07:31 [[32MINFO[39M]: GET /user/destinations/search?q=cok 200 320 - 57.364 ms
29-04-2026 23:07:35 [[32MINFO[39M]: OPTIONS /user/destinations/search?q=d 204 0 - 0.239 ms
29-04-2026 23:07:35 [[32MINFO[39M]: GET /user/destinations/search?q=d 400 96 - 1.976 ms
29-04-2026 23:07:35 [[32MINFO[39M]: OPTIONS /user/destinations/search?q=dx 204 0 - 0.343 ms
29-04-2026 23:07:35 [[32MINFO[39M]: GET /user/destinations/search?q=dx 304 - - 71.279 ms
29-04-2026 23:07:36 [[32MINFO[39M]: OPTIONS /user/destinations/search?q=dxb 204 0 - 0.695 ms
29-04-2026 23:07:36 [[32MINFO[39M]: GET /user/destinations/search?q=dxb 304 - - 60.692 ms
29-04-2026 23:07:46 [[32MINFO[39M]: OPTIONS /user/destinations/search?q=co 204 0 - 0.301 ms
29-04-2026 23:07:46 [[32MINFO[39M]: GET /user/destinations/search?q=co 304 - - 49.398 ms
29-04-2026 23:07:46 [[32MINFO[39M]: OPTIONS /user/destinations/search?q=c 204 0 - 0.198 ms
29-04-2026 23:07:46 [[32MINFO[39M]: GET /user/destinations/search?q=c 400 96 - 0.903 ms
29-04-2026 23:07:47 [[32MINFO[39M]: GET /user/destinations/search?q=c 400 96 - 1.108 ms
29-04-2026 23:07:47 [[32MINFO[39M]: GET /user/destinations/search?q=co 304 - - 51.904 ms
29-04-2026 23:07:47 [[32MINFO[39M]: OPTIONS /user/destinations/search?q=cok 204 0 - 0.165 ms
29-04-2026 23:07:48 [[32MINFO[39M]: GET /user/destinations/search?q=cok 304 - - 53.886 ms
29-04-2026 23:07:50 [[32MINFO[39M]: OPTIONS /user/flights/search?from=COK&to=DXB&departureDate=2026-04-30&passengers=1&tripType=one-way&page=1&limit=6 204 0 - 0.185 ms
29-04-2026 23:07:50 [[32MINFO[39M]: GET /user/flights/search?from=COK&to=DXB&departureDate=2026-04-30&passengers=1&tripType=one-way&page=1&limit=6 200 2198 - 187.765 ms
29-04-2026 23:09:18 [[32MINFO[39M]: OPTIONS /user/destinations/search?q=c 204 0 - 0.265 ms
29-04-2026 23:09:18 [[32MINFO[39M]: GET /user/destinations/search?q=c 400 96 - 1.432 ms
29-04-2026 23:09:18 [[32MINFO[39M]: OPTIONS /user/destinations/search?q=co 204 0 - 0.125 ms
29-04-2026 23:09:18 [[32MINFO[39M]: GET /user/destinations/search?q=co 304 - - 48.968 ms
29-04-2026 23:09:18 [[32MINFO[39M]: OPTIONS /user/destinations/search?q=cok 204 0 - 0.285 ms
29-04-2026 23:09:18 [[32MINFO[39M]: GET /user/destinations/search?q=cok 304 - - 54.441 ms
29-04-2026 23:09:22 [[32MINFO[39M]: OPTIONS /user/destinations/search?q=l 204 0 - 1.260 ms
29-04-2026 23:09:22 [[32MINFO[39M]: GET /user/destinations/search?q=l 400 96 - 0.884 ms
29-04-2026 23:09:22 [[32MINFO[39M]: OPTIONS /user/destinations/search?q=lh 204 0 - 0.174 ms
29-04-2026 23:09:22 [[32MINFO[39M]: GET /user/destinations/search?q=lh 304 - - 53.365 ms
29-04-2026 23:09:22 [[32MINFO[39M]: OPTIONS /user/destinations/search?q=lhr 204 0 - 0.195 ms
29-04-2026 23:09:22 [[32MINFO[39M]: GET /user/destinations/search?q=lhr 200 315 - 54.194 ms
29-04-2026 23:09:36 [[32MINFO[39M]: OPTIONS /user/destinations/search?q=Cochin+International+Airort+%28COK%29 204 0 - 0.380 ms
29-04-2026 23:09:36 [[32MINFO[39M]: GET /user/destinations/search?q=Cochin+International+Airort+%28COK%29 200 87 - 65.923 ms
29-04-2026 23:09:36 [[32MINFO[39M]: OPTIONS /user/destinations/search?q=Cochin+International+Aiort+%28COK%29 204 0 - 0.126 ms
29-04-2026 23:09:36 [[32MINFO[39M]: OPTIONS /user/destinations/search?q=Cochin+International+Aort+%28COK%29 204 0 - 0.213 ms
29-04-2026 23:09:37 [[32MINFO[39M]: GET /user/destinations/search?q=Cochin+International+Aiort+%28COK%29 200 87 - 52.939 ms
29-04-2026 23:09:37 [[32MINFO[39M]: OPTIONS /user/destinations/search?q=Cochin+International+ort+%28COK%29 204 0 - 0.305 ms
29-04-2026 23:09:37 [[32MINFO[39M]: OPTIONS /user/destinations/search?q=Cochin+Internationalort+%28COK%29 204 0 - 0.113 ms
29-04-2026 23:09:37 [[32MINFO[39M]: GET /user/destinations/search?q=Cochin+International+Aort+%28COK%29 200 87 - 55.479 ms
29-04-2026 23:09:37 [[32MINFO[39M]: OPTIONS /user/destinations/search?q=Cochin+Internationaort+%28COK%29 204 0 - 0.211 ms
29-04-2026 23:09:37 [[32MINFO[39M]: GET /user/destinations/search?q=Cochin+International+ort+%28COK%29 200 87 - 60.074 ms
29-04-2026 23:09:37 [[32MINFO[39M]: OPTIONS /user/destinations/search?q=Cochin+Internationort+%28COK%29 204 0 - 0.184 ms
29-04-2026 23:09:37 [[32MINFO[39M]: GET /user/destinations/search?q=Cochin+Internationalort+%28COK%29 200 87 - 64.304 ms
29-04-2026 23:09:37 [[32MINFO[39M]: GET /user/destinations/search?q=Cochin+Internationaort+%28COK%29 200 87 - 54.926 ms
29-04-2026 23:09:37 [[32MINFO[39M]: OPTIONS /user/destinations/search?q=Cochin+Internatioort+%28COK%29 204 0 - 0.342 ms
29-04-2026 23:09:37 [[32MINFO[39M]: GET /user/destinations/search?q=Cochin+Internationort+%28COK%29 200 87 - 58.699 ms
29-04-2026 23:09:37 [[32MINFO[39M]: OPTIONS /user/destinations/search?q=Cochin+Internatiort+%28COK%29 204 0 - 0.152 ms
29-04-2026 23:09:37 [[32MINFO[39M]: OPTIONS /user/destinations/search?q=Cochin+Internatort+%28COK%29 204 0 - 0.295 ms
29-04-2026 23:09:37 [[32MINFO[39M]: GET /user/destinations/search?q=Cochin+Internatioort+%28COK%29 200 87 - 60.346 ms
29-04-2026 23:09:37 [[32MINFO[39M]: OPTIONS /user/destinations/search?q=Cochin+Internaort+%28COK%29 204 0 - 0.157 ms
29-04-2026 23:09:37 [[32MINFO[39M]: GET /user/destinations/search?q=Cochin+Internatiort+%28COK%29 200 87 - 52.669 ms
29-04-2026 23:09:37 [[32MINFO[39M]: GET /user/destinations/search?q=Cochin+Internatort+%28COK%29 200 87 - 51.439 ms
29-04-2026 23:09:37 [[32MINFO[39M]: OPTIONS /user/destinations/search?q=Cochin+Internort+%28COK%29 204 0 - 0.149 ms
29-04-2026 23:09:37 [[32MINFO[39M]: GET /user/destinations/search?q=Cochin+Internaort+%28COK%29 200 87 - 55.134 ms
29-04-2026 23:09:37 [[32MINFO[39M]: OPTIONS /user/destinations/search?q=Cochin+Interort+%28COK%29 204 0 - 0.257 ms
29-04-2026 23:09:37 [[32MINFO[39M]: OPTIONS /user/destinations/search?q=Cochin+Inteort+%28COK%29 204 0 - 0.606 ms
29-04-2026 23:09:37 [[32MINFO[39M]: GET /user/destinations/search?q=Cochin+Internort+%28COK%29 200 87 - 54.763 ms
29-04-2026 23:09:37 [[32MINFO[39M]: GET /user/destinations/search?q=Cochin+Interort+%28COK%29 200 87 - 53.917 ms
29-04-2026 23:09:37 [[32MINFO[39M]: OPTIONS /user/destinations/search?q=Cochin+Intort+%28COK%29 204 0 - 0.158 ms
29-04-2026 23:09:37 [[32MINFO[39M]: OPTIONS /user/destinations/search?q=Cochin+Inort+%28COK%29 204 0 - 0.233 ms
29-04-2026 23:09:37 [[32MINFO[39M]: GET /user/destinations/search?q=Cochin+Inteort+%28COK%29 200 87 - 56.886 ms
29-04-2026 23:09:37 [[32MINFO[39M]: GET /user/destinations/search?q=Cochin+Intort+%28COK%29 200 87 - 52.617 ms
29-04-2026 23:09:37 [[32MINFO[39M]: OPTIONS /user/destinations/search?q=Cochin+Iort+%28COK%29 204 0 - 4.701 ms
29-04-2026 23:09:37 [[32MINFO[39M]: GET /user/destinations/search?q=Cochin+Inort+%28COK%29 200 87 - 55.578 ms
29-04-2026 23:09:37 [[32MINFO[39M]: OPTIONS /user/destinations/search?q=Cochin+ort+%28COK%29 204 0 - 0.193 ms
29-04-2026 23:09:37 [[32MINFO[39M]: OPTIONS /user/destinations/search?q=Cochinort+%28COK%29 204 0 - 0.268 ms
29-04-2026 23:09:37 [[32MINFO[39M]: GET /user/destinations/search?q=Cochin+Iort+%28COK%29 200 87 - 51.317 ms
29-04-2026 23:09:37 [[32MINFO[39M]: OPTIONS /user/destinations/search?q=Cochiort+%28COK%29 204 0 - 0.306 ms
29-04-2026 23:09:37 [[32MINFO[39M]: GET /user/destinations/search?q=Cochin+ort+%28COK%29 200 87 - 52.084 ms
29-04-2026 23:09:37 [[32MINFO[39M]: GET /user/destinations/search?q=Cochinort+%28COK%29 200 87 - 50.866 ms
29-04-2026 23:09:37 [[32MINFO[39M]: OPTIONS /user/destinations/search?q=Cochort+%28COK%29 204 0 - 0.433 ms
29-04-2026 23:09:37 [[32MINFO[39M]: GET /user/destinations/search?q=Cochiort+%28COK%29 200 87 - 53.002 ms
29-04-2026 23:09:37 [[32MINFO[39M]: OPTIONS /user/destinations/search?q=Cocort+%28COK%29 204 0 - 0.284 ms
29-04-2026 23:09:37 [[32MINFO[39M]: GET /user/destinations/search?q=Cochort+%28COK%29 200 87 - 49.336 ms
29-04-2026 23:09:37 [[32MINFO[39M]: OPTIONS /user/destinations/search?q=Coort+%28COK%29 204 0 - 0.189 ms
29-04-2026 23:09:37 [[32MINFO[39M]: GET /user/destinations/search?q=Cocort+%28COK%29 200 87 - 51.454 ms
29-04-2026 23:09:37 [[32MINFO[39M]: OPTIONS /user/destinations/search?q=Cort+%28COK%29 204 0 - 0.111 ms
29-04-2026 23:09:37 [[32MINFO[39M]: OPTIONS /user/destinations/search?q=ort+%28COK%29 204 0 - 0.187 ms
29-04-2026 23:09:37 [[32MINFO[39M]: GET /user/destinations/search?q=Coort+%28COK%29 200 87 - 52.895 ms
29-04-2026 23:09:37 [[32MINFO[39M]: GET /user/destinations/search?q=Cort+%28COK%29 200 87 - 50.657 ms
29-04-2026 23:09:37 [[32MINFO[39M]: GET /user/destinations/search?q=ort+%28COK%29 200 87 - 52.746 ms
29-04-2026 23:09:40 [[32MINFO[39M]: OPTIONS /user/destinations/search?q=ort+%28COK 204 0 - 0.226 ms
29-04-2026 23:09:40 [[32MINFO[39M]: GET /user/destinations/search?q=ort+%28COK 400 113 - 56.185 ms
29-04-2026 23:09:40 [[32MINFO[39M]: OPTIONS /user/destinations/search?q=ort+%28CO 204 0 - 0.298 ms
29-04-2026 23:09:40 [[32MINFO[39M]: OPTIONS /user/destinations/search?q=ort+%28C 204 0 - 1.390 ms
29-04-2026 23:09:40 [[32MINFO[39M]: OPTIONS /user/destinations/search?q=ort+%28 204 0 - 0.884 ms
29-04-2026 23:09:40 [[32MINFO[39M]: GET /user/destinations/search?q=ort+%28CO 400 113 - 48.768 ms
29-04-2026 23:09:40 [[32MINFO[39M]: GET /user/destinations/search?q=ort+%28C 400 113 - 41.017 ms
29-04-2026 23:09:40 [[32MINFO[39M]: OPTIONS /user/destinations/search?q=ort+ 204 0 - 0.135 ms
29-04-2026 23:09:40 [[32MINFO[39M]: GET /user/destinations/search?q=ort+%28 400 113 - 40.951 ms
29-04-2026 23:09:40 [[32MINFO[39M]: OPTIONS /user/destinations/search?q=ort 204 0 - 0.255 ms
29-04-2026 23:09:40 [[32MINFO[39M]: GET /user/destinations/search?q=ort+ 200 4845 - 63.520 ms
29-04-2026 23:09:40 [[32MINFO[39M]: OPTIONS /user/destinations/search?q=or 204 0 - 0.185 ms
29-04-2026 23:09:40 [[32MINFO[39M]: GET /user/destinations/search?q=ort 200 4845 - 46.036 ms
29-04-2026 23:09:40 [[32MINFO[39M]: OPTIONS /user/destinations/search?q=o 204 0 - 0.204 ms
29-04-2026 23:09:40 [[32MINFO[39M]: GET /user/destinations/search?q=o 400 96 - 1.357 ms
29-04-2026 23:09:40 [[32MINFO[39M]: GET /user/destinations/search?q=or 200 4845 - 45.642 ms
29-04-2026 23:09:41 [[32MINFO[39M]: OPTIONS /user/destinations/search?q=b 204 0 - 0.177 ms
29-04-2026 23:09:41 [[32MINFO[39M]: GET /user/destinations/search?q=b 400 96 - 0.918 ms
29-04-2026 23:09:42 [[32MINFO[39M]: OPTIONS /user/destinations/search?q=bo 204 0 - 0.164 ms
29-04-2026 23:09:42 [[32MINFO[39M]: GET /user/destinations/search?q=bo 304 - - 46.737 ms
29-04-2026 23:09:42 [[32MINFO[39M]: OPTIONS /user/destinations/search?q=bom 204 0 - 0.104 ms
29-04-2026 23:09:42 [[32MINFO[39M]: GET /user/destinations/search?q=bom 304 - - 53.132 ms
29-04-2026 23:09:49 [[32MINFO[39M]: OPTIONS /user/flights/search?from=BOM&to=LHR&departureDate=2026-04-30&passengers=1&tripType=one-way&page=1&limit=6 204 0 - 0.155 ms
29-04-2026 23:09:49 [[32MINFO[39M]: GET /user/flights/search?from=BOM&to=LHR&departureDate=2026-04-30&passengers=1&tripType=one-way&page=1&limit=6 200 853 - 101.799 ms
29-04-2026 23:10:10 [[32MINFO[39M]: OPTIONS /user/destinations/search?q=Chhatrapati+Shivaji+Interational+Airport+%28BOM%29 204 0 - 0.328 ms
29-04-2026 23:10:10 [[32MINFO[39M]: GET /user/destinations/search?q=Chhatrapati+Shivaji+Interational+Airport+%28BOM%29 200 87 - 52.685 ms
29-04-2026 23:10:11 [[32MINFO[39M]: OPTIONS /user/destinations/search?q=Chhatrapati+Shivaji+Inteational+Airport+%28BOM%29 204 0 - 0.159 ms
29-04-2026 23:10:11 [[32MINFO[39M]: GET /user/destinations/search?q=Chhatrapati+Shivaji+Inteational+Airport+%28BOM%29 200 87 - 53.362 ms
29-04-2026 23:10:12 [[32MINFO[39M]: OPTIONS /user/destinations/search?q=Chhatrapati+Shivaji+Intational+Airport+%28BOM%29 204 0 - 0.338 ms
29-04-2026 23:10:12 [[32MINFO[39M]: OPTIONS /user/destinations/search?q=Chhatrapati+Shivaji+Inational+Airport+%28BOM%29 204 0 - 0.187 ms
29-04-2026 23:10:12 [[32MINFO[39M]: OPTIONS /user/destinations/search?q=Chhatrapati+Shivaji+Iational+Airport+%28BOM%29 204 0 - 0.175 ms
29-04-2026 23:10:12 [[32MINFO[39M]: GET /user/destinations/search?q=Chhatrapati+Shivaji+Intational+Airport+%28BOM%29 200 87 - 54.768 ms
29-04-2026 23:10:12 [[32MINFO[39M]: OPTIONS /user/destinations/search?q=Chhatrapati+Shivaji+ational+Airport+%28BOM%29 204 0 - 1.143 ms
29-04-2026 23:10:12 [[32MINFO[39M]: GET /user/destinations/search?q=Chhatrapati+Shivaji+Inational+Airport+%28BOM%29 200 87 - 63.229 ms
29-04-2026 23:10:12 [[32MINFO[39M]: GET /user/destinations/search?q=Chhatrapati+Shivaji+Iational+Airport+%28BOM%29 200 87 - 57.421 ms
29-04-2026 23:10:12 [[32MINFO[39M]: OPTIONS /user/destinations/search?q=Chhatrapati+Shivajiational+Airport+%28BOM%29 204 0 - 1.098 ms
29-04-2026 23:10:12 [[32MINFO[39M]: OPTIONS /user/destinations/search?q=Chhatrapati+Shivajational+Airport+%28BOM%29 204 0 - 0.178 ms
29-04-2026 23:10:12 [[32MINFO[39M]: GET /user/destinations/search?q=Chhatrapati+Shivaji+ational+Airport+%28BOM%29 200 87 - 50.510 ms
29-04-2026 23:10:12 [[32MINFO[39M]: OPTIONS /user/destinations/search?q=Chhatrapati+Shivaational+Airport+%28BOM%29 204 0 - 0.292 ms
29-04-2026 23:10:12 [[32MINFO[39M]: GET /user/destinations/search?q=Chhatrapati+Shivajiational+Airport+%28BOM%29 200 87 - 50.683 ms
29-04-2026 23:10:12 [[32MINFO[39M]: GET /user/destinations/search?q=Chhatrapati+Shivajational+Airport+%28BOM%29 200 87 - 48.225 ms
29-04-2026 23:10:12 [[32MINFO[39M]: OPTIONS /user/destinations/search?q=Chhatrapati+Shivational+Airport+%28BOM%29 204 0 - 0.310 ms
29-04-2026 23:10:12 [[32MINFO[39M]: GET /user/destinations/search?q=Chhatrapati+Shivaational+Airport+%28BOM%29 200 87 - 50.944 ms
29-04-2026 23:10:12 [[32MINFO[39M]: OPTIONS /user/destinations/search?q=Chhatrapati+Shiational+Airport+%28BOM%29 204 0 - 0.179 ms
29-04-2026 23:10:12 [[32MINFO[39M]: GET /user/destinations/search?q=Chhatrapati+Shivational+Airport+%28BOM%29 200 87 - 50.782 ms
29-04-2026 23:10:12 [[32MINFO[39M]: OPTIONS /user/destinations/search?q=Chhatrapati+Shational+Airport+%28BOM%29 204 0 - 0.255 ms
29-04-2026 23:10:12 [[32MINFO[39M]: GET /user/destinations/search?q=Chhatrapati+Shiational+Airport+%28BOM%29 200 87 - 48.994 ms
29-04-2026 23:10:12 [[32MINFO[39M]: OPTIONS /user/destinations/search?q=Chhatrapati+Sational+Airport+%28BOM%29 204 0 - 0.191 ms
29-04-2026 23:10:12 [[32MINFO[39M]: OPTIONS /user/destinations/search?q=Chhatrapati+ational+Airport+%28BOM%29 204 0 - 0.282 ms
29-04-2026 23:10:12 [[32MINFO[39M]: GET /user/destinations/search?q=Chhatrapati+Shational+Airport+%28BOM%29 200 87 - 71.419 ms
29-04-2026 23:10:12 [[32MINFO[39M]: GET /user/destinations/search?q=Chhatrapati+Sational+Airport+%28BOM%29 200 87 - 52.073 ms
29-04-2026 23:10:12 [[32MINFO[39M]: OPTIONS /user/destinations/search?q=Chhatrapatiational+Airport+%28BOM%29 204 0 - 0.177 ms
29-04-2026 23:10:12 [[32MINFO[39M]: GET /user/destinations/search?q=Chhatrapati+ational+Airport+%28BOM%29 200 87 - 50.346 ms
29-04-2026 23:10:12 [[32MINFO[39M]: OPTIONS /user/destinations/search?q=Chhatrapatational+Airport+%28BOM%29 204 0 - 0.439 ms
29-04-2026 23:10:12 [[32MINFO[39M]: GET /user/destinations/search?q=Chhatrapatiational+Airport+%28BOM%29 200 87 - 53.582 ms
29-04-2026 23:10:12 [[32MINFO[39M]: OPTIONS /user/destinations/search?q=Chhatrapaational+Airport+%28BOM%29 204 0 - 0.174 ms
29-04-2026 23:10:12 [[32MINFO[39M]: GET /user/destinations/search?q=Chhatrapatational+Airport+%28BOM%29 200 87 - 53.675 ms
29-04-2026 23:10:12 [[32MINFO[39M]: OPTIONS /user/destinations/search?q=Chhatrapational+Airport+%28BOM%29 204 0 - 0.271 ms
29-04-2026 23:10:12 [[32MINFO[39M]: OPTIONS /user/destinations/search?q=Chhatraational+Airport+%28BOM%29 204 0 - 0.206 ms
29-04-2026 23:10:12 [[32MINFO[39M]: GET /user/destinations/search?q=Chhatrapaational+Airport+%28BOM%29 200 87 - 64.498 ms
29-04-2026 23:10:12 [[32MINFO[39M]: GET /user/destinations/search?q=Chhatrapational+Airport+%28BOM%29 200 87 - 55.934 ms
29-04-2026 23:10:12 [[32MINFO[39M]: OPTIONS /user/destinations/search?q=Chhatrational+Airport+%28BOM%29 204 0 - 0.184 ms
29-04-2026 23:10:12 [[32MINFO[39M]: OPTIONS /user/destinations/search?q=Chhatational+Airport+%28BOM%29 204 0 - 0.320 ms
29-04-2026 23:10:12 [[32MINFO[39M]: GET /user/destinations/search?q=Chhatraational+Airport+%28BOM%29 200 87 - 58.549 ms
29-04-2026 23:10:12 [[32MINFO[39M]: OPTIONS /user/destinations/search?q=Chhaational+Airport+%28BOM%29 204 0 - 0.203 ms
29-04-2026 23:10:12 [[32MINFO[39M]: GET /user/destinations/search?q=Chhatrational+Airport+%28BOM%29 200 87 - 66.970 ms
29-04-2026 23:10:12 [[32MINFO[39M]: GET /user/destinations/search?q=Chhatational+Airport+%28BOM%29 200 87 - 63.734 ms
29-04-2026 23:10:12 [[32MINFO[39M]: OPTIONS /user/destinations/search?q=Chhational+Airport+%28BOM%29 204 0 - 0.210 ms
29-04-2026 23:10:12 [[32MINFO[39M]: GET /user/destinations/search?q=Chhaational+Airport+%28BOM%29 200 87 - 55.438 ms
29-04-2026 23:10:12 [[32MINFO[39M]: OPTIONS /user/destinations/search?q=Chational+Airport+%28BOM%29 204 0 - 0.318 ms
29-04-2026 23:10:12 [[32MINFO[39M]: OPTIONS /user/destinations/search?q=Cational+Airport+%28BOM%29 204 0 - 0.251 ms
29-04-2026 23:10:12 [[32MINFO[39M]: GET /user/destinations/search?q=Chhational+Airport+%28BOM%29 200 87 - 61.841 ms
29-04-2026 23:10:12 [[32MINFO[39M]: OPTIONS /user/destinations/search?q=ational+Airport+%28BOM%29 204 0 - 0.375 ms
29-04-2026 23:10:12 [[32MINFO[39M]: GET /user/destinations/search?q=Chational+Airport+%28BOM%29 200 87 - 62.501 ms
29-04-2026 23:10:13 [[32MINFO[39M]: GET /user/destinations/search?q=Cational+Airport+%28BOM%29 200 87 - 65.080 ms
29-04-2026 23:10:13 [[32MINFO[39M]: GET /user/destinations/search?q=ational+Airport+%28BOM%29 200 87 - 61.125 ms
29-04-2026 23:10:15 [[32MINFO[39M]: OPTIONS /user/destinations/search?q=ational+Airport+%28BOM 204 0 - 0.192 ms
29-04-2026 23:10:15 [[32MINFO[39M]: GET /user/destinations/search?q=ational+Airport+%28BOM 400 113 - 57.565 ms
29-04-2026 23:10:16 [[32MINFO[39M]: OPTIONS /user/destinations/search?q=ational+Airport+%28BO 204 0 - 0.175 ms
29-04-2026 23:10:16 [[32MINFO[39M]: OPTIONS /user/destinations/search?q=ational+Airport+%28B 204 0 - 0.906 ms
29-04-2026 23:10:16 [[32MINFO[39M]: OPTIONS /user/destinations/search?q=ational+Airport+%28 204 0 - 0.142 ms
29-04-2026 23:10:16 [[32MINFO[39M]: GET /user/destinations/search?q=ational+Airport+%28BO 400 113 - 53.478 ms
29-04-2026 23:10:16 [[32MINFO[39M]: GET /user/destinations/search?q=ational+Airport+%28B 400 113 - 40.532 ms
29-04-2026 23:10:16 [[32MINFO[39M]: OPTIONS /user/destinations/search?q=ational+Airport+ 204 0 - 4.002 ms
29-04-2026 23:10:16 [[32MINFO[39M]: GET /user/destinations/search?q=ational+Airport+%28 400 113 - 45.779 ms
29-04-2026 23:10:16 [[32MINFO[39M]: OPTIONS /user/destinations/search?q=ational+Airport 204 0 - 0.231 ms
29-04-2026 23:10:16 [[32MINFO[39M]: GET /user/destinations/search?q=ational+Airport+ 200 5032 - 43.356 ms
29-04-2026 23:10:16 [[32MINFO[39M]: OPTIONS /user/destinations/search?q=ational+Airpor 204 0 - 0.194 ms
29-04-2026 23:10:16 [[32MINFO[39M]: GET /user/destinations/search?q=ational+Airport 200 5032 - 69.608 ms
29-04-2026 23:10:16 [[32MINFO[39M]: OPTIONS /user/destinations/search?q=ational+Airpo 204 0 - 0.131 ms
29-04-2026 23:10:16 [[32MINFO[39M]: OPTIONS /user/destinations/search?q=ational+Airp 204 0 - 0.145 ms
29-04-2026 23:10:16 [[32MINFO[39M]: OPTIONS /user/destinations/search?q=ational+Air 204 0 - 0.603 ms
29-04-2026 23:10:16 [[32MINFO[39M]: GET /user/destinations/search?q=ational+Airpor 200 5032 - 54.381 ms
29-04-2026 23:10:16 [[32MINFO[39M]: GET /user/destinations/search?q=ational+Airpo 200 5032 - 51.749 ms
29-04-2026 23:10:16 [[32MINFO[39M]: OPTIONS /user/destinations/search?q=ational+Ai 204 0 - 0.307 ms
29-04-2026 23:10:16 [[32MINFO[39M]: GET /user/destinations/search?q=ational+Airp 200 5032 - 54.031 ms
29-04-2026 23:10:16 [[32MINFO[39M]: OPTIONS /user/destinations/search?q=ational+A 204 0 - 0.172 ms
29-04-2026 23:10:16 [[32MINFO[39M]: GET /user/destinations/search?q=ational+Air 200 5032 - 45.986 ms
29-04-2026 23:10:16 [[32MINFO[39M]: GET /user/destinations/search?q=ational+Ai 200 5032 - 40.577 ms
29-04-2026 23:10:16 [[32MINFO[39M]: OPTIONS /user/destinations/search?q=ational+ 204 0 - 0.180 ms
29-04-2026 23:10:16 [[32MINFO[39M]: GET /user/destinations/search?q=ational+A 200 5032 - 41.062 ms
29-04-2026 23:10:16 [[32MINFO[39M]: OPTIONS /user/destinations/search?q=ational 204 0 - 0.264 ms
29-04-2026 23:10:16 [[32MINFO[39M]: GET /user/destinations/search?q=ational+ 200 5028 - 46.683 ms
29-04-2026 23:10:16 [[32MINFO[39M]: OPTIONS /user/destinations/search?q=ationa 204 0 - 0.249 ms
29-04-2026 23:10:16 [[32MINFO[39M]: GET /user/destinations/search?q=ational 200 5028 - 47.508 ms
29-04-2026 23:10:16 [[32MINFO[39M]: OPTIONS /user/destinations/search?q=ation 204 0 - 0.240 ms
29-04-2026 23:10:16 [[32MINFO[39M]: GET /user/destinations/search?q=ationa 200 5028 - 42.253 ms
29-04-2026 23:10:16 [[32MINFO[39M]: OPTIONS /user/destinations/search?q=atio 204 0 - 0.211 ms
29-04-2026 23:10:16 [[32MINFO[39M]: GET /user/destinations/search?q=ation 200 5028 - 44.073 ms
29-04-2026 23:10:16 [[32MINFO[39M]: OPTIONS /user/destinations/search?q=ati 204 0 - 0.317 ms
29-04-2026 23:10:16 [[32MINFO[39M]: GET /user/destinations/search?q=atio 200 5028 - 42.412 ms
29-04-2026 23:10:16 [[32MINFO[39M]: OPTIONS /user/destinations/search?q=at 204 0 - 0.305 ms
29-04-2026 23:10:17 [[32MINFO[39M]: GET /user/destinations/search?q=ati 200 5028 - 71.264 ms
29-04-2026 23:10:17 [[32MINFO[39M]: OPTIONS /user/destinations/search?q=a 204 0 - 0.268 ms
29-04-2026 23:10:17 [[32MINFO[39M]: GET /user/destinations/search?q=a 400 96 - 0.960 ms
29-04-2026 23:10:17 [[32MINFO[39M]: GET /user/destinations/search?q=at 200 5022 - 52.347 ms
29-04-2026 23:10:17 [[32MINFO[39M]: OPTIONS /user/destinations/search?q=d 204 0 - 1.213 ms
29-04-2026 23:10:17 [[32MINFO[39M]: GET /user/destinations/search?q=d 400 96 - 0.883 ms
29-04-2026 23:10:18 [[32MINFO[39M]: OPTIONS /user/destinations/search?q=dx 204 0 - 0.224 ms
29-04-2026 23:10:18 [[32MINFO[39M]: GET /user/destinations/search?q=dx 304 - - 56.890 ms
29-04-2026 23:10:18 [[32MINFO[39M]: OPTIONS /user/destinations/search?q=dxb 204 0 - 0.271 ms
29-04-2026 23:10:18 [[32MINFO[39M]: GET /user/destinations/search?q=dxb 304 - - 52.704 ms
29-04-2026 23:10:22 [[32MINFO[39M]: OPTIONS /user/flights/search?from=DXB&to=LHR&departureDate=2026-04-30&passengers=1&tripType=one-way&page=1&limit=6 204 0 - 0.251 ms
29-04-2026 23:10:22 [[32MINFO[39M]: GET /user/flights/search?from=DXB&to=LHR&departureDate=2026-04-30&passengers=1&tripType=one-way&page=1&limit=6 200 842 - 91.804 ms
29-04-2026 23:10:27 [[32MINFO[39M]: OPTIONS /user/destinations/search?q=Dubai+International+Airort+%28DXB%29 204 0 - 0.297 ms
29-04-2026 23:10:27 [[32MINFO[39M]: GET /user/destinations/search?q=Dubai+International+Airort+%28DXB%29 200 87 - 54.961 ms
29-04-2026 23:10:27 [[32MINFO[39M]: OPTIONS /user/destinations/search?q=Dubai+International+Aiort+%28DXB%29 204 0 - 0.207 ms
29-04-2026 23:10:27 [[32MINFO[39M]: OPTIONS /user/destinations/search?q=Dubai+International+Aort+%28DXB%29 204 0 - 0.146 ms
29-04-2026 23:10:27 [[32MINFO[39M]: OPTIONS /user/destinations/search?q=Dubai+International+ort+%28DXB%29 204 0 - 0.139 ms
29-04-2026 23:10:27 [[32MINFO[39M]: GET /user/destinations/search?q=Dubai+International+Aiort+%28DXB%29 200 87 - 60.352 ms
29-04-2026 23:10:27 [[32MINFO[39M]: GET /user/destinations/search?q=Dubai+International+Aort+%28DXB%29 200 87 - 50.831 ms
29-04-2026 23:10:27 [[32MINFO[39M]: OPTIONS /user/destinations/search?q=Dubai+Internationalort+%28DXB%29 204 0 - 0.159 ms
29-04-2026 23:10:27 [[32MINFO[39M]: GET /user/destinations/search?q=Dubai+International+ort+%28DXB%29 200 87 - 50.573 ms
29-04-2026 23:10:27 [[32MINFO[39M]: OPTIONS /user/destinations/search?q=Dubai+Internationaort+%28DXB%29 204 0 - 0.138 ms
29-04-2026 23:10:27 [[32MINFO[39M]: OPTIONS /user/destinations/search?q=Dubai+Internationort+%28DXB%29 204 0 - 0.159 ms
29-04-2026 23:10:27 [[32MINFO[39M]: GET /user/destinations/search?q=Dubai+Internationalort+%28DXB%29 200 87 - 54.717 ms
29-04-2026 23:10:27 [[32MINFO[39M]: GET /user/destinations/search?q=Dubai+Internationaort+%28DXB%29 200 87 - 49.942 ms
29-04-2026 23:10:27 [[32MINFO[39M]: OPTIONS /user/destinations/search?q=Dubai+Internatioort+%28DXB%29 204 0 - 0.174 ms
29-04-2026 23:10:27 [[32MINFO[39M]: GET /user/destinations/search?q=Dubai+Internationort+%28DXB%29 200 87 - 52.584 ms
29-04-2026 23:10:27 [[32MINFO[39M]: OPTIONS /user/destinations/search?q=Dubai+Internatiort+%28DXB%29 204 0 - 0.079 ms
29-04-2026 23:10:27 [[32MINFO[39M]: OPTIONS /user/destinations/search?q=Dubai+Internatort+%28DXB%29 204 0 - 0.268 ms
29-04-2026 23:10:27 [[32MINFO[39M]: GET /user/destinations/search?q=Dubai+Internatioort+%28DXB%29 200 87 - 54.269 ms
29-04-2026 23:10:27 [[32MINFO[39M]: GET /user/destinations/search?q=Dubai+Internatiort+%28DXB%29 200 87 - 50.388 ms
29-04-2026 23:10:27 [[32MINFO[39M]: OPTIONS /user/destinations/search?q=Dubai+Internaort+%28DXB%29 204 0 - 0.172 ms
29-04-2026 23:10:27 [[32MINFO[39M]: GET /user/destinations/search?q=Dubai+Internatort+%28DXB%29 200 87 - 51.993 ms
29-04-2026 23:10:27 [[32MINFO[39M]: OPTIONS /user/destinations/search?q=Dubai+Internort+%28DXB%29 204 0 - 0.379 ms
29-04-2026 23:10:27 [[32MINFO[39M]: GET /user/destinations/search?q=Dubai+Internaort+%28DXB%29 200 87 - 54.738 ms
29-04-2026 23:10:27 [[32MINFO[39M]: OPTIONS /user/destinations/search?q=Dubai+Interort+%28DXB%29 204 0 - 0.170 ms
29-04-2026 23:10:27 [[32MINFO[39M]: GET /user/destinations/search?q=Dubai+Internort+%28DXB%29 200 87 - 50.963 ms
29-04-2026 23:10:28 [[32MINFO[39M]: OPTIONS /user/destinations/search?q=Dubai+Inteort+%28DXB%29 204 0 - 0.094 ms
29-04-2026 23:10:28 [[32MINFO[39M]: GET /user/destinations/search?q=Dubai+Interort+%28DXB%29 200 87 - 50.286 ms
29-04-2026 23:10:28 [[32MINFO[39M]: OPTIONS /user/destinations/search?q=Dubai+Intort+%28DXB%29 204 0 - 0.212 ms
29-04-2026 23:10:28 [[32MINFO[39M]: GET /user/destinations/search?q=Dubai+Inteort+%28DXB%29 200 87 - 52.849 ms
29-04-2026 23:10:28 [[32MINFO[39M]: OPTIONS /user/destinations/search?q=Dubai+Inort+%28DXB%29 204 0 - 0.167 ms
29-04-2026 23:10:28 [[32MINFO[39M]: GET /user/destinations/search?q=Dubai+Intort+%28DXB%29 200 87 - 54.709 ms
29-04-2026 23:10:28 [[32MINFO[39M]: OPTIONS /user/destinations/search?q=Dubai+Iort+%28DXB%29 204 0 - 0.149 ms
29-04-2026 23:10:28 [[32MINFO[39M]: GET /user/destinations/search?q=Dubai+Inort+%28DXB%29 200 87 - 52.988 ms
29-04-2026 23:10:28 [[32MINFO[39M]: OPTIONS /user/destinations/search?q=Dubai+ort+%28DXB%29 204 0 - 0.238 ms
29-04-2026 23:10:28 [[32MINFO[39M]: GET /user/destinations/search?q=Dubai+Iort+%28DXB%29 200 87 - 51.903 ms
29-04-2026 23:10:28 [[32MINFO[39M]: OPTIONS /user/destinations/search?q=Dubaiort+%28DXB%29 204 0 - 0.254 ms
29-04-2026 23:10:28 [[32MINFO[39M]: GET /user/destinations/search?q=Dubai+ort+%28DXB%29 200 87 - 56.949 ms
29-04-2026 23:10:28 [[32MINFO[39M]: OPTIONS /user/destinations/search?q=Dubaort+%28DXB%29 204 0 - 0.234 ms
29-04-2026 23:10:28 [[32MINFO[39M]: GET /user/destinations/search?q=Dubaiort+%28DXB%29 200 87 - 49.918 ms
29-04-2026 23:10:28 [[32MINFO[39M]: OPTIONS /user/destinations/search?q=Dubort+%28DXB%29 204 0 - 0.171 ms
29-04-2026 23:10:28 [[32MINFO[39M]: OPTIONS /user/destinations/search?q=Duort+%28DXB%29 204 0 - 0.207 ms
29-04-2026 23:10:28 [[32MINFO[39M]: GET /user/destinations/search?q=Dubaort+%28DXB%29 200 87 - 50.135 ms
29-04-2026 23:10:28 [[32MINFO[39M]: GET /user/destinations/search?q=Dubort+%28DXB%29 200 87 - 51.605 ms
29-04-2026 23:10:28 [[32MINFO[39M]: OPTIONS /user/destinations/search?q=Dort+%28DXB%29 204 0 - 0.164 ms
29-04-2026 23:10:28 [[32MINFO[39M]: GET /user/destinations/search?q=Duort+%28DXB%29 200 87 - 54.929 ms
29-04-2026 23:10:28 [[32MINFO[39M]: OPTIONS /user/destinations/search?q=ort+%28DXB%29 204 0 - 0.857 ms
29-04-2026 23:10:28 [[32MINFO[39M]: GET /user/destinations/search?q=Dort+%28DXB%29 200 87 - 51.090 ms
29-04-2026 23:10:28 [[32MINFO[39M]: GET /user/destinations/search?q=ort+%28DXB%29 200 87 - 51.832 ms
29-04-2026 23:10:30 [[32MINFO[39M]: OPTIONS /user/destinations/search?q=ort+%28DXB 204 0 - 0.307 ms
29-04-2026 23:10:30 [[32MINFO[39M]: GET /user/destinations/search?q=ort+%28DXB 400 113 - 45.464 ms
29-04-2026 23:10:31 [[32MINFO[39M]: OPTIONS /user/destinations/search?q=ort+%28DX 204 0 - 0.258 ms
29-04-2026 23:10:31 [[32MINFO[39M]: OPTIONS /user/destinations/search?q=ort+%28D 204 0 - 0.161 ms
29-04-2026 23:10:31 [[32MINFO[39M]: GET /user/destinations/search?q=ort+%28DX 400 113 - 44.377 ms
29-04-2026 23:10:31 [[32MINFO[39M]: OPTIONS /user/destinations/search?q=ort+%28 204 0 - 0.163 ms
29-04-2026 23:10:31 [[32MINFO[39M]: GET /user/destinations/search?q=ort+%28D 400 113 - 42.073 ms
29-04-2026 23:10:31 [[32MINFO[39M]: OPTIONS /user/destinations/search?q=ort+ 204 0 - 0.294 ms
29-04-2026 23:10:31 [[32MINFO[39M]: GET /user/destinations/search?q=ort+%28 400 113 - 40.266 ms
29-04-2026 23:10:31 [[32MINFO[39M]: OPTIONS /user/destinations/search?q=ort 204 0 - 0.100 ms
29-04-2026 23:10:31 [[32MINFO[39M]: GET /user/destinations/search?q=ort+ 304 - - 43.267 ms
29-04-2026 23:10:31 [[32MINFO[39M]: OPTIONS /user/destinations/search?q=or 204 0 - 0.174 ms
29-04-2026 23:10:31 [[32MINFO[39M]: GET /user/destinations/search?q=ort 304 - - 49.282 ms
29-04-2026 23:10:31 [[32MINFO[39M]: OPTIONS /user/destinations/search?q=o 204 0 - 1.382 ms
29-04-2026 23:10:31 [[32MINFO[39M]: GET /user/destinations/search?q=o 400 96 - 0.696 ms
29-04-2026 23:10:31 [[32MINFO[39M]: GET /user/destinations/search?q=or 304 - - 57.012 ms
29-04-2026 23:10:32 [[32MINFO[39M]: OPTIONS /user/destinations/search?q=c 204 0 - 0.946 ms
29-04-2026 23:10:32 [[32MINFO[39M]: GET /user/destinations/search?q=c 400 96 - 0.641 ms
29-04-2026 23:10:32 [[32MINFO[39M]: OPTIONS /user/destinations/search?q=co 204 0 - 0.282 ms
29-04-2026 23:10:32 [[32MINFO[39M]: GET /user/destinations/search?q=co 304 - - 46.685 ms
29-04-2026 23:10:32 [[32MINFO[39M]: OPTIONS /user/destinations/search?q=cok 204 0 - 0.144 ms
29-04-2026 23:10:32 [[32MINFO[39M]: GET /user/destinations/search?q=cok 304 - - 54.129 ms
29-04-2026 23:10:35 [[32MINFO[39M]: OPTIONS /user/flights/search?from=COK&to=LHR&departureDate=2026-04-30&passengers=1&tripType=one-way&page=1&limit=6 204 0 - 0.186 ms
29-04-2026 23:10:35 [[32MINFO[39M]: GET /user/flights/search?from=COK&to=LHR&departureDate=2026-04-30&passengers=1&tripType=one-way&page=1&limit=6 200 3551 - 95.923 ms
