01-01-2026 12:27:05 [[32MINFO[39M]: OPTIONS /auth/sign-in 204 0 - 2.388 ms
01-01-2026 12:27:05 [[31MERROR[39M]: [/auth/sign-in] The password you entered is incorrect. Please try again.: The password you entered is incorrect. Please try again.
Error: The password you entered is incorrect. Please try again.
    at SignInUseCase.<anonymous> (C:\Users\amrut\Desktop\airticketbooking\back-end\src\application\usecases\auth\signin-user.usecases.ts:75:13)
    at Generator.next (<anonymous>)
    at fulfilled (C:\Users\amrut\Desktop\airticketbooking\back-end\src\application\usecases\auth\signin-user.usecases.ts:17:58)
01-01-2026 12:27:06 [[32MINFO[39M]: POST /auth/sign-in 400 111 - 330.816 ms
01-01-2026 12:27:21 [[32MINFO[39M]: OPTIONS /auth/sign-in 204 0 - 0.273 ms
01-01-2026 12:27:22 [[31MERROR[39M]: [/auth/sign-in] The password you entered is incorrect. Please try again.: The password you entered is incorrect. Please try again.
Error: The password you entered is incorrect. Please try again.
    at SignInUseCase.<anonymous> (C:\Users\amrut\Desktop\airticketbooking\back-end\src\application\usecases\auth\signin-user.usecases.ts:75:13)
    at Generator.next (<anonymous>)
    at fulfilled (C:\Users\amrut\Desktop\airticketbooking\back-end\src\application\usecases\auth\signin-user.usecases.ts:17:58)
01-01-2026 12:27:22 [[32MINFO[39M]: POST /auth/sign-in 400 111 - 215.034 ms
01-01-2026 12:27:30 [[32MINFO[39M]: OPTIONS /auth/sign-in 204 0 - 0.257 ms
01-01-2026 12:27:30 [[31MERROR[39M]: [/auth/sign-in] We could not find an account associated with the provided email address.: We could not find an account associated with the provided email address.
Error: We could not find an account associated with the provided email address.
    at SignInUseCase.<anonymous> (C:\Users\amrut\Desktop\airticketbooking\back-end\src\application\usecases\auth\signin-user.usecases.ts:61:13)
    at Generator.next (<anonymous>)
    at fulfilled (C:\Users\amrut\Desktop\airticketbooking\back-end\src\application\usecases\auth\signin-user.usecases.ts:17:58)
    at processTicksAndRejections (node:internal/process/task_queues:105:5)
01-01-2026 12:27:30 [[32MINFO[39M]: POST /auth/sign-in 400 127 - 93.014 ms
01-01-2026 12:27:34 [[31MERROR[39M]: [/auth/sign-in] We could not find an account associated with the provided email address.: We could not find an account associated with the provided email address.
Error: We could not find an account associated with the provided email address.
    at SignInUseCase.<anonymous> (C:\Users\amrut\Desktop\airticketbooking\back-end\src\application\usecases\auth\signin-user.usecases.ts:61:13)
    at Generator.next (<anonymous>)
    at fulfilled (C:\Users\amrut\Desktop\airticketbooking\back-end\src\application\usecases\auth\signin-user.usecases.ts:17:58)
    at processTicksAndRejections (node:internal/process/task_queues:105:5)
01-01-2026 12:27:34 [[32MINFO[39M]: POST /auth/sign-in 400 127 - 97.218 ms
01-01-2026 12:28:30 [[32MINFO[39M]: OPTIONS /auth/sign-in 204 0 - 0.185 ms
01-01-2026 12:28:30 [[32MINFO[39M]: POST /auth/sign-in 200 642 - 188.284 ms
01-01-2026 12:28:31 [[32MINFO[39M]: OPTIONS /admin/flights/pending-approval 204 0 - 0.346 ms
01-01-2026 12:28:31 [[32MINFO[39M]: OPTIONS /admin/providers/pending 204 0 - 0.338 ms
01-01-2026 12:28:31 [[32MINFO[39M]: OPTIONS /admin/providers/pending 204 0 - 0.247 ms
01-01-2026 12:28:31 [[32MINFO[39M]: OPTIONS /admin/flights/pending-approval 204 0 - 0.212 ms
01-01-2026 12:28:31 [[32MINFO[39M]: GET /admin/flights/pending-approval 200 974 - 71.148 ms
01-01-2026 12:28:31 [[32MINFO[39M]: GET /admin/providers/pending 304 - - 67.482 ms
01-01-2026 12:28:31 [[32MINFO[39M]: GET /admin/flights/pending-approval 304 - - 45.973 ms
01-01-2026 12:28:31 [[32MINFO[39M]: GET /admin/providers/pending 304 - - 67.595 ms
01-01-2026 12:29:44 [[32MINFO[39M]: OPTIONS /admin/flights/pending-approval 204 0 - 0.303 ms
01-01-2026 12:29:44 [[32MINFO[39M]: OPTIONS /admin/providers/pending 204 0 - 0.320 ms
01-01-2026 12:29:44 [[32MINFO[39M]: OPTIONS /admin/flights/pending-approval 204 0 - 0.354 ms
01-01-2026 12:29:44 [[32MINFO[39M]: OPTIONS /admin/providers/pending 204 0 - 0.261 ms
01-01-2026 12:29:44 [[32MINFO[39M]: GET /admin/flights/pending-approval 304 - - 64.984 ms
01-01-2026 12:29:44 [[32MINFO[39M]: GET /admin/providers/pending 304 - - 47.746 ms
01-01-2026 12:29:44 [[32MINFO[39M]: GET /admin/flights/pending-approval 304 - - 48.285 ms
01-01-2026 12:29:44 [[32MINFO[39M]: GET /admin/providers/pending 304 - - 53.390 ms
01-01-2026 12:37:39 [[32MINFO[39M]: OPTIONS /admin/providers/pending 204 0 - 3.653 ms
01-01-2026 12:37:40 [[32MINFO[39M]: GET /admin/providers/pending 304 - - 762.975 ms
01-01-2026 12:37:40 [[32MINFO[39M]: GET /admin/providers/pending 304 - - 53.086 ms
01-01-2026 15:50:45 [[32MINFO[39M]: OPTIONS /auth/sign-in 204 0 - 2.256 ms
01-01-2026 15:50:45 [[32MINFO[39M]: POST /auth/sign-in 200 642 - 294.575 ms
01-01-2026 15:50:46 [[32MINFO[39M]: OPTIONS /admin/flights/pending-approval 204 0 - 0.304 ms
01-01-2026 15:50:46 [[32MINFO[39M]: OPTIONS /admin/providers/pending 204 0 - 0.294 ms
01-01-2026 15:50:46 [[32MINFO[39M]: OPTIONS /admin/flights/pending-approval 204 0 - 0.151 ms
01-01-2026 15:50:46 [[32MINFO[39M]: OPTIONS /admin/providers/pending 204 0 - 0.338 ms
01-01-2026 15:50:46 [[32MINFO[39M]: GET /admin/providers/pending 304 - - 97.938 ms
01-01-2026 15:50:46 [[32MINFO[39M]: GET /admin/flights/pending-approval 304 - - 118.889 ms
01-01-2026 15:50:46 [[32MINFO[39M]: GET /admin/providers/pending 304 - - 63.777 ms
01-01-2026 15:50:46 [[32MINFO[39M]: GET /admin/flights/pending-approval 304 - - 59.811 ms
01-01-2026 15:52:59 [[32MINFO[39M]: OPTIONS /admin/providers/pending 204 0 - 0.294 ms
01-01-2026 15:52:59 [[32MINFO[39M]: OPTIONS /admin/providers/pending 204 0 - 0.335 ms
01-01-2026 15:52:59 [[32MINFO[39M]: GET /admin/providers/pending 304 - - 48.039 ms
01-01-2026 15:52:59 [[32MINFO[39M]: GET /admin/providers/pending 304 - - 47.717 ms
01-01-2026 15:53:06 [[32MINFO[39M]: OPTIONS /admin/flights/pending-approval 204 0 - 0.318 ms
01-01-2026 15:53:06 [[32MINFO[39M]: OPTIONS /admin/providers/pending 204 0 - 0.283 ms
01-01-2026 15:53:06 [[32MINFO[39M]: OPTIONS /admin/flights/pending-approval 204 0 - 0.289 ms
01-01-2026 15:53:06 [[32MINFO[39M]: OPTIONS /admin/providers/pending 204 0 - 0.677 ms
01-01-2026 15:53:06 [[32MINFO[39M]: GET /admin/flights/pending-approval 304 - - 50.670 ms
01-01-2026 15:53:06 [[32MINFO[39M]: GET /admin/providers/pending 304 - - 59.175 ms
01-01-2026 15:53:06 [[32MINFO[39M]: GET /admin/flights/pending-approval 304 - - 57.624 ms
01-01-2026 15:53:06 [[32MINFO[39M]: GET /admin/providers/pending 304 - - 54.727 ms
01-01-2026 15:53:07 [[32MINFO[39M]: GET /admin/flights/pending-approval 304 - - 64.820 ms
01-01-2026 15:53:07 [[32MINFO[39M]: GET /admin/flights/pending-approval 304 - - 61.263 ms
01-01-2026 15:53:13 [[32MINFO[39M]: OPTIONS /admin/providers/pending 204 0 - 0.244 ms
01-01-2026 15:53:13 [[32MINFO[39M]: OPTIONS /admin/flights/pending-approval 204 0 - 0.246 ms
01-01-2026 15:53:13 [[32MINFO[39M]: OPTIONS /admin/flights/pending-approval 204 0 - 0.217 ms
01-01-2026 15:53:13 [[32MINFO[39M]: OPTIONS /admin/providers/pending 204 0 - 0.211 ms
01-01-2026 15:53:13 [[32MINFO[39M]: GET /admin/providers/pending 304 - - 52.602 ms
01-01-2026 15:53:13 [[32MINFO[39M]: GET /admin/flights/pending-approval 304 - - 48.596 ms
01-01-2026 15:53:13 [[32MINFO[39M]: GET /admin/providers/pending 304 - - 52.189 ms
01-01-2026 15:53:13 [[32MINFO[39M]: GET /admin/flights/pending-approval 304 - - 47.843 ms
01-01-2026 20:13:21 [[32MINFO[39M]: OPTIONS /auth/sign-in 204 0 - 5.660 ms
01-01-2026 20:13:22 [[32MINFO[39M]: POST /auth/sign-in 200 642 - 266.195 ms
01-01-2026 20:13:22 [[32MINFO[39M]: OPTIONS /admin/flights/pending-approval 204 0 - 0.416 ms
01-01-2026 20:13:22 [[32MINFO[39M]: OPTIONS /admin/providers/pending 204 0 - 0.543 ms
01-01-2026 20:13:22 [[32MINFO[39M]: OPTIONS /admin/flights/pending-approval 204 0 - 0.158 ms
01-01-2026 20:13:22 [[32MINFO[39M]: OPTIONS /admin/providers/pending 204 0 - 0.148 ms
01-01-2026 20:13:22 [[32MINFO[39M]: GET /admin/flights/pending-approval 304 - - 69.929 ms
01-01-2026 20:13:22 [[32MINFO[39M]: GET /admin/providers/pending 304 - - 63.631 ms
01-01-2026 20:13:22 [[32MINFO[39M]: GET /admin/flights/pending-approval 304 - - 67.144 ms
01-01-2026 20:13:22 [[32MINFO[39M]: GET /admin/providers/pending 304 - - 64.603 ms
01-01-2026 20:13:27 [[32MINFO[39M]: GET /admin/flights/pending-approval 304 - - 46.355 ms
01-01-2026 20:13:27 [[32MINFO[39M]: GET /admin/flights/pending-approval 304 - - 45.530 ms
01-01-2026 20:13:29 [[32MINFO[39M]: OPTIONS /admin/providers/pending 204 0 - 0.781 ms
01-01-2026 20:13:29 [[32MINFO[39M]: OPTIONS /admin/providers/pending 204 0 - 0.313 ms
01-01-2026 20:13:30 [[32MINFO[39M]: GET /admin/providers/pending 304 - - 50.072 ms
01-01-2026 20:13:30 [[32MINFO[39M]: GET /admin/providers/pending 304 - - 60.933 ms
01-01-2026 20:13:48 [[32MINFO[39M]: OPTIONS /admin/flights/pending-approval 204 0 - 0.280 ms
01-01-2026 20:13:48 [[32MINFO[39M]: OPTIONS /admin/flights/pending-approval 204 0 - 0.278 ms
01-01-2026 20:13:48 [[32MINFO[39M]: GET /admin/flights/pending-approval 304 - - 52.590 ms
01-01-2026 20:13:48 [[32MINFO[39M]: GET /admin/flights/pending-approval 304 - - 49.847 ms
01-01-2026 20:13:55 [[32MINFO[39M]: OPTIONS /admin/providers/pending 204 0 - 0.373 ms
01-01-2026 20:13:55 [[32MINFO[39M]: OPTIONS /admin/providers/pending 204 0 - 0.698 ms
01-01-2026 20:13:55 [[32MINFO[39M]: GET /admin/providers/pending 304 - - 74.215 ms
01-01-2026 20:13:56 [[32MINFO[39M]: GET /admin/providers/pending 304 - - 55.993 ms
01-01-2026 20:14:49 [[32MINFO[39M]: OPTIONS /admin/flights/pending-approval 204 0 - 0.300 ms
01-01-2026 20:14:49 [[32MINFO[39M]: OPTIONS /admin/flights/pending-approval 204 0 - 0.481 ms
01-01-2026 20:14:49 [[32MINFO[39M]: GET /admin/flights/pending-approval 304 - - 52.739 ms
01-01-2026 20:14:49 [[32MINFO[39M]: GET /admin/flights/pending-approval 304 - - 52.716 ms
01-01-2026 20:15:02 [[32MINFO[39M]: OPTIONS /admin/flights/pending-approval 204 0 - 0.649 ms
01-01-2026 20:15:02 [[32MINFO[39M]: OPTIONS /admin/providers/pending 204 0 - 0.407 ms
01-01-2026 20:15:02 [[32MINFO[39M]: OPTIONS /admin/flights/pending-approval 204 0 - 0.167 ms
01-01-2026 20:15:02 [[32MINFO[39M]: OPTIONS /admin/providers/pending 204 0 - 1.357 ms
01-01-2026 20:15:02 [[32MINFO[39M]: GET /admin/flights/pending-approval 304 - - 65.751 ms
01-01-2026 20:15:02 [[32MINFO[39M]: GET /admin/providers/pending 304 - - 73.674 ms
01-01-2026 20:15:02 [[32MINFO[39M]: GET /admin/flights/pending-approval 304 - - 58.812 ms
01-01-2026 20:15:02 [[32MINFO[39M]: GET /admin/providers/pending 304 - - 61.386 ms
01-01-2026 20:16:43 [[32MINFO[39M]: OPTIONS /admin/flights/pending-approval 204 0 - 15.193 ms
01-01-2026 20:16:43 [[32MINFO[39M]: OPTIONS /admin/flights/pending-approval 204 0 - 0.340 ms
01-01-2026 20:16:43 [[32MINFO[39M]: GET /admin/flights/pending-approval 304 - - 83.905 ms
01-01-2026 20:16:43 [[32MINFO[39M]: GET /admin/flights/pending-approval 304 - - 70.935 ms
01-01-2026 20:17:43 [[32MINFO[39M]: OPTIONS /admin/providers/pending 204 0 - 2.806 ms
01-01-2026 20:17:43 [[32MINFO[39M]: OPTIONS /admin/providers/pending 204 0 - 0.273 ms
01-01-2026 20:17:43 [[32MINFO[39M]: GET /admin/providers/pending 304 - - 108.685 ms
01-01-2026 20:17:43 [[32MINFO[39M]: GET /admin/providers/pending 304 - - 62.492 ms
01-01-2026 20:18:12 [[32MINFO[39M]: OPTIONS /admin/flights/pending-approval 204 0 - 0.456 ms
01-01-2026 20:18:12 [[32MINFO[39M]: OPTIONS /admin/flights/pending-approval 204 0 - 0.310 ms
01-01-2026 20:18:12 [[32MINFO[39M]: GET /admin/flights/pending-approval 304 - - 57.036 ms
01-01-2026 20:18:12 [[32MINFO[39M]: GET /admin/flights/pending-approval 304 - - 49.880 ms
01-01-2026 20:30:32 [[32MINFO[39M]: OPTIONS /admin/providers/pending 204 0 - 0.881 ms
01-01-2026 20:30:32 [[32MINFO[39M]: OPTIONS /admin/providers/pending 204 0 - 0.298 ms
01-01-2026 20:30:32 [[31MERROR[39M]: [/admin/providers/pending] No access token provided. Please include a valid access token in your request.: No access token provided. Please include a valid access token in your request.
Error: No access token provided. Please include a valid access token in your request.
    at C:\Users\amrut\Desktop\airticketbooking\back-end\src\presentation\middlewares\admin.middleware.ts:28:10
    at Generator.throw (<anonymous>)
    at rejected (C:\Users\amrut\Desktop\airticketbooking\back-end\src\presentation\middlewares\admin.middleware.ts:6:65)
    at processTicksAndRejections (node:internal/process/task_queues:105:5)
01-01-2026 20:30:32 [[32MINFO[39M]: GET /admin/providers/pending 401 133 - 110.121 ms
01-01-2026 20:30:32 [[31MERROR[39M]: [/admin/providers/pending] No access token provided. Please include a valid access token in your request.: No access token provided. Please include a valid access token in your request.
Error: No access token provided. Please include a valid access token in your request.
    at C:\Users\amrut\Desktop\airticketbooking\back-end\src\presentation\middlewares\admin.middleware.ts:28:10
    at Generator.throw (<anonymous>)
    at rejected (C:\Users\amrut\Desktop\airticketbooking\back-end\src\presentation\middlewares\admin.middleware.ts:6:65)
    at processTicksAndRejections (node:internal/process/task_queues:105:5)
01-01-2026 20:30:32 [[32MINFO[39M]: GET /admin/providers/pending 401 133 - 12.130 ms
01-01-2026 20:30:32 [[32MINFO[39M]: OPTIONS /auth/refresh-token 204 0 - 1.394 ms
01-01-2026 20:30:32 [[32MINFO[39M]: OPTIONS /auth/refresh-token 204 0 - 0.563 ms
01-01-2026 20:30:32 [[32MINFO[39M]: POST /auth/refresh-token 200 352 - 49.792 ms
01-01-2026 20:30:32 [[32MINFO[39M]: POST /auth/refresh-token 200 352 - 14.973 ms
01-01-2026 20:30:34 [[32MINFO[39M]: GET /admin/providers/pending 304 - - 2111.926 ms
01-01-2026 20:30:34 [[32MINFO[39M]: GET /admin/providers/pending 304 - - 58.766 ms
