17-04-2026 12:27:05 [[32MINFO[39M]: OPTIONS /auth/sign-in 204 0 - 3.633 ms
17-04-2026 12:27:05 [[32MINFO[39M]: POST /auth/sign-in 200 760 - 215.057 ms
17-04-2026 12:27:11 [[32MINFO[39M]: OPTIONS /user/destinations/search?q=d 204 0 - 0.268 ms
17-04-2026 12:27:11 [[32MINFO[39M]: GET /user/destinations/search?q=d 400 96 - 2.953 ms
17-04-2026 12:27:12 [[32MINFO[39M]: OPTIONS /user/destinations/search?q=dx 204 0 - 0.205 ms
17-04-2026 12:27:12 [[32MINFO[39M]: GET /user/destinations/search?q=dx 200 1025 - 88.909 ms
17-04-2026 12:27:12 [[32MINFO[39M]: OPTIONS /user/destinations/search?q=dxb 204 0 - 0.301 ms
17-04-2026 12:27:12 [[32MINFO[39M]: GET /user/destinations/search?q=dxb 200 325 - 55.464 ms
17-04-2026 12:27:15 [[32MINFO[39M]: OPTIONS /user/destinations/search?q=l 204 0 - 0.155 ms
17-04-2026 12:27:15 [[32MINFO[39M]: GET /user/destinations/search?q=l 400 96 - 1.235 ms
17-04-2026 12:27:15 [[32MINFO[39M]: OPTIONS /user/destinations/search?q=lo 204 0 - 0.352 ms
17-04-2026 12:27:15 [[32MINFO[39M]: GET /user/destinations/search?q=lo 200 5060 - 52.629 ms
17-04-2026 12:27:15 [[32MINFO[39M]: OPTIONS /user/destinations/search?q=lon 204 0 - 1.131 ms
17-04-2026 12:27:16 [[32MINFO[39M]: GET /user/destinations/search?q=lon 200 4984 - 47.391 ms
17-04-2026 12:27:16 [[32MINFO[39M]: OPTIONS /user/destinations/search?q=lond 204 0 - 0.298 ms
17-04-2026 12:27:16 [[32MINFO[39M]: GET /user/destinations/search?q=lond 200 2190 - 54.992 ms
17-04-2026 12:27:28 [[32MINFO[39M]: OPTIONS /user/flights/search?from=DXB&to=LHR&departureDate=2026-04-30&passengers=1&tripType=one-way 204 0 - 0.413 ms
17-04-2026 12:27:28 [[32MINFO[39M]: GET /user/flights/search?from=DXB&to=LHR&departureDate=2026-04-30&passengers=1&tripType=one-way 200 80 - 67.405 ms
17-04-2026 12:27:35 [[32MINFO[39M]: OPTIONS /user/destinations/search?q=London+Heathrow+Aiport+%28LHR%29 204 0 - 0.298 ms
17-04-2026 12:27:35 [[32MINFO[39M]: GET /user/destinations/search?q=London+Heathrow+Aiport+%28LHR%29 200 87 - 50.953 ms
17-04-2026 12:27:35 [[32MINFO[39M]: OPTIONS /user/destinations/search?q=London+Heathrow+Aport+%28LHR%29 204 0 - 0.127 ms
17-04-2026 12:27:35 [[32MINFO[39M]: OPTIONS /user/destinations/search?q=London+Heathrow+port+%28LHR%29 204 0 - 0.375 ms
17-04-2026 12:27:35 [[32MINFO[39M]: GET /user/destinations/search?q=London+Heathrow+Aport+%28LHR%29 200 87 - 54.699 ms
17-04-2026 12:27:35 [[32MINFO[39M]: OPTIONS /user/destinations/search?q=London+Heathrowport+%28LHR%29 204 0 - 0.572 ms
17-04-2026 12:27:35 [[32MINFO[39M]: GET /user/destinations/search?q=London+Heathrow+port+%28LHR%29 200 87 - 52.484 ms
17-04-2026 12:27:35 [[32MINFO[39M]: OPTIONS /user/destinations/search?q=London+Heathroport+%28LHR%29 204 0 - 0.131 ms
17-04-2026 12:27:35 [[32MINFO[39M]: GET /user/destinations/search?q=London+Heathrowport+%28LHR%29 200 87 - 52.090 ms
17-04-2026 12:27:35 [[32MINFO[39M]: OPTIONS /user/destinations/search?q=London+Heathrport+%28LHR%29 204 0 - 0.166 ms
17-04-2026 12:27:35 [[32MINFO[39M]: OPTIONS /user/destinations/search?q=London+Heathport+%28LHR%29 204 0 - 0.108 ms
17-04-2026 12:27:35 [[32MINFO[39M]: GET /user/destinations/search?q=London+Heathroport+%28LHR%29 200 87 - 50.761 ms
17-04-2026 12:27:35 [[32MINFO[39M]: GET /user/destinations/search?q=London+Heathrport+%28LHR%29 200 87 - 48.608 ms
17-04-2026 12:27:35 [[32MINFO[39M]: OPTIONS /user/destinations/search?q=London+Heatport+%28LHR%29 204 0 - 0.254 ms
17-04-2026 12:27:36 [[32MINFO[39M]: GET /user/destinations/search?q=London+Heathport+%28LHR%29 200 87 - 50.050 ms
17-04-2026 12:27:36 [[32MINFO[39M]: OPTIONS /user/destinations/search?q=London+Heaport+%28LHR%29 204 0 - 0.145 ms
17-04-2026 12:27:36 [[32MINFO[39M]: GET /user/destinations/search?q=London+Heatport+%28LHR%29 200 87 - 52.444 ms
17-04-2026 12:27:36 [[32MINFO[39M]: OPTIONS /user/destinations/search?q=London+Heport+%28LHR%29 204 0 - 0.276 ms
17-04-2026 12:27:36 [[32MINFO[39M]: GET /user/destinations/search?q=London+Heaport+%28LHR%29 200 87 - 46.645 ms
17-04-2026 12:27:36 [[32MINFO[39M]: OPTIONS /user/destinations/search?q=London+Hport+%28LHR%29 204 0 - 0.165 ms
17-04-2026 12:27:36 [[32MINFO[39M]: GET /user/destinations/search?q=London+Heport+%28LHR%29 200 87 - 47.885 ms
17-04-2026 12:27:36 [[32MINFO[39M]: OPTIONS /user/destinations/search?q=London+port+%28LHR%29 204 0 - 0.109 ms
17-04-2026 12:27:36 [[32MINFO[39M]: GET /user/destinations/search?q=London+Hport+%28LHR%29 200 87 - 50.745 ms
17-04-2026 12:27:36 [[32MINFO[39M]: OPTIONS /user/destinations/search?q=Londonport+%28LHR%29 204 0 - 0.300 ms
17-04-2026 12:27:36 [[32MINFO[39M]: GET /user/destinations/search?q=London+port+%28LHR%29 200 87 - 49.283 ms
17-04-2026 12:27:36 [[32MINFO[39M]: OPTIONS /user/destinations/search?q=Londoport+%28LHR%29 204 0 - 0.147 ms
17-04-2026 12:27:36 [[32MINFO[39M]: GET /user/destinations/search?q=Londonport+%28LHR%29 200 87 - 51.262 ms
17-04-2026 12:27:36 [[32MINFO[39M]: OPTIONS /user/destinations/search?q=Londport+%28LHR%29 204 0 - 0.429 ms
17-04-2026 12:27:36 [[32MINFO[39M]: GET /user/destinations/search?q=Londoport+%28LHR%29 200 87 - 50.172 ms
17-04-2026 12:27:36 [[32MINFO[39M]: OPTIONS /user/destinations/search?q=Lonport+%28LHR%29 204 0 - 0.134 ms
17-04-2026 12:27:36 [[32MINFO[39M]: GET /user/destinations/search?q=Londport+%28LHR%29 200 87 - 48.471 ms
17-04-2026 12:27:36 [[32MINFO[39M]: OPTIONS /user/destinations/search?q=Loport+%28LHR%29 204 0 - 0.236 ms
17-04-2026 12:27:36 [[32MINFO[39M]: GET /user/destinations/search?q=Lonport+%28LHR%29 200 87 - 49.216 ms
17-04-2026 12:27:36 [[32MINFO[39M]: OPTIONS /user/destinations/search?q=Lport+%28LHR%29 204 0 - 0.258 ms
17-04-2026 12:27:36 [[32MINFO[39M]: GET /user/destinations/search?q=Loport+%28LHR%29 200 87 - 49.277 ms
17-04-2026 12:27:36 [[32MINFO[39M]: OPTIONS /user/destinations/search?q=port+%28LHR%29 204 0 - 0.114 ms
17-04-2026 12:27:36 [[32MINFO[39M]: GET /user/destinations/search?q=Lport+%28LHR%29 200 87 - 48.702 ms
17-04-2026 12:27:36 [[32MINFO[39M]: GET /user/destinations/search?q=port+%28LHR%29 200 87 - 49.322 ms
17-04-2026 12:27:38 [[32MINFO[39M]: OPTIONS /user/destinations/search?q=port+%28LHR 204 0 - 1.210 ms
17-04-2026 12:27:38 [[32MINFO[39M]: GET /user/destinations/search?q=port+%28LHR 400 113 - 41.171 ms
17-04-2026 12:27:38 [[32MINFO[39M]: OPTIONS /user/destinations/search?q=port+%28LH 204 0 - 0.610 ms
17-04-2026 12:27:38 [[32MINFO[39M]: OPTIONS /user/destinations/search?q=port+%28L 204 0 - 0.115 ms
17-04-2026 12:27:38 [[32MINFO[39M]: GET /user/destinations/search?q=port+%28LH 400 113 - 44.805 ms
17-04-2026 12:27:38 [[32MINFO[39M]: OPTIONS /user/destinations/search?q=port+%28 204 0 - 0.188 ms
17-04-2026 12:27:38 [[32MINFO[39M]: GET /user/destinations/search?q=port+%28L 400 113 - 40.931 ms
17-04-2026 12:27:38 [[32MINFO[39M]: OPTIONS /user/destinations/search?q=port+ 204 0 - 0.210 ms
17-04-2026 12:27:38 [[32MINFO[39M]: GET /user/destinations/search?q=port+%28 400 113 - 43.789 ms
17-04-2026 12:27:38 [[32MINFO[39M]: OPTIONS /user/destinations/search?q=port 204 0 - 0.289 ms
17-04-2026 12:27:38 [[32MINFO[39M]: GET /user/destinations/search?q=port+ 200 4845 - 42.092 ms
17-04-2026 12:27:38 [[32MINFO[39M]: OPTIONS /user/destinations/search?q=por 204 0 - 0.154 ms
17-04-2026 12:27:38 [[32MINFO[39M]: GET /user/destinations/search?q=port 200 4845 - 53.873 ms
17-04-2026 12:27:38 [[32MINFO[39M]: OPTIONS /user/destinations/search?q=po 204 0 - 0.387 ms
17-04-2026 12:27:38 [[32MINFO[39M]: OPTIONS /user/destinations/search?q=p 204 0 - 0.169 ms
17-04-2026 12:27:38 [[32MINFO[39M]: GET /user/destinations/search?q=p 400 96 - 0.878 ms
17-04-2026 12:27:38 [[32MINFO[39M]: GET /user/destinations/search?q=por 200 4845 - 50.701 ms
17-04-2026 12:27:38 [[32MINFO[39M]: GET /user/destinations/search?q=po 200 4845 - 50.939 ms
17-04-2026 12:27:42 [[32MINFO[39M]: OPTIONS /user/destinations/search?q=c 204 0 - 1.970 ms
17-04-2026 12:27:42 [[32MINFO[39M]: GET /user/destinations/search?q=c 400 96 - 1.958 ms
17-04-2026 12:27:43 [[32MINFO[39M]: OPTIONS /user/destinations/search?q=co 204 0 - 0.345 ms
17-04-2026 12:27:43 [[32MINFO[39M]: GET /user/destinations/search?q=co 200 4973 - 46.103 ms
17-04-2026 12:27:43 [[32MINFO[39M]: OPTIONS /user/destinations/search?q=cok 204 0 - 0.142 ms
17-04-2026 12:27:43 [[32MINFO[39M]: GET /user/destinations/search?q=cok 200 320 - 53.057 ms
17-04-2026 12:27:46 [[32MINFO[39M]: OPTIONS /user/flights/search?from=DXB&to=COK&departureDate=2026-04-30&passengers=1&tripType=one-way 204 0 - 0.344 ms
17-04-2026 12:27:46 [[32MINFO[39M]: GET /user/flights/search?from=DXB&to=COK&departureDate=2026-04-30&passengers=1&tripType=one-way 200 1417 - 42.898 ms
17-04-2026 17:10:54 [[32MINFO[39M]: OPTIONS /auth/sign-in 204 0 - 3.574 ms
17-04-2026 17:10:54 [[32MINFO[39M]: POST /auth/sign-in 200 760 - 238.058 ms
17-04-2026 17:10:57 [[32MINFO[39M]: OPTIONS /user/destinations/search?q=d 204 0 - 0.429 ms
17-04-2026 17:10:57 [[32MINFO[39M]: GET /user/destinations/search?q=d 400 96 - 3.720 ms
17-04-2026 17:10:57 [[32MINFO[39M]: OPTIONS /user/destinations/search?q=dx 204 0 - 0.424 ms
17-04-2026 17:10:57 [[32MINFO[39M]: GET /user/destinations/search?q=dx 200 1025 - 98.062 ms
17-04-2026 17:10:57 [[32MINFO[39M]: OPTIONS /user/destinations/search?q=dxb 204 0 - 0.172 ms
17-04-2026 17:10:57 [[32MINFO[39M]: GET /user/destinations/search?q=dxb 200 325 - 61.784 ms
17-04-2026 17:10:58 [[32MINFO[39M]: GET /user/destinations/search?q=dx 304 - - 62.720 ms
17-04-2026 17:10:58 [[32MINFO[39M]: GET /user/destinations/search?q=d 400 96 - 1.708 ms
17-04-2026 17:11:00 [[32MINFO[39M]: GET /user/destinations/search?q=d 400 96 - 1.555 ms
17-04-2026 17:11:00 [[32MINFO[39M]: OPTIONS /user/destinations/search?q=du 204 0 - 0.267 ms
17-04-2026 17:11:00 [[32MINFO[39M]: GET /user/destinations/search?q=du 200 4986 - 54.671 ms
17-04-2026 17:11:00 [[32MINFO[39M]: OPTIONS /user/destinations/search?q=dub 204 0 - 0.580 ms
17-04-2026 17:11:00 [[32MINFO[39M]: GET /user/destinations/search?q=dub 200 1997 - 60.496 ms
17-04-2026 17:11:01 [[32MINFO[39M]: OPTIONS /user/destinations/search?q=duba 204 0 - 0.774 ms
17-04-2026 17:11:01 [[32MINFO[39M]: GET /user/destinations/search?q=duba 200 325 - 93.809 ms
17-04-2026 17:11:04 [[32MINFO[39M]: OPTIONS /user/destinations/search?q=l 204 0 - 0.315 ms
17-04-2026 17:11:04 [[32MINFO[39M]: GET /user/destinations/search?q=l 400 96 - 1.507 ms
17-04-2026 17:11:04 [[32MINFO[39M]: OPTIONS /user/destinations/search?q=lo 204 0 - 0.317 ms
17-04-2026 17:11:04 [[32MINFO[39M]: GET /user/destinations/search?q=lo 200 5060 - 54.745 ms
17-04-2026 17:11:04 [[32MINFO[39M]: OPTIONS /user/destinations/search?q=lon 204 0 - 0.278 ms
17-04-2026 17:11:04 [[32MINFO[39M]: GET /user/destinations/search?q=lon 200 4984 - 60.003 ms
17-04-2026 17:11:04 [[32MINFO[39M]: OPTIONS /user/destinations/search?q=lond 204 0 - 0.191 ms
17-04-2026 17:11:04 [[32MINFO[39M]: GET /user/destinations/search?q=lond 200 2190 - 59.728 ms
17-04-2026 17:11:05 [[32MINFO[39M]: OPTIONS /user/destinations/search?q=londo 204 0 - 0.164 ms
17-04-2026 17:11:05 [[32MINFO[39M]: GET /user/destinations/search?q=londo 200 1946 - 58.629 ms
17-04-2026 17:11:13 [[32MINFO[39M]: OPTIONS /user/flights/search?from=DXB&to=LHR&departureDate=2026-04-30&passengers=1&tripType=one-way 204 0 - 0.191 ms
17-04-2026 17:11:13 [[32MINFO[39M]: GET /user/flights/search?from=DXB&to=LHR&departureDate=2026-04-30&passengers=1&tripType=one-way 200 1417 - 64.445 ms
17-04-2026 17:25:45 [[32MINFO[39M]: OPTIONS /auth/sign-in 204 0 - 3.712 ms
17-04-2026 17:25:45 [[32MINFO[39M]: POST /auth/sign-in 200 760 - 254.731 ms
17-04-2026 17:25:49 [[32MINFO[39M]: OPTIONS /user/destinations/search?q=d 204 0 - 0.637 ms
17-04-2026 17:25:49 [[32MINFO[39M]: GET /user/destinations/search?q=d 400 96 - 2.325 ms
17-04-2026 17:25:50 [[32MINFO[39M]: OPTIONS /user/destinations/search?q=dx 204 0 - 0.345 ms
17-04-2026 17:25:50 [[32MINFO[39M]: GET /user/destinations/search?q=dx 304 - - 89.518 ms
17-04-2026 17:25:50 [[32MINFO[39M]: OPTIONS /user/destinations/search?q=dxb 204 0 - 0.211 ms
17-04-2026 17:25:50 [[32MINFO[39M]: GET /user/destinations/search?q=dxb 304 - - 57.398 ms
17-04-2026 17:25:54 [[32MINFO[39M]: OPTIONS /user/destinations/search?q=%3B 204 0 - 0.353 ms
17-04-2026 17:25:54 [[32MINFO[39M]: GET /user/destinations/search?q=%3B 400 96 - 1.679 ms
17-04-2026 17:25:54 [[32MINFO[39M]: OPTIONS /user/destinations/search?q=%3Bo 204 0 - 0.304 ms
17-04-2026 17:25:54 [[32MINFO[39M]: GET /user/destinations/search?q=%3Bo 200 87 - 57.011 ms
17-04-2026 17:25:54 [[32MINFO[39M]: OPTIONS /user/destinations/search?q=%3Bon 204 0 - 0.250 ms
17-04-2026 17:25:55 [[32MINFO[39M]: GET /user/destinations/search?q=%3Bon 200 87 - 58.811 ms
17-04-2026 17:25:55 [[32MINFO[39M]: OPTIONS /user/destinations/search?q=%3Bond 204 0 - 0.295 ms
17-04-2026 17:25:55 [[32MINFO[39M]: GET /user/destinations/search?q=%3Bond 200 87 - 61.939 ms
17-04-2026 17:25:56 [[32MINFO[39M]: OPTIONS /user/destinations/search?q=%3Bond%5C 204 0 - 0.699 ms
17-04-2026 17:25:56 [[32MINFO[39M]: GET /user/destinations/search?q=%3Bond%5C 400 106 - 50.317 ms
17-04-2026 17:25:56 [[32MINFO[39M]: GET /user/destinations/search?q=%3Bond 304 - - 55.806 ms
17-04-2026 17:25:56 [[32MINFO[39M]: GET /user/destinations/search?q=%3Bon 304 - - 57.896 ms
17-04-2026 17:25:57 [[32MINFO[39M]: GET /user/destinations/search?q=%3B 400 96 - 1.023 ms
17-04-2026 17:25:57 [[32MINFO[39M]: GET /user/destinations/search?q=%3Bo 304 - - 57.371 ms
17-04-2026 17:25:58 [[32MINFO[39M]: OPTIONS /user/destinations/search?q=l 204 0 - 0.269 ms
17-04-2026 17:25:58 [[32MINFO[39M]: GET /user/destinations/search?q=l 400 96 - 1.761 ms
17-04-2026 17:25:58 [[32MINFO[39M]: OPTIONS /user/destinations/search?q=lo 204 0 - 0.207 ms
17-04-2026 17:25:58 [[32MINFO[39M]: GET /user/destinations/search?q=lo 304 - - 57.575 ms
17-04-2026 17:25:58 [[32MINFO[39M]: OPTIONS /user/destinations/search?q=lon 204 0 - 0.213 ms
17-04-2026 17:25:59 [[32MINFO[39M]: GET /user/destinations/search?q=lon 304 - - 56.084 ms
17-04-2026 17:25:59 [[32MINFO[39M]: OPTIONS /user/destinations/search?q=lond 204 0 - 0.488 ms
17-04-2026 17:25:59 [[32MINFO[39M]: GET /user/destinations/search?q=lond 304 - - 59.824 ms
17-04-2026 17:26:08 [[32MINFO[39M]: OPTIONS /user/flights/search?from=DXB&to=LHR&departureDate=2026-04-30&passengers=1&tripType=one-way 204 0 - 0.141 ms
17-04-2026 17:26:09 [[32MINFO[39M]: GET /user/flights/search?from=DXB&to=LHR&departureDate=2026-04-30&passengers=1&tripType=one-way 304 - - 68.789 ms
17-04-2026 17:29:09 [[32MINFO[39M]: OPTIONS /auth/sign-in 204 0 - 9.500 ms
17-04-2026 17:29:09 [[32MINFO[39M]: POST /auth/sign-in 200 760 - 320.800 ms
17-04-2026 17:29:21 [[32MINFO[39M]: OPTIONS /user/destinations/search?q=d 204 0 - 0.185 ms
17-04-2026 17:29:21 [[32MINFO[39M]: GET /user/destinations/search?q=d 400 96 - 9.322 ms
17-04-2026 17:29:21 [[32MINFO[39M]: OPTIONS /user/destinations/search?q=dx 204 0 - 0.276 ms
17-04-2026 17:29:21 [[32MINFO[39M]: GET /user/destinations/search?q=dx 304 - - 134.937 ms
17-04-2026 17:29:21 [[32MINFO[39M]: OPTIONS /user/destinations/search?q=dxb 204 0 - 0.911 ms
17-04-2026 17:29:21 [[32MINFO[39M]: GET /user/destinations/search?q=dxb 304 - - 61.445 ms
17-04-2026 17:29:25 [[32MINFO[39M]: OPTIONS /user/destinations/search?q=l 204 0 - 0.266 ms
17-04-2026 17:29:25 [[32MINFO[39M]: GET /user/destinations/search?q=l 400 96 - 0.554 ms
17-04-2026 17:29:25 [[32MINFO[39M]: OPTIONS /user/destinations/search?q=lo 204 0 - 0.248 ms
17-04-2026 17:29:25 [[32MINFO[39M]: GET /user/destinations/search?q=lo 304 - - 61.632 ms
17-04-2026 17:29:25 [[32MINFO[39M]: OPTIONS /user/destinations/search?q=lon 204 0 - 0.261 ms
17-04-2026 17:29:25 [[32MINFO[39M]: GET /user/destinations/search?q=lon 304 - - 55.338 ms
17-04-2026 17:29:26 [[32MINFO[39M]: OPTIONS /user/destinations/search?q=lond 204 0 - 0.164 ms
17-04-2026 17:29:26 [[32MINFO[39M]: GET /user/destinations/search?q=lond 304 - - 56.353 ms
17-04-2026 17:29:29 [[32MINFO[39M]: OPTIONS /user/destinations/search?q=londo 204 0 - 0.253 ms
17-04-2026 17:29:29 [[32MINFO[39M]: GET /user/destinations/search?q=londo 304 - - 60.653 ms
17-04-2026 17:29:29 [[32MINFO[39M]: OPTIONS /user/destinations/search?q=london 204 0 - 0.379 ms
17-04-2026 17:29:29 [[32MINFO[39M]: GET /user/destinations/search?q=london 200 1946 - 58.946 ms
17-04-2026 17:29:35 [[32MINFO[39M]: OPTIONS /user/flights/search?from=DXB&to=LHR&departureDate=2026-04-30&passengers=1&tripType=one-way 204 0 - 0.720 ms
17-04-2026 17:29:35 [[32MINFO[39M]: GET /user/flights/search?from=DXB&to=LHR&departureDate=2026-04-30&passengers=1&tripType=one-way 304 - - 91.983 ms
17-04-2026 19:18:36 [[32MINFO[39M]: OPTIONS /auth/sign-in 204 0 - 2.957 ms
17-04-2026 19:18:37 [[32MINFO[39M]: POST /auth/sign-in 200 760 - 243.378 ms
17-04-2026 19:18:39 [[32MINFO[39M]: OPTIONS /user/destinations/search?q=d 204 0 - 0.436 ms
17-04-2026 19:18:39 [[32MINFO[39M]: GET /user/destinations/search?q=d 400 96 - 26.813 ms
17-04-2026 19:18:39 [[32MINFO[39M]: OPTIONS /user/destinations/search?q=dx 204 0 - 0.264 ms
17-04-2026 19:18:40 [[32MINFO[39M]: GET /user/destinations/search?q=dx 304 - - 70.030 ms
17-04-2026 19:18:40 [[32MINFO[39M]: OPTIONS /user/destinations/search?q=dxb 204 0 - 0.227 ms
17-04-2026 19:18:40 [[32MINFO[39M]: GET /user/destinations/search?q=dxb 304 - - 48.910 ms
17-04-2026 19:18:42 [[32MINFO[39M]: OPTIONS /user/destinations/search?q=l 204 0 - 0.329 ms
17-04-2026 19:18:42 [[32MINFO[39M]: GET /user/destinations/search?q=l 400 96 - 1.950 ms
17-04-2026 19:18:44 [[32MINFO[39M]: OPTIONS /user/destinations/search?q=ln 204 0 - 0.367 ms
17-04-2026 19:18:44 [[32MINFO[39M]: GET /user/destinations/search?q=ln 200 4968 - 62.628 ms
17-04-2026 19:18:44 [[32MINFO[39M]: OPTIONS /user/destinations/search?q=lnd 204 0 - 0.233 ms
17-04-2026 19:18:45 [[32MINFO[39M]: GET /user/destinations/search?q=lnd 200 87 - 68.158 ms
17-04-2026 19:18:46 [[32MINFO[39M]: GET /user/destinations/search?q=ln 304 - - 54.556 ms
17-04-2026 19:18:46 [[32MINFO[39M]: GET /user/destinations/search?q=l 400 96 - 1.513 ms
17-04-2026 19:18:47 [[32MINFO[39M]: OPTIONS /user/destinations/search?q=ld 204 0 - 0.233 ms
17-04-2026 19:18:47 [[32MINFO[39M]: GET /user/destinations/search?q=ld 200 4970 - 50.622 ms
17-04-2026 19:18:47 [[32MINFO[39M]: OPTIONS /user/destinations/search?q=ldn 204 0 - 0.327 ms
17-04-2026 19:18:47 [[32MINFO[39M]: GET /user/destinations/search?q=ldn 200 87 - 50.428 ms
17-04-2026 19:18:48 [[32MINFO[39M]: GET /user/destinations/search?q=ld 304 - - 48.147 ms
17-04-2026 19:18:49 [[32MINFO[39M]: OPTIONS /user/destinations/search?q=l 204 0 - 0.450 ms
17-04-2026 19:18:49 [[32MINFO[39M]: GET /user/destinations/search?q=l 400 96 - 1.051 ms
17-04-2026 19:18:50 [[32MINFO[39M]: GET /user/destinations/search?q=l 400 96 - 0.765 ms
17-04-2026 19:18:50 [[32MINFO[39M]: OPTIONS /user/destinations/search?q=lo 204 0 - 0.501 ms
17-04-2026 19:18:51 [[32MINFO[39M]: GET /user/destinations/search?q=lo 304 - - 44.126 ms
17-04-2026 19:18:51 [[32MINFO[39M]: OPTIONS /user/destinations/search?q=lon 204 0 - 0.182 ms
17-04-2026 19:18:51 [[32MINFO[39M]: GET /user/destinations/search?q=lon 304 - - 45.610 ms
17-04-2026 19:18:51 [[32MINFO[39M]: OPTIONS /user/destinations/search?q=lond 204 0 - 0.971 ms
17-04-2026 19:18:51 [[32MINFO[39M]: GET /user/destinations/search?q=lond 304 - - 52.916 ms
17-04-2026 19:18:51 [[32MINFO[39M]: OPTIONS /user/destinations/search?q=londo 204 0 - 0.605 ms
17-04-2026 19:18:51 [[32MINFO[39M]: GET /user/destinations/search?q=londo 304 - - 48.646 ms
17-04-2026 19:18:51 [[32MINFO[39M]: OPTIONS /user/destinations/search?q=london 204 0 - 0.242 ms
17-04-2026 19:18:51 [[32MINFO[39M]: GET /user/destinations/search?q=london 200 1946 - 49.847 ms
17-04-2026 19:18:58 [[32MINFO[39M]: OPTIONS /user/flights/search?from=DXB&to=LHR&departureDate=2026-04-30&passengers=1&tripType=one-way 204 0 - 0.293 ms
17-04-2026 19:18:58 [[32MINFO[39M]: GET /user/flights/search?from=DXB&to=LHR&departureDate=2026-04-30&passengers=1&tripType=one-way 304 - - 59.105 ms
17-04-2026 20:28:31 [[32MINFO[39M]: OPTIONS /auth/sign-in 204 0 - 3.564 ms
17-04-2026 20:28:31 [[32MINFO[39M]: POST /auth/sign-in 200 760 - 231.988 ms
17-04-2026 20:28:35 [[32MINFO[39M]: OPTIONS /user/destinations/search?q=d 204 0 - 0.384 ms
17-04-2026 20:28:35 [[32MINFO[39M]: GET /user/destinations/search?q=d 400 96 - 6.085 ms
17-04-2026 20:28:35 [[32MINFO[39M]: OPTIONS /user/destinations/search?q=dx 204 0 - 0.571 ms
17-04-2026 20:28:35 [[32MINFO[39M]: GET /user/destinations/search?q=dx 304 - - 94.331 ms
17-04-2026 20:28:36 [[32MINFO[39M]: OPTIONS /user/destinations/search?q=dxb 204 0 - 0.268 ms
17-04-2026 20:28:36 [[32MINFO[39M]: GET /user/destinations/search?q=dxb 304 - - 58.523 ms
17-04-2026 20:28:38 [[32MINFO[39M]: OPTIONS /user/destinations/search?q=l 204 0 - 0.517 ms
17-04-2026 20:28:38 [[32MINFO[39M]: GET /user/destinations/search?q=l 400 96 - 2.777 ms
17-04-2026 20:28:38 [[32MINFO[39M]: OPTIONS /user/destinations/search?q=lo 204 0 - 0.335 ms
17-04-2026 20:28:38 [[32MINFO[39M]: GET /user/destinations/search?q=lo 304 - - 56.884 ms
17-04-2026 20:28:38 [[32MINFO[39M]: OPTIONS /user/destinations/search?q=lon 204 0 - 0.458 ms
17-04-2026 20:28:38 [[32MINFO[39M]: GET /user/destinations/search?q=lon 304 - - 50.213 ms
17-04-2026 20:28:38 [[32MINFO[39M]: OPTIONS /user/destinations/search?q=lond 204 0 - 0.339 ms
17-04-2026 20:28:39 [[32MINFO[39M]: GET /user/destinations/search?q=lond 304 - - 53.799 ms
17-04-2026 20:28:39 [[32MINFO[39M]: OPTIONS /user/destinations/search?q=londo 204 0 - 0.690 ms
17-04-2026 20:28:39 [[32MINFO[39M]: OPTIONS /user/destinations/search?q=london 204 0 - 0.341 ms
17-04-2026 20:28:39 [[32MINFO[39M]: GET /user/destinations/search?q=londo 304 - - 104.088 ms
17-04-2026 20:28:39 [[32MINFO[39M]: GET /user/destinations/search?q=london 304 - - 67.509 ms
17-04-2026 20:28:46 [[32MINFO[39M]: OPTIONS /user/flights/search?from=DXB&to=LHR&departureDate=2026-04-30&passengers=1&tripType=one-way 204 0 - 0.395 ms
17-04-2026 20:28:46 [[32MINFO[39M]: GET /user/flights/search?from=DXB&to=LHR&departureDate=2026-04-30&passengers=1&tripType=one-way 304 - - 155.062 ms
17-04-2026 20:31:10 [[32MINFO[39M]: OPTIONS /auth/sign-in 204 0 - 10.091 ms
17-04-2026 20:31:11 [[32MINFO[39M]: POST /auth/sign-in 200 524 - 351.072 ms
17-04-2026 20:31:11 [[32MINFO[39M]: OPTIONS /admin/providers/pending 204 0 - 0.346 ms
17-04-2026 20:31:11 [[32MINFO[39M]: OPTIONS /admin/providers/pending 204 0 - 0.375 ms
17-04-2026 20:31:11 [[32MINFO[39M]: GET /admin/providers/pending 304 - - 106.695 ms
17-04-2026 20:31:11 [[32MINFO[39M]: GET /admin/providers/pending 304 - - 44.803 ms
17-04-2026 20:31:13 [[32MINFO[39M]: OPTIONS /admin/flights/pending-approval 204 0 - 0.468 ms
17-04-2026 20:31:13 [[32MINFO[39M]: OPTIONS /admin/flights/pending-approval 204 0 - 0.296 ms
17-04-2026 20:31:13 [[32MINFO[39M]: GET /admin/flights/pending-approval 200 919 - 167.209 ms
17-04-2026 20:31:13 [[32MINFO[39M]: GET /admin/flights/pending-approval 304 - - 100.242 ms
17-04-2026 20:31:18 [[32MINFO[39M]: OPTIONS /admin/flights/69e087bffde393dbb70f47d8/approval 204 0 - 0.247 ms
17-04-2026 20:31:18 [[32MINFO[39M]: PATCH /admin/flights/69e087bffde393dbb70f47d8/approval 200 1052 - 335.130 ms
17-04-2026 20:32:17 [[32MINFO[39M]: OPTIONS /auth/sign-in 204 0 - 0.221 ms
17-04-2026 20:32:17 [[32MINFO[39M]: POST /auth/sign-in 200 760 - 187.349 ms
17-04-2026 20:32:21 [[32MINFO[39M]: OPTIONS /user/destinations/search?q=d 204 0 - 0.357 ms
17-04-2026 20:32:21 [[32MINFO[39M]: GET /user/destinations/search?q=d 400 96 - 7.209 ms
17-04-2026 20:32:21 [[32MINFO[39M]: OPTIONS /user/destinations/search?q=dx 204 0 - 0.301 ms
17-04-2026 20:32:21 [[32MINFO[39M]: GET /user/destinations/search?q=dx 304 - - 70.802 ms
17-04-2026 20:32:21 [[32MINFO[39M]: OPTIONS /user/destinations/search?q=dxb 204 0 - 0.279 ms
17-04-2026 20:32:22 [[32MINFO[39M]: GET /user/destinations/search?q=dxb 304 - - 56.755 ms
17-04-2026 20:32:24 [[32MINFO[39M]: OPTIONS /user/destinations/search?q=l 204 0 - 0.274 ms
17-04-2026 20:32:24 [[32MINFO[39M]: GET /user/destinations/search?q=l 400 96 - 2.075 ms
17-04-2026 20:32:25 [[32MINFO[39M]: OPTIONS /user/destinations/search?q=lo 204 0 - 0.461 ms
17-04-2026 20:32:25 [[32MINFO[39M]: GET /user/destinations/search?q=lo 304 - - 50.997 ms
17-04-2026 20:32:25 [[32MINFO[39M]: OPTIONS /user/destinations/search?q=lon 204 0 - 0.361 ms
17-04-2026 20:32:25 [[32MINFO[39M]: GET /user/destinations/search?q=lon 304 - - 50.280 ms
17-04-2026 20:32:25 [[32MINFO[39M]: OPTIONS /user/destinations/search?q=lond 204 0 - 0.534 ms
17-04-2026 20:32:25 [[32MINFO[39M]: GET /user/destinations/search?q=lond 304 - - 54.997 ms
17-04-2026 20:32:25 [[32MINFO[39M]: OPTIONS /user/destinations/search?q=londn 204 0 - 0.310 ms
17-04-2026 20:32:25 [[32MINFO[39M]: GET /user/destinations/search?q=londn 200 87 - 55.882 ms
17-04-2026 20:32:26 [[32MINFO[39M]: GET /user/destinations/search?q=lond 304 - - 59.570 ms
17-04-2026 20:32:27 [[32MINFO[39M]: OPTIONS /user/destinations/search?q=londo 204 0 - 0.220 ms
17-04-2026 20:32:27 [[32MINFO[39M]: GET /user/destinations/search?q=londo 304 - - 54.519 ms
17-04-2026 20:32:27 [[32MINFO[39M]: OPTIONS /user/destinations/search?q=london 204 0 - 0.420 ms
17-04-2026 20:32:27 [[32MINFO[39M]: GET /user/destinations/search?q=london 304 - - 54.396 ms
17-04-2026 20:32:35 [[32MINFO[39M]: OPTIONS /user/flights/search?from=DXB&to=LHR&departureDate=2026-04-30&passengers=1&tripType=one-way 204 0 - 1.864 ms
17-04-2026 20:32:35 [[32MINFO[39M]: GET /user/flights/search?from=DXB&to=LHR&departureDate=2026-04-30&passengers=1&tripType=one-way 200 2089 - 69.663 ms
