08-01-2026 00:58:45 [[32MINFO[39M]: OPTIONS /auth/sign-in 204 0 - 17.494 ms
08-01-2026 00:58:45 [[32MINFO[39M]: POST /auth/sign-in 200 642 - 287.816 ms
08-01-2026 00:58:46 [[32MINFO[39M]: OPTIONS /admin/providers/pending 204 0 - 0.351 ms
08-01-2026 00:58:46 [[32MINFO[39M]: OPTIONS /admin/providers/pending 204 0 - 0.243 ms
08-01-2026 00:58:46 [[32MINFO[39M]: GET /admin/providers/pending 304 - - 68.010 ms
08-01-2026 00:58:46 [[32MINFO[39M]: GET /admin/providers/pending 304 - - 52.879 ms
08-01-2026 00:58:48 [[32MINFO[39M]: OPTIONS /admin/providers 204 0 - 2.277 ms
08-01-2026 00:58:48 [[32MINFO[39M]: OPTIONS /admin/providers 204 0 - 0.288 ms
08-01-2026 00:58:49 [[32MINFO[39M]: GET /admin/providers 200 1927 - 73.848 ms
08-01-2026 00:58:49 [[32MINFO[39M]: GET /admin/providers 304 - - 47.590 ms
08-01-2026 01:07:01 [[32MINFO[39M]: OPTIONS /auth/sign-in 204 0 - 10.172 ms
08-01-2026 01:07:01 [[32MINFO[39M]: POST /auth/sign-in 200 642 - 436.739 ms
08-01-2026 01:07:02 [[32MINFO[39M]: OPTIONS /admin/providers/pending 204 0 - 0.358 ms
08-01-2026 01:07:02 [[32MINFO[39M]: OPTIONS /admin/providers/pending 204 0 - 0.347 ms
08-01-2026 01:07:02 [[32MINFO[39M]: GET /admin/providers/pending 304 - - 134.420 ms
08-01-2026 01:07:02 [[32MINFO[39M]: GET /admin/providers/pending 304 - - 50.028 ms
08-01-2026 01:07:04 [[32MINFO[39M]: OPTIONS /admin/providers 204 0 - 1.340 ms
08-01-2026 01:07:04 [[32MINFO[39M]: OPTIONS /admin/providers 204 0 - 4.898 ms
08-01-2026 01:07:04 [[32MINFO[39M]: GET /admin/providers 304 - - 94.313 ms
08-01-2026 01:07:04 [[32MINFO[39M]: GET /admin/providers 304 - - 56.737 ms
08-01-2026 01:07:43 [[32MINFO[39M]: OPTIONS /admin/providers/pending 204 0 - 0.243 ms
08-01-2026 01:07:43 [[32MINFO[39M]: OPTIONS /admin/providers/pending 204 0 - 0.267 ms
08-01-2026 01:07:43 [[32MINFO[39M]: GET /admin/providers/pending 304 - - 56.967 ms
08-01-2026 01:07:44 [[32MINFO[39M]: GET /admin/providers/pending 304 - - 60.509 ms
08-01-2026 01:08:08 [[32MINFO[39M]: OPTIONS /auth/sign-in 204 0 - 0.249 ms
08-01-2026 01:08:09 [[32MINFO[39M]: POST /auth/sign-in 200 642 - 269.548 ms
08-01-2026 01:08:09 [[32MINFO[39M]: OPTIONS /admin/providers/pending 204 0 - 0.817 ms
08-01-2026 01:08:09 [[32MINFO[39M]: OPTIONS /admin/providers/pending 204 0 - 0.679 ms
08-01-2026 01:08:09 [[32MINFO[39M]: GET /admin/providers/pending 304 - - 75.742 ms
08-01-2026 01:08:09 [[32MINFO[39M]: GET /admin/providers/pending 304 - - 57.454 ms
08-01-2026 01:08:18 [[32MINFO[39M]: OPTIONS /admin/providers 204 0 - 0.262 ms
08-01-2026 01:08:18 [[32MINFO[39M]: OPTIONS /admin/providers 204 0 - 0.311 ms
08-01-2026 01:08:18 [[32MINFO[39M]: GET /admin/providers 304 - - 60.889 ms
08-01-2026 01:08:18 [[32MINFO[39M]: GET /admin/providers 304 - - 54.508 ms
08-01-2026 01:08:28 [[32MINFO[39M]: OPTIONS /admin/providers/pending 204 0 - 0.370 ms
08-01-2026 01:08:28 [[32MINFO[39M]: OPTIONS /admin/providers/pending 204 0 - 0.271 ms
08-01-2026 01:08:28 [[32MINFO[39M]: GET /admin/providers/pending 304 - - 69.606 ms
08-01-2026 01:08:28 [[32MINFO[39M]: GET /admin/providers/pending 304 - - 55.887 ms
08-01-2026 09:36:54 [[32MINFO[39M]: OPTIONS /auth/sign-in 204 0 - 3.503 ms
08-01-2026 09:36:54 [[32MINFO[39M]: POST /auth/sign-in 200 642 - 210.879 ms
08-01-2026 09:36:54 [[32MINFO[39M]: OPTIONS /admin/providers/pending 204 0 - 0.472 ms
08-01-2026 09:36:54 [[32MINFO[39M]: OPTIONS /admin/providers/pending 204 0 - 0.514 ms
08-01-2026 09:36:55 [[32MINFO[39M]: GET /admin/providers/pending 304 - - 78.392 ms
08-01-2026 09:36:55 [[32MINFO[39M]: GET /admin/providers/pending 304 - - 53.916 ms
08-01-2026 09:36:56 [[32MINFO[39M]: OPTIONS /admin/providers 204 0 - 1.520 ms
08-01-2026 09:36:56 [[32MINFO[39M]: OPTIONS /admin/providers 204 0 - 0.511 ms
08-01-2026 09:36:56 [[32MINFO[39M]: GET /admin/providers 304 - - 58.552 ms
08-01-2026 09:36:56 [[32MINFO[39M]: GET /admin/providers 304 - - 46.076 ms
08-01-2026 09:42:42 [[32MINFO[39M]: OPTIONS /auth/sign-in 204 0 - 2.983 ms
08-01-2026 09:42:42 [[32MINFO[39M]: POST /auth/sign-in 200 642 - 194.071 ms
08-01-2026 09:42:43 [[32MINFO[39M]: OPTIONS /admin/providers/pending 204 0 - 0.338 ms
08-01-2026 09:42:43 [[32MINFO[39M]: OPTIONS /admin/providers/pending 204 0 - 0.621 ms
08-01-2026 09:42:43 [[32MINFO[39M]: GET /admin/providers/pending 304 - - 61.446 ms
08-01-2026 09:42:43 [[32MINFO[39M]: GET /admin/providers/pending 304 - - 55.724 ms
08-01-2026 09:42:45 [[32MINFO[39M]: OPTIONS /admin/providers 204 0 - 0.424 ms
08-01-2026 09:42:45 [[32MINFO[39M]: OPTIONS /admin/providers 204 0 - 0.202 ms
08-01-2026 09:42:46 [[32MINFO[39M]: GET /admin/providers 304 - - 74.197 ms
08-01-2026 09:42:46 [[32MINFO[39M]: GET /admin/providers 304 - - 52.154 ms
08-01-2026 09:51:16 [[32MINFO[39M]: OPTIONS /admin/providers/pending 204 0 - 16.115 ms
08-01-2026 09:51:16 [[32MINFO[39M]: OPTIONS /admin/providers/pending 204 0 - 0.303 ms
08-01-2026 09:51:17 [[32MINFO[39M]: GET /admin/providers/pending 304 - - 300.922 ms
08-01-2026 09:51:17 [[32MINFO[39M]: GET /admin/providers/pending 304 - - 120.067 ms
08-01-2026 09:51:21 [[32MINFO[39M]: GET /admin/providers/pending 304 - - 64.314 ms
08-01-2026 09:51:21 [[32MINFO[39M]: GET /admin/providers/pending 304 - - 53.486 ms
08-01-2026 09:52:55 [[32MINFO[39M]: OPTIONS /auth/sign-in 204 0 - 2.960 ms
08-01-2026 09:52:56 [[32MINFO[39M]: POST /auth/sign-in 200 642 - 198.068 ms
08-01-2026 09:52:56 [[32MINFO[39M]: OPTIONS /admin/providers/pending 204 0 - 0.391 ms
08-01-2026 09:52:56 [[32MINFO[39M]: OPTIONS /admin/providers/pending 204 0 - 1.309 ms
08-01-2026 09:52:56 [[32MINFO[39M]: GET /admin/providers/pending 304 - - 74.485 ms
08-01-2026 09:52:56 [[32MINFO[39M]: GET /admin/providers/pending 304 - - 61.482 ms
08-01-2026 09:52:58 [[32MINFO[39M]: OPTIONS /admin/providers 204 0 - 0.589 ms
08-01-2026 09:52:58 [[32MINFO[39M]: OPTIONS /admin/providers 204 0 - 0.265 ms
08-01-2026 09:52:58 [[32MINFO[39M]: GET /admin/providers 304 - - 87.534 ms
08-01-2026 09:52:58 [[32MINFO[39M]: GET /admin/providers 304 - - 69.328 ms
08-01-2026 10:07:49 [[32MINFO[39M]: OPTIONS /admin/providers/pending 204 0 - 27.669 ms
08-01-2026 10:07:49 [[32MINFO[39M]: OPTIONS /admin/providers/pending 204 0 - 0.402 ms
08-01-2026 10:07:50 [[31MERROR[39M]: [/admin/providers/pending] No access token provided. Please include a valid access token in your request.: No access token provided. Please include a valid access token in your request.
Error: No access token provided. Please include a valid access token in your request.
    at C:\Users\amrut\Desktop\airticketbooking\back-end\src\presentation\middlewares\admin.middleware.ts:28:10
    at Generator.throw (<anonymous>)
    at rejected (C:\Users\amrut\Desktop\airticketbooking\back-end\src\presentation\middlewares\admin.middleware.ts:6:65)
    at processTicksAndRejections (node:internal/process/task_queues:105:5)
08-01-2026 10:07:50 [[32MINFO[39M]: GET /admin/providers/pending 401 133 - 388.323 ms
08-01-2026 10:07:50 [[31MERROR[39M]: [/admin/providers/pending] No access token provided. Please include a valid access token in your request.: No access token provided. Please include a valid access token in your request.
Error: No access token provided. Please include a valid access token in your request.
    at C:\Users\amrut\Desktop\airticketbooking\back-end\src\presentation\middlewares\admin.middleware.ts:28:10
    at Generator.throw (<anonymous>)
    at rejected (C:\Users\amrut\Desktop\airticketbooking\back-end\src\presentation\middlewares\admin.middleware.ts:6:65)
    at processTicksAndRejections (node:internal/process/task_queues:105:5)
08-01-2026 10:07:50 [[32MINFO[39M]: GET /admin/providers/pending 401 133 - 6.329 ms
08-01-2026 10:07:50 [[32MINFO[39M]: OPTIONS /auth/refresh-token 204 0 - 0.445 ms
08-01-2026 10:07:50 [[32MINFO[39M]: POST /auth/refresh-token 200 352 - 38.699 ms
08-01-2026 10:07:50 [[32MINFO[39M]: POST /auth/refresh-token 200 352 - 9.388 ms
08-01-2026 10:07:51 [[32MINFO[39M]: GET /admin/providers/pending 304 - - 686.939 ms
08-01-2026 10:07:51 [[32MINFO[39M]: GET /admin/providers/pending 304 - - 62.544 ms
08-01-2026 10:08:03 [[32MINFO[39M]: OPTIONS /admin/providers/pending 204 0 - 0.557 ms
08-01-2026 10:08:03 [[32MINFO[39M]: OPTIONS /admin/providers/pending 204 0 - 0.137 ms
08-01-2026 10:08:03 [[32MINFO[39M]: GET /admin/providers/pending 304 - - 48.943 ms
08-01-2026 10:08:03 [[32MINFO[39M]: GET /admin/providers/pending 304 - - 49.628 ms
08-01-2026 10:36:14 [[32MINFO[39M]: OPTIONS /auth/sign-in 204 0 - 2.626 ms
08-01-2026 10:36:14 [[32MINFO[39M]: POST /auth/sign-in 200 642 - 324.782 ms
08-01-2026 10:36:15 [[32MINFO[39M]: OPTIONS /admin/providers/pending 204 0 - 1.523 ms
08-01-2026 10:36:15 [[32MINFO[39M]: OPTIONS /admin/providers/pending 204 0 - 0.304 ms
08-01-2026 10:36:15 [[32MINFO[39M]: GET /admin/providers/pending 304 - - 124.677 ms
08-01-2026 10:36:15 [[32MINFO[39M]: GET /admin/providers/pending 304 - - 49.334 ms
08-01-2026 10:36:16 [[32MINFO[39M]: OPTIONS /admin/providers 204 0 - 0.300 ms
08-01-2026 10:36:16 [[32MINFO[39M]: OPTIONS /admin/providers 204 0 - 0.356 ms
08-01-2026 10:36:16 [[32MINFO[39M]: GET /admin/providers 304 - - 79.485 ms
08-01-2026 10:36:16 [[32MINFO[39M]: GET /admin/providers 304 - - 67.964 ms
08-01-2026 10:44:49 [[32MINFO[39M]: OPTIONS /admin/providers 204 0 - 13.670 ms
08-01-2026 10:44:49 [[32MINFO[39M]: GET /admin/providers 304 - - 241.804 ms
08-01-2026 10:49:56 [[32MINFO[39M]: OPTIONS /admin/providers/pending 204 0 - 12.530 ms
08-01-2026 10:49:56 [[32MINFO[39M]: OPTIONS /admin/providers/pending 204 0 - 0.336 ms
08-01-2026 10:49:57 [[31MERROR[39M]: [/admin/providers/pending] No access token provided. Please include a valid access token in your request.: No access token provided. Please include a valid access token in your request.
Error: No access token provided. Please include a valid access token in your request.
    at C:\Users\amrut\Desktop\airticketbooking\back-end\src\presentation\middlewares\admin.middleware.ts:28:10
    at Generator.throw (<anonymous>)
    at rejected (C:\Users\amrut\Desktop\airticketbooking\back-end\src\presentation\middlewares\admin.middleware.ts:6:65)
    at processTicksAndRejections (node:internal/process/task_queues:105:5)
08-01-2026 10:49:57 [[32MINFO[39M]: GET /admin/providers/pending 401 133 - 242.476 ms
08-01-2026 10:49:57 [[31MERROR[39M]: [/admin/providers/pending] No access token provided. Please include a valid access token in your request.: No access token provided. Please include a valid access token in your request.
Error: No access token provided. Please include a valid access token in your request.
    at C:\Users\amrut\Desktop\airticketbooking\back-end\src\presentation\middlewares\admin.middleware.ts:28:10
    at Generator.throw (<anonymous>)
    at rejected (C:\Users\amrut\Desktop\airticketbooking\back-end\src\presentation\middlewares\admin.middleware.ts:6:65)
    at processTicksAndRejections (node:internal/process/task_queues:105:5)
08-01-2026 10:49:57 [[32MINFO[39M]: GET /admin/providers/pending 401 133 - 9.364 ms
08-01-2026 10:49:57 [[32MINFO[39M]: OPTIONS /auth/refresh-token 204 0 - 0.319 ms
08-01-2026 10:49:57 [[32MINFO[39M]: OPTIONS /auth/refresh-token 204 0 - 0.625 ms
08-01-2026 10:49:57 [[32MINFO[39M]: POST /auth/refresh-token 200 352 - 37.106 ms
08-01-2026 10:49:57 [[32MINFO[39M]: POST /auth/refresh-token 200 352 - 12.599 ms
08-01-2026 10:49:57 [[32MINFO[39M]: GET /admin/providers/pending 304 - - 147.808 ms
08-01-2026 10:49:57 [[32MINFO[39M]: GET /admin/providers/pending 304 - - 124.533 ms
08-01-2026 10:50:10 [[32MINFO[39M]: OPTIONS /auth/sign-in 204 0 - 4.548 ms
08-01-2026 10:50:10 [[32MINFO[39M]: POST /auth/sign-in 200 642 - 281.280 ms
08-01-2026 10:50:11 [[32MINFO[39M]: OPTIONS /admin/providers/pending 204 0 - 0.650 ms
08-01-2026 10:50:11 [[32MINFO[39M]: OPTIONS /admin/providers/pending 204 0 - 0.528 ms
08-01-2026 10:50:11 [[32MINFO[39M]: GET /admin/providers/pending 304 - - 68.543 ms
08-01-2026 10:50:11 [[32MINFO[39M]: GET /admin/providers/pending 304 - - 54.528 ms
08-01-2026 10:50:12 [[32MINFO[39M]: OPTIONS /admin/providers 204 0 - 0.318 ms
08-01-2026 10:50:12 [[32MINFO[39M]: OPTIONS /admin/providers 204 0 - 0.233 ms
08-01-2026 10:50:12 [[32MINFO[39M]: GET /admin/providers 304 - - 78.894 ms
08-01-2026 10:50:13 [[32MINFO[39M]: GET /admin/providers 304 - - 61.789 ms
08-01-2026 10:51:06 [[32MINFO[39M]: OPTIONS /admin/providers/69581a24bf7a1bf3a2289e61/status 204 0 - 0.361 ms
08-01-2026 10:51:06 [[32MINFO[39M]: PUT /admin/providers/69581a24bf7a1bf3a2289e61/status 404 82 - 13.030 ms
08-01-2026 10:57:16 [[32MINFO[39M]: OPTIONS /admin/providers 204 0 - 0.666 ms
08-01-2026 10:57:16 [[32MINFO[39M]: GET /admin/providers 304 - - 74.846 ms
08-01-2026 10:58:54 [[32MINFO[39M]: OPTIONS /admin/providers/pending 204 0 - 0.262 ms
08-01-2026 10:58:54 [[32MINFO[39M]: OPTIONS /admin/providers/pending 204 0 - 0.351 ms
08-01-2026 10:58:54 [[32MINFO[39M]: GET /admin/providers/pending 304 - - 72.785 ms
08-01-2026 10:58:54 [[32MINFO[39M]: GET /admin/providers/pending 304 - - 51.691 ms
08-01-2026 10:59:11 [[32MINFO[39M]: OPTIONS /auth/sign-in 204 0 - 0.371 ms
08-01-2026 10:59:11 [[32MINFO[39M]: POST /auth/sign-in 200 642 - 229.196 ms
08-01-2026 10:59:12 [[32MINFO[39M]: OPTIONS /admin/providers/pending 204 0 - 0.248 ms
08-01-2026 10:59:12 [[32MINFO[39M]: OPTIONS /admin/providers/pending 204 0 - 0.285 ms
08-01-2026 10:59:12 [[32MINFO[39M]: GET /admin/providers/pending 304 - - 68.171 ms
08-01-2026 10:59:12 [[32MINFO[39M]: GET /admin/providers/pending 304 - - 83.065 ms
08-01-2026 10:59:15 [[32MINFO[39M]: OPTIONS /admin/providers 204 0 - 0.968 ms
08-01-2026 10:59:15 [[32MINFO[39M]: OPTIONS /admin/providers 204 0 - 6.243 ms
08-01-2026 10:59:15 [[32MINFO[39M]: GET /admin/providers 304 - - 89.985 ms
08-01-2026 10:59:15 [[32MINFO[39M]: GET /admin/providers 304 - - 149.806 ms
08-01-2026 10:59:54 [[32MINFO[39M]: OPTIONS /admin/providers/pending 204 0 - 0.180 ms
08-01-2026 10:59:54 [[32MINFO[39M]: OPTIONS /admin/providers/pending 204 0 - 0.190 ms
08-01-2026 10:59:54 [[32MINFO[39M]: GET /admin/providers/pending 304 - - 56.865 ms
08-01-2026 10:59:54 [[32MINFO[39M]: GET /admin/providers/pending 304 - - 46.783 ms
08-01-2026 11:41:58 [[32MINFO[39M]: OPTIONS /auth/sign-in 204 0 - 2.667 ms
08-01-2026 11:41:58 [[32MINFO[39M]: POST /auth/sign-in 200 642 - 281.537 ms
08-01-2026 11:41:59 [[32MINFO[39M]: OPTIONS /admin/providers/pending 204 0 - 0.414 ms
08-01-2026 11:41:59 [[32MINFO[39M]: OPTIONS /admin/providers/pending 204 0 - 0.413 ms
08-01-2026 11:41:59 [[32MINFO[39M]: GET /admin/providers/pending 304 - - 98.651 ms
08-01-2026 11:41:59 [[32MINFO[39M]: GET /admin/providers/pending 304 - - 70.378 ms
08-01-2026 11:42:01 [[32MINFO[39M]: OPTIONS /admin/providers 204 0 - 0.575 ms
08-01-2026 11:42:01 [[32MINFO[39M]: OPTIONS /admin/providers 204 0 - 0.321 ms
08-01-2026 11:42:01 [[32MINFO[39M]: GET /admin/providers 304 - - 109.555 ms
08-01-2026 11:42:01 [[32MINFO[39M]: GET /admin/providers 304 - - 134.769 ms
08-01-2026 11:45:01 [[32MINFO[39M]: OPTIONS /admin/flights/pending-approval 204 0 - 0.498 ms
08-01-2026 11:45:01 [[32MINFO[39M]: OPTIONS /admin/flights/pending-approval 204 0 - 0.342 ms
08-01-2026 11:45:02 [[32MINFO[39M]: GET /admin/flights/pending-approval 200 1070 - 90.128 ms
08-01-2026 11:45:02 [[32MINFO[39M]: GET /admin/flights/pending-approval 304 - - 62.272 ms
08-01-2026 11:45:11 [[32MINFO[39M]: OPTIONS /admin/providers 204 0 - 0.415 ms
08-01-2026 11:45:11 [[32MINFO[39M]: OPTIONS /admin/providers 204 0 - 0.494 ms
08-01-2026 11:45:11 [[32MINFO[39M]: GET /admin/providers 304 - - 71.956 ms
08-01-2026 11:45:11 [[32MINFO[39M]: GET /admin/providers 304 - - 73.409 ms
08-01-2026 11:46:03 [[32MINFO[39M]: OPTIONS /admin/providers/69581a24bf7a1bf3a2289e61/status 204 0 - 0.253 ms
08-01-2026 11:46:03 [[32MINFO[39M]: PUT /admin/providers/69581a24bf7a1bf3a2289e61/status 404 82 - 8.157 ms
08-01-2026 11:57:17 [[32MINFO[39M]: OPTIONS /auth/sign-in 204 0 - 6.544 ms
08-01-2026 11:57:17 [[32MINFO[39M]: POST /auth/sign-in 200 642 - 302.240 ms
08-01-2026 11:57:18 [[32MINFO[39M]: OPTIONS /admin/providers/pending 204 0 - 0.365 ms
08-01-2026 11:57:18 [[32MINFO[39M]: OPTIONS /admin/providers/pending 204 0 - 0.365 ms
08-01-2026 11:57:18 [[32MINFO[39M]: GET /admin/providers/pending 304 - - 115.603 ms
08-01-2026 11:57:18 [[32MINFO[39M]: GET /admin/providers/pending 304 - - 62.223 ms
08-01-2026 11:57:20 [[32MINFO[39M]: OPTIONS /admin/providers 204 0 - 0.275 ms
08-01-2026 11:57:20 [[32MINFO[39M]: OPTIONS /admin/providers 204 0 - 0.240 ms
08-01-2026 11:57:20 [[32MINFO[39M]: GET /admin/providers 304 - - 110.258 ms
08-01-2026 11:57:20 [[32MINFO[39M]: GET /admin/providers 304 - - 87.591 ms
08-01-2026 12:08:22 [[32MINFO[39M]: OPTIONS /admin/providers/pending 204 0 - 40.025 ms
08-01-2026 12:08:22 [[32MINFO[39M]: OPTIONS /admin/providers/pending 204 0 - 0.696 ms
08-01-2026 12:08:22 [[31MERROR[39M]: [/admin/providers/pending] No access token provided. Please include a valid access token in your request.: No access token provided. Please include a valid access token in your request.
Error: No access token provided. Please include a valid access token in your request.
    at C:\Users\amrut\Desktop\airticketbooking\back-end\src\presentation\middlewares\admin.middleware.ts:28:10
    at Generator.throw (<anonymous>)
    at rejected (C:\Users\amrut\Desktop\airticketbooking\back-end\src\presentation\middlewares\admin.middleware.ts:6:65)
    at processTicksAndRejections (node:internal/process/task_queues:105:5)
08-01-2026 12:08:22 [[32MINFO[39M]: GET /admin/providers/pending 401 133 - 337.986 ms
08-01-2026 12:08:22 [[31MERROR[39M]: [/admin/providers/pending] No access token provided. Please include a valid access token in your request.: No access token provided. Please include a valid access token in your request.
Error: No access token provided. Please include a valid access token in your request.
    at C:\Users\amrut\Desktop\airticketbooking\back-end\src\presentation\middlewares\admin.middleware.ts:28:10
    at Generator.throw (<anonymous>)
    at rejected (C:\Users\amrut\Desktop\airticketbooking\back-end\src\presentation\middlewares\admin.middleware.ts:6:65)
    at processTicksAndRejections (node:internal/process/task_queues:105:5)
08-01-2026 12:08:22 [[32MINFO[39M]: GET /admin/providers/pending 401 133 - 76.001 ms
08-01-2026 12:08:26 [[32MINFO[39M]: OPTIONS /auth/refresh-token 204 0 - 0.465 ms
08-01-2026 12:08:26 [[32MINFO[39M]: OPTIONS /auth/refresh-token 204 0 - 0.637 ms
08-01-2026 12:08:26 [[32MINFO[39M]: POST /auth/refresh-token 200 352 - 49.326 ms
08-01-2026 12:08:26 [[32MINFO[39M]: POST /auth/refresh-token 200 352 - 5.697 ms
08-01-2026 12:08:27 [[32MINFO[39M]: GET /admin/providers/pending 304 - - 665.403 ms
08-01-2026 12:08:27 [[32MINFO[39M]: GET /admin/providers/pending 304 - - 184.538 ms
08-01-2026 12:12:33 [[32MINFO[39M]: OPTIONS /auth/sign-in 204 0 - 10.854 ms
08-01-2026 12:12:34 [[32MINFO[39M]: POST /auth/sign-in 200 642 - 323.536 ms
08-01-2026 12:12:34 [[32MINFO[39M]: OPTIONS /admin/providers/pending 204 0 - 0.203 ms
08-01-2026 12:12:34 [[32MINFO[39M]: OPTIONS /admin/providers/pending 204 0 - 0.224 ms
08-01-2026 12:12:34 [[32MINFO[39M]: GET /admin/providers/pending 304 - - 93.268 ms
08-01-2026 12:12:34 [[32MINFO[39M]: GET /admin/providers/pending 304 - - 64.790 ms
08-01-2026 12:12:48 [[32MINFO[39M]: OPTIONS /admin/providers 204 0 - 0.345 ms
08-01-2026 12:12:48 [[32MINFO[39M]: OPTIONS /admin/providers 204 0 - 0.271 ms
08-01-2026 12:12:48 [[32MINFO[39M]: GET /admin/providers 304 - - 120.437 ms
08-01-2026 12:12:48 [[32MINFO[39M]: GET /admin/providers 304 - - 65.368 ms
08-01-2026 12:15:48 [[32MINFO[39M]: OPTIONS /admin/providers/pending 204 0 - 10.575 ms
08-01-2026 12:15:48 [[32MINFO[39M]: OPTIONS /admin/providers/pending 204 0 - 0.267 ms
08-01-2026 12:15:48 [[32MINFO[39M]: GET /admin/providers/pending 304 - - 142.670 ms
08-01-2026 12:15:48 [[32MINFO[39M]: GET /admin/providers/pending 304 - - 75.240 ms
08-01-2026 12:15:51 [[32MINFO[39M]: OPTIONS /admin/providers 204 0 - 0.288 ms
08-01-2026 12:15:51 [[32MINFO[39M]: OPTIONS /admin/providers 204 0 - 0.207 ms
08-01-2026 12:15:52 [[32MINFO[39M]: GET /admin/providers 304 - - 82.237 ms
08-01-2026 12:15:52 [[32MINFO[39M]: GET /admin/providers 304 - - 64.498 ms
08-01-2026 12:21:39 [[32MINFO[39M]: OPTIONS /admin/providers/pending 204 0 - 1.551 ms
08-01-2026 12:21:39 [[32MINFO[39M]: OPTIONS /admin/providers/pending 204 0 - 0.189 ms
08-01-2026 12:21:39 [[32MINFO[39M]: GET /admin/providers/pending 304 - - 82.320 ms
08-01-2026 12:21:40 [[32MINFO[39M]: GET /admin/providers/pending 304 - - 53.034 ms
08-01-2026 12:21:52 [[32MINFO[39M]: OPTIONS /auth/sign-in 204 0 - 0.312 ms
08-01-2026 12:21:53 [[32MINFO[39M]: POST /auth/sign-in 200 642 - 258.516 ms
08-01-2026 12:21:53 [[32MINFO[39M]: OPTIONS /admin/providers/pending 204 0 - 0.184 ms
08-01-2026 12:21:53 [[32MINFO[39M]: OPTIONS /admin/providers/pending 204 0 - 0.538 ms
08-01-2026 12:21:53 [[32MINFO[39M]: GET /admin/providers/pending 304 - - 55.982 ms
08-01-2026 12:21:53 [[32MINFO[39M]: GET /admin/providers/pending 304 - - 66.253 ms
08-01-2026 12:21:55 [[32MINFO[39M]: OPTIONS /admin/providers 204 0 - 0.274 ms
08-01-2026 12:21:55 [[32MINFO[39M]: OPTIONS /admin/providers 204 0 - 0.455 ms
08-01-2026 12:21:55 [[32MINFO[39M]: GET /admin/providers 304 - - 75.526 ms
08-01-2026 12:21:55 [[32MINFO[39M]: GET /admin/providers 304 - - 76.898 ms
08-01-2026 12:27:23 [[32MINFO[39M]: OPTIONS /admin/providers/pending 204 0 - 3.123 ms
08-01-2026 12:27:23 [[32MINFO[39M]: OPTIONS /admin/providers/pending 204 0 - 0.365 ms
08-01-2026 12:27:23 [[32MINFO[39M]: GET /admin/providers/pending 304 - - 127.427 ms
08-01-2026 12:27:23 [[32MINFO[39M]: GET /admin/providers/pending 304 - - 53.745 ms
08-01-2026 12:27:35 [[32MINFO[39M]: OPTIONS /auth/sign-in 204 0 - 0.240 ms
08-01-2026 12:27:35 [[32MINFO[39M]: POST /auth/sign-in 200 642 - 208.115 ms
08-01-2026 12:27:36 [[32MINFO[39M]: OPTIONS /admin/providers/pending 204 0 - 0.391 ms
08-01-2026 12:27:36 [[32MINFO[39M]: OPTIONS /admin/providers/pending 204 0 - 0.230 ms
08-01-2026 12:27:36 [[32MINFO[39M]: GET /admin/providers/pending 304 - - 63.671 ms
08-01-2026 12:27:36 [[32MINFO[39M]: GET /admin/providers/pending 304 - - 56.198 ms
08-01-2026 12:27:37 [[32MINFO[39M]: OPTIONS /admin/providers 204 0 - 0.467 ms
08-01-2026 12:27:37 [[32MINFO[39M]: OPTIONS /admin/providers 204 0 - 0.352 ms
08-01-2026 12:27:37 [[32MINFO[39M]: GET /admin/providers 200 2890 - 64.077 ms
08-01-2026 12:27:37 [[32MINFO[39M]: GET /admin/providers 304 - - 61.004 ms
08-01-2026 12:37:49 [[32MINFO[39M]: OPTIONS /auth/sign-in 204 0 - 23.530 ms
08-01-2026 12:37:50 [[32MINFO[39M]: POST /auth/sign-in 200 642 - 451.481 ms
08-01-2026 12:37:50 [[32MINFO[39M]: OPTIONS /admin/providers/pending 204 0 - 0.336 ms
08-01-2026 12:37:50 [[32MINFO[39M]: OPTIONS /admin/providers/pending 204 0 - 0.332 ms
08-01-2026 12:37:50 [[32MINFO[39M]: GET /admin/providers/pending 304 - - 91.369 ms
08-01-2026 12:37:50 [[32MINFO[39M]: GET /admin/providers/pending 304 - - 55.436 ms
08-01-2026 12:37:52 [[32MINFO[39M]: OPTIONS /admin/providers 204 0 - 0.337 ms
08-01-2026 12:37:52 [[32MINFO[39M]: OPTIONS /admin/providers 204 0 - 0.305 ms
08-01-2026 12:37:52 [[32MINFO[39M]: GET /admin/providers 304 - - 84.294 ms
08-01-2026 12:37:52 [[32MINFO[39M]: GET /admin/providers 304 - - 74.233 ms
08-01-2026 12:39:06 [[32MINFO[39M]: OPTIONS /admin/providers/pending 204 0 - 0.718 ms
08-01-2026 12:39:06 [[32MINFO[39M]: OPTIONS /admin/providers/pending 204 0 - 1.663 ms
08-01-2026 12:39:06 [[32MINFO[39M]: GET /admin/providers/pending 304 - - 111.341 ms
08-01-2026 12:39:06 [[32MINFO[39M]: GET /admin/providers/pending 304 - - 63.817 ms
08-01-2026 12:39:10 [[32MINFO[39M]: OPTIONS /admin/providers 204 0 - 0.991 ms
08-01-2026 12:39:10 [[32MINFO[39M]: OPTIONS /admin/providers 204 0 - 6.814 ms
08-01-2026 12:39:10 [[32MINFO[39M]: GET /admin/providers 304 - - 52.377 ms
08-01-2026 12:39:10 [[32MINFO[39M]: GET /admin/providers 304 - - 59.906 ms
08-01-2026 12:39:14 [[32MINFO[39M]: OPTIONS /admin/providers/69581a24bf7a1bf3a2289e61/status 204 0 - 0.239 ms
08-01-2026 12:39:14 [[32MINFO[39M]: PUT /admin/providers/69581a24bf7a1bf3a2289e61/status 404 82 - 21.561 ms
08-01-2026 13:05:49 [[32MINFO[39M]: OPTIONS /auth/sign-in 204 0 - 5.037 ms
08-01-2026 13:05:49 [[32MINFO[39M]: POST /auth/sign-in 200 642 - 570.619 ms
08-01-2026 13:05:50 [[32MINFO[39M]: OPTIONS /admin/providers/pending 204 0 - 0.327 ms
08-01-2026 13:05:50 [[32MINFO[39M]: OPTIONS /admin/providers/pending 204 0 - 0.468 ms
08-01-2026 13:05:50 [[32MINFO[39M]: GET /admin/providers/pending 304 - - 65.557 ms
08-01-2026 13:05:50 [[32MINFO[39M]: GET /admin/providers/pending 304 - - 51.221 ms
08-01-2026 13:05:52 [[32MINFO[39M]: OPTIONS /admin/providers 204 0 - 0.256 ms
08-01-2026 13:05:52 [[32MINFO[39M]: OPTIONS /admin/providers 204 0 - 0.229 ms
08-01-2026 13:05:52 [[32MINFO[39M]: GET /admin/providers 304 - - 64.380 ms
08-01-2026 13:05:52 [[32MINFO[39M]: GET /admin/providers 304 - - 55.079 ms
08-01-2026 13:05:54 [[32MINFO[39M]: OPTIONS /providers/69581a24bf7a1bf3a2289e61/status 204 0 - 0.287 ms
08-01-2026 13:05:54 [[32MINFO[39M]: PATCH /providers/69581a24bf7a1bf3a2289e61/status 404 82 - 3.836 ms
08-01-2026 13:09:25 [[32MINFO[39M]: OPTIONS /auth/sign-in 204 0 - 2.198 ms
08-01-2026 13:09:25 [[32MINFO[39M]: POST /auth/sign-in 200 642 - 209.675 ms
08-01-2026 13:09:25 [[32MINFO[39M]: OPTIONS /admin/providers/pending 204 0 - 1.147 ms
08-01-2026 13:09:25 [[32MINFO[39M]: OPTIONS /admin/providers/pending 204 0 - 0.286 ms
08-01-2026 13:09:25 [[32MINFO[39M]: GET /admin/providers/pending 304 - - 104.249 ms
08-01-2026 13:09:25 [[32MINFO[39M]: GET /admin/providers/pending 304 - - 57.045 ms
08-01-2026 13:09:26 [[32MINFO[39M]: OPTIONS /admin/providers 204 0 - 0.418 ms
08-01-2026 13:09:26 [[32MINFO[39M]: OPTIONS /admin/providers 204 0 - 0.215 ms
08-01-2026 13:09:26 [[32MINFO[39M]: GET /admin/providers 304 - - 76.672 ms
08-01-2026 13:09:27 [[32MINFO[39M]: GET /admin/providers 304 - - 55.902 ms
08-01-2026 13:09:39 [[32MINFO[39M]: OPTIONS /admin/providers/69581a24bf7a1bf3a2289e61/status 204 0 - 0.371 ms
08-01-2026 13:09:39 [[32MINFO[39M]: PATCH /admin/providers/69581a24bf7a1bf3a2289e61/status 200 92 - 90.121 ms
08-01-2026 13:09:55 [[32MINFO[39M]: OPTIONS /admin/providers/69581a24bf7a1bf3a2289e61/status 204 0 - 0.184 ms
08-01-2026 13:09:55 [[32MINFO[39M]: PATCH /admin/providers/69581a24bf7a1bf3a2289e61/status 200 94 - 64.116 ms
08-01-2026 13:46:24 [[32MINFO[39M]: OPTIONS /admin/providers/pending 204 0 - 18.531 ms
08-01-2026 13:46:24 [[32MINFO[39M]: OPTIONS /admin/providers/pending 204 0 - 0.675 ms
08-01-2026 15:17:34 [[32MINFO[39M]: OPTIONS /auth/sign-in 204 0 - 4.402 ms
08-01-2026 15:17:34 [[31MERROR[39M]: [/auth/sign-in] The password you entered is incorrect. Please try again.: The password you entered is incorrect. Please try again.
Error: The password you entered is incorrect. Please try again.
    at SignInUseCase.<anonymous> (C:\Users\amrut\Desktop\airticketbooking\back-end\src\application\usecases\auth\signin-user.usecases.ts:75:13)
    at Generator.next (<anonymous>)
    at fulfilled (C:\Users\amrut\Desktop\airticketbooking\back-end\src\application\usecases\auth\signin-user.usecases.ts:17:58)
08-01-2026 15:17:34 [[32MINFO[39M]: POST /auth/sign-in 400 111 - 324.649 ms
08-01-2026 15:17:51 [[32MINFO[39M]: OPTIONS /auth/sign-in 204 0 - 0.965 ms
08-01-2026 15:17:51 [[32MINFO[39M]: POST /auth/sign-in 200 631 - 259.526 ms
