11-06-2026 10:16:04 [[32MINFO[39M]: POST /auth/sign-in 200 1360 - 358.908 ms
11-06-2026 10:16:06 [[32MINFO[39M]: GET /provider/flights?page=1&limit=4 304 - - 185.932 ms
11-06-2026 10:16:06 [[32MINFO[39M]: GET /provider/flights?page=1&limit=4 304 - - 165.259 ms
11-06-2026 10:16:09 [[32MINFO[39M]: GET /provider/offers?page=1&limit=4 200 990 - 101.621 ms
11-06-2026 10:16:09 [[32MINFO[39M]: GET /provider/offers?page=1&limit=4 304 - - 95.271 ms
11-06-2026 10:17:26 [[32MINFO[39M]: GET /provider/offers?page=1&limit=4 304 - - 100.231 ms
11-06-2026 10:17:26 [[32MINFO[39M]: GET /provider/offers?page=1&limit=4 304 - - 97.209 ms
11-06-2026 10:17:33 [[32MINFO[39M]: GET /provider/offers?page=1&limit=4 304 - - 93.488 ms
11-06-2026 10:17:33 [[32MINFO[39M]: GET /provider/offers?page=1&limit=4 304 - - 99.484 ms
11-06-2026 10:17:39 [[32MINFO[39M]: GET /provider/bookings?page=1&limit=10 304 - - 124.263 ms
11-06-2026 10:17:39 [[32MINFO[39M]: GET /provider/bookings?page=1&limit=10 304 - - 127.861 ms
11-06-2026 11:34:51 [[32MINFO[39M]: POST /auth/sign-in 200 1360 - 418.131 ms
11-06-2026 11:34:54 [[32MINFO[39M]: GET /provider/offers?page=1&limit=4 304 - - 137.453 ms
11-06-2026 11:34:54 [[32MINFO[39M]: GET /provider/offers?page=1&limit=4 304 - - 115.646 ms
11-06-2026 11:34:57 [[32MINFO[39M]: GET /provider/offers?page=1&limit=4 304 - - 102.460 ms
11-06-2026 11:34:57 [[32MINFO[39M]: GET /provider/offers?page=1&limit=4 304 - - 107.891 ms
11-06-2026 11:35:00 [[32MINFO[39M]: GET /provider/bookings?page=1&limit=10 200 1513 - 129.225 ms
11-06-2026 11:35:01 [[32MINFO[39M]: GET /provider/bookings?page=1&limit=10 304 - - 131.011 ms
11-06-2026 12:37:52 [[32MINFO[39M]: POST /auth/sign-in 200 1360 - 448.434 ms
11-06-2026 12:37:55 [[32MINFO[39M]: GET /provider/bookings?page=1&limit=10 200 1513 - 144.978 ms
11-06-2026 12:37:55 [[32MINFO[39M]: GET /provider/bookings?page=1&limit=10 304 - - 112.343 ms
11-06-2026 12:38:13 [[32MINFO[39M]: GET /provider/bookings/6a2862dd5f0f160609ed538f 200 1481 - 128.232 ms
11-06-2026 12:38:13 [[32MINFO[39M]: GET /provider/bookings/6a2862dd5f0f160609ed538f 304 - - 213.256 ms
11-06-2026 12:38:19 [[32MINFO[39M]: GET /provider/bookings?page=1&limit=10 304 - - 115.121 ms
11-06-2026 12:38:20 [[32MINFO[39M]: GET /provider/bookings?page=1&limit=10 304 - - 120.367 ms
11-06-2026 12:38:21 [[32MINFO[39M]: GET /provider/bookings/6a2862dd5f0f160609ed538f 304 - - 180.030 ms
11-06-2026 12:38:22 [[32MINFO[39M]: GET /provider/bookings/6a2862dd5f0f160609ed538f 304 - - 129.572 ms
11-06-2026 12:38:23 [[32MINFO[39M]: GET /provider/bookings?page=1&limit=10 304 - - 297.985 ms
11-06-2026 12:38:24 [[32MINFO[39M]: GET /provider/bookings?page=1&limit=10 304 - - 203.835 ms
11-06-2026 12:38:27 [[32MINFO[39M]: GET /provider/bookings/6a2862dd5f0f160609ed538f 304 - - 113.917 ms
11-06-2026 12:38:27 [[32MINFO[39M]: GET /provider/bookings/6a2862dd5f0f160609ed538f 304 - - 102.032 ms
11-06-2026 13:23:41 [[32MINFO[39M]: POST /auth/sign-in 200 1360 - 428.192 ms
11-06-2026 13:23:43 [[32MINFO[39M]: GET /provider/flights?page=1&limit=4 304 - - 234.390 ms
11-06-2026 13:23:43 [[32MINFO[39M]: GET /provider/flights?page=1&limit=4 304 - - 181.378 ms
11-06-2026 13:23:44 [[32MINFO[39M]: GET /provider/offers?page=1&limit=4 304 - - 116.982 ms
11-06-2026 13:23:44 [[32MINFO[39M]: GET /provider/offers?page=1&limit=4 304 - - 138.149 ms
11-06-2026 13:23:45 [[32MINFO[39M]: GET /provider/bookings?page=1&limit=10 304 - - 115.486 ms
11-06-2026 13:23:45 [[32MINFO[39M]: GET /provider/bookings?page=1&limit=10 304 - - 117.334 ms
11-06-2026 13:23:47 [[32MINFO[39M]: GET /provider/bookings/6a2862dd5f0f160609ed538f 304 - - 108.644 ms
11-06-2026 13:23:47 [[32MINFO[39M]: GET /provider/bookings/6a2862dd5f0f160609ed538f 304 - - 105.922 ms
11-06-2026 17:53:27 [[32MINFO[39M]: POST /auth/sign-in 200 1360 - 445.212 ms
11-06-2026 17:53:30 [[32MINFO[39M]: GET /provider/bookings?page=1&limit=10 304 - - 117.767 ms
11-06-2026 17:53:30 [[32MINFO[39M]: GET /provider/bookings?page=1&limit=10 304 - - 94.670 ms
11-06-2026 17:53:32 [[32MINFO[39M]: GET /provider/bookings/6a2862dd5f0f160609ed538f 200 1310 - 96.183 ms
11-06-2026 17:53:32 [[32MINFO[39M]: GET /provider/bookings/6a2862dd5f0f160609ed538f 304 - - 87.958 ms
11-06-2026 17:53:45 [[32MINFO[39M]: GET /provider/bookings?page=1&limit=10 304 - - 98.826 ms
11-06-2026 17:53:45 [[32MINFO[39M]: GET /provider/bookings?page=1&limit=10 304 - - 90.381 ms
11-06-2026 17:55:29 [[32MINFO[39M]: POST /auth/sign-out/ 200 137 - 4.600 ms
11-06-2026 17:55:29 [[32MINFO[39M]: GET /provider/profile 200 1136 - 112.788 ms
11-06-2026 18:04:50 [[31MERROR[39M]: [/auth/sign-in] The password you entered is incorrect. Please try again.: The password you entered is incorrect. Please try again.
Error: The password you entered is incorrect. Please try again.
    at SignInUseCase.<anonymous> (C:\Users\amrut\Desktop\airticketbooking\back-end\src\application\usecases\auth\signin-user.usecases.ts:71:33)
    at Generator.next (<anonymous>)
    at fulfilled (C:\Users\amrut\Desktop\airticketbooking\back-end\src\application\usecases\auth\signin-user.usecases.ts:17:58)
11-06-2026 18:04:50 [[32MINFO[39M]: POST /auth/sign-in 400 111 - 394.858 ms
11-06-2026 18:04:56 [[32MINFO[39M]: POST /auth/sign-in 200 758 - 222.545 ms
11-06-2026 18:05:06 [[32MINFO[39M]: GET /user/bookings?page=1&limit=4 200 137 - 155.191 ms
11-06-2026 18:05:06 [[32MINFO[39M]: GET /user/bookings?page=1&limit=4 304 - - 98.609 ms
11-06-2026 18:05:12 [[32MINFO[39M]: POST /auth/sign-out/ 200 137 - 1.977 ms
11-06-2026 18:05:12 [[31MERROR[39M]: [/user/profile] The authentication header is missing. Please include the Authorization header with a valid token.: The authentication header is missing. Please include the Authorization header with a valid token.
Error: The authentication header is missing. Please include the Authorization header with a valid token.
    at C:\Users\amrut\Desktop\airticketbooking\back-end\src\presentation\middlewares\auth.middleware.ts:15:10
    at Generator.next (<anonymous>)
    at C:\Users\amrut\Desktop\airticketbooking\back-end\src\presentation\middlewares\auth.middleware.ts:8:71
    at new Promise (<anonymous>)
    at __awaiter (C:\Users\amrut\Desktop\airticketbooking\back-end\src\presentation\middlewares\auth.middleware.ts:4:12)
    at authenticate (C:\Users\amrut\Desktop\airticketbooking\back-end\src\presentation\middlewares\auth.middleware.ts:12:5)
    at Layer.handleRequest (C:\Users\amrut\Desktop\airticketbooking\back-end\node_modules\router\lib\layer.js:152:17)
    at next (C:\Users\amrut\Desktop\airticketbooking\back-end\node_modules\router\lib\route.js:157:13)
    at Route.dispatch (C:\Users\amrut\Desktop\airticketbooking\back-end\node_modules\router\lib\route.js:117:3)
    at handle (C:\Users\amrut\Desktop\airticketbooking\back-end\node_modules\router\index.js:435:11)
11-06-2026 18:05:12 [[32MINFO[39M]: GET /user/profile 401 152 - 50.897 ms
11-06-2026 18:05:12 [[31MERROR[39M]: [/auth/refresh-token] Refresh token is missing. Please ensure you provide a valid refresh token.: Refresh token is missing. Please ensure you provide a valid refresh token.
Error: Refresh token is missing. Please ensure you provide a valid refresh token.
    at TokenUseCase.<anonymous> (C:\Users\amrut\Desktop\airticketbooking\back-end\src\application\usecases\auth\token.usecase.ts:34:13)
    at Generator.next (<anonymous>)
    at C:\Users\amrut\Desktop\airticketbooking\back-end\src\application\usecases\auth\token.usecase.ts:20:71
    at new Promise (<anonymous>)
    at __awaiter (C:\Users\amrut\Desktop\airticketbooking\back-end\src\application\usecases\auth\token.usecase.ts:16:12)
    at TokenUseCase.refreshAccessToken (C:\Users\amrut\Desktop\airticketbooking\back-end\src\application\usecases\auth\token.usecase.ts:47:16)
    at RefreshAccessTokenController.<anonymous> (C:\Users\amrut\Desktop\airticketbooking\back-end\src\presentation\controllers\auth\refresh-access-token.controller.ts:18:53)
    at Generator.next (<anonymous>)
    at C:\Users\amrut\Desktop\airticketbooking\back-end\src\presentation\controllers\auth\refresh-access-token.controller.ts:20:71
    at new Promise (<anonymous>)
11-06-2026 18:05:12 [[32MINFO[39M]: POST /auth/refresh-token 403 129 - 14.759 ms
11-06-2026 18:05:32 [[32MINFO[39M]: POST /auth/sign-in 200 516 - 200.838 ms
11-06-2026 18:05:40 [[32MINFO[39M]: GET /user/bookings?page=1&limit=4 200 2281 - 119.103 ms
11-06-2026 18:05:40 [[32MINFO[39M]: GET /user/bookings?page=1&limit=4 304 - - 99.323 ms
11-06-2026 18:05:42 [[32MINFO[39M]: GET /user/bookings/6a2862dd5f0f160609ed538f 304 - - 278.925 ms
11-06-2026 18:05:43 [[32MINFO[39M]: GET /user/bookings/6a2862dd5f0f160609ed538f 304 - - 199.835 ms
11-06-2026 18:05:43 [[32MINFO[39M]: GET /user/bookings/6a2862dd5f0f160609ed538f/ticket 304 - - 181.411 ms
11-06-2026 18:05:43 [[32MINFO[39M]: GET /user/bookings/6a2862dd5f0f160609ed538f/ticket 304 - - 131.179 ms
11-06-2026 18:40:32 [[31MERROR[39M]: [/user/profile] No access token provided. Please include a valid access token in your request.: No access token provided. Please include a valid access token in your request.
Error: No access token provided. Please include a valid access token in your request.
    at C:\Users\amrut\Desktop\airticketbooking\back-end\src\presentation\middlewares\auth.middleware.ts:37:10
    at Generator.throw (<anonymous>)
    at rejected (C:\Users\amrut\Desktop\airticketbooking\back-end\src\presentation\middlewares\auth.middleware.ts:6:65)
    at processTicksAndRejections (node:internal/process/task_queues:105:5)
11-06-2026 18:40:32 [[32MINFO[39M]: GET /user/profile 401 133 - 218.349 ms
11-06-2026 18:40:32 [[31MERROR[39M]: [/user/profile] No access token provided. Please include a valid access token in your request.: No access token provided. Please include a valid access token in your request.
Error: No access token provided. Please include a valid access token in your request.
    at C:\Users\amrut\Desktop\airticketbooking\back-end\src\presentation\middlewares\auth.middleware.ts:37:10
    at Generator.throw (<anonymous>)
    at rejected (C:\Users\amrut\Desktop\airticketbooking\back-end\src\presentation\middlewares\auth.middleware.ts:6:65)
    at processTicksAndRejections (node:internal/process/task_queues:105:5)
11-06-2026 18:40:32 [[32MINFO[39M]: GET /user/profile 401 133 - 9.275 ms
11-06-2026 18:40:33 [[32MINFO[39M]: POST /auth/refresh-token 200 349 - 27.299 ms
11-06-2026 18:40:33 [[32MINFO[39M]: POST /auth/refresh-token 200 349 - 5.057 ms
11-06-2026 18:40:53 [[32MINFO[39M]: GET /user/profile 304 - - 20250.899 ms
11-06-2026 18:40:53 [[32MINFO[39M]: GET /user/profile 200 298 - 511.429 ms
11-06-2026 18:40:54 [[32MINFO[39M]: GET /user/bookings/6a2862dd5f0f160609ed538f 304 - - 463.042 ms
11-06-2026 18:40:54 [[32MINFO[39M]: GET /user/bookings/6a2862dd5f0f160609ed538f 304 - - 173.290 ms
11-06-2026 18:40:54 [[32MINFO[39M]: GET /user/bookings/6a2862dd5f0f160609ed538f/ticket 304 - - 132.888 ms
11-06-2026 18:40:54 [[32MINFO[39M]: GET /user/bookings/6a2862dd5f0f160609ed538f/ticket 304 - - 130.190 ms
