18-04-2026 12:57:22 [[32MINFO[39M]: OPTIONS /auth/sign-in 204 0 - 4.260 ms
18-04-2026 12:57:22 [[32MINFO[39M]: POST /auth/sign-in 200 760 - 362.838 ms
18-04-2026 12:57:57 [[32MINFO[39M]: OPTIONS /user/destinations/search?q=d 204 0 - 0.393 ms
18-04-2026 12:57:57 [[32MINFO[39M]: GET /user/destinations/search?q=d 400 96 - 11.371 ms
18-04-2026 12:57:57 [[32MINFO[39M]: OPTIONS /user/destinations/search?q=dx 204 0 - 0.668 ms
18-04-2026 12:57:57 [[32MINFO[39M]: GET /user/destinations/search?q=dx 304 - - 98.448 ms
18-04-2026 12:57:58 [[32MINFO[39M]: OPTIONS /user/destinations/search?q=dxb 204 0 - 0.235 ms
18-04-2026 12:57:58 [[32MINFO[39M]: GET /user/destinations/search?q=dxb 304 - - 64.917 ms
18-04-2026 12:58:02 [[32MINFO[39M]: OPTIONS /user/destinations/search?q=n 204 0 - 0.352 ms
18-04-2026 12:58:02 [[32MINFO[39M]: GET /user/destinations/search?q=n 400 96 - 1.492 ms
18-04-2026 12:58:02 [[32MINFO[39M]: OPTIONS /user/destinations/search?q=no 204 0 - 0.289 ms
18-04-2026 12:58:02 [[32MINFO[39M]: GET /user/destinations/search?q=no 200 4939 - 60.188 ms
18-04-2026 12:58:03 [[32MINFO[39M]: OPTIONS /user/destinations/search?q=non 204 0 - 0.259 ms
18-04-2026 12:58:03 [[32MINFO[39M]: GET /user/destinations/search?q=non 200 2731 - 77.002 ms
18-04-2026 12:58:04 [[32MINFO[39M]: GET /user/destinations/search?q=no 304 - - 50.999 ms
18-04-2026 12:58:04 [[32MINFO[39M]: GET /user/destinations/search?q=n 400 96 - 1.591 ms
18-04-2026 12:58:05 [[32MINFO[39M]: OPTIONS /user/destinations/search?q=l 204 0 - 0.358 ms
18-04-2026 12:58:05 [[32MINFO[39M]: GET /user/destinations/search?q=l 400 96 - 2.109 ms
18-04-2026 12:58:05 [[32MINFO[39M]: OPTIONS /user/destinations/search?q=lo 204 0 - 0.287 ms
18-04-2026 12:58:05 [[32MINFO[39M]: GET /user/destinations/search?q=lo 304 - - 57.442 ms
18-04-2026 12:58:05 [[32MINFO[39M]: OPTIONS /user/destinations/search?q=lon 204 0 - 0.273 ms
18-04-2026 12:58:05 [[32MINFO[39M]: GET /user/destinations/search?q=lon 304 - - 63.347 ms
18-04-2026 12:58:06 [[32MINFO[39M]: OPTIONS /user/destinations/search?q=lond 204 0 - 0.190 ms
18-04-2026 12:58:06 [[32MINFO[39M]: GET /user/destinations/search?q=lond 304 - - 69.176 ms
18-04-2026 12:58:08 [[32MINFO[39M]: OPTIONS /user/destinations/search?q=londo 204 0 - 0.351 ms
18-04-2026 12:58:08 [[32MINFO[39M]: GET /user/destinations/search?q=londo 304 - - 68.714 ms
18-04-2026 12:58:08 [[32MINFO[39M]: OPTIONS /user/destinations/search?q=london 204 0 - 0.115 ms
18-04-2026 12:58:08 [[32MINFO[39M]: GET /user/destinations/search?q=london 304 - - 61.044 ms
18-04-2026 12:58:17 [[32MINFO[39M]: OPTIONS /user/flights/search?from=DXB&to=LHR&departureDate=2026-04-30&passengers=1&tripType=one-way 204 0 - 0.253 ms
18-04-2026 12:58:17 [[32MINFO[39M]: GET /user/flights/search?from=DXB&to=LHR&departureDate=2026-04-30&passengers=1&tripType=one-way 304 - - 81.560 ms
18-04-2026 13:07:27 [[32MINFO[39M]: OPTIONS /auth/sign-in 204 0 - 4.614 ms
18-04-2026 13:07:28 [[32MINFO[39M]: POST /auth/sign-in 200 760 - 275.805 ms
18-04-2026 13:07:31 [[32MINFO[39M]: OPTIONS /user/destinations/search?q=s 204 0 - 0.740 ms
18-04-2026 13:07:31 [[32MINFO[39M]: GET /user/destinations/search?q=s 400 96 - 3.194 ms
18-04-2026 13:07:32 [[32MINFO[39M]: OPTIONS /user/destinations/search?q=d 204 0 - 0.175 ms
18-04-2026 13:07:32 [[32MINFO[39M]: GET /user/destinations/search?q=d 400 96 - 2.531 ms
18-04-2026 13:07:32 [[32MINFO[39M]: OPTIONS /user/destinations/search?q=dx 204 0 - 0.930 ms
18-04-2026 13:07:32 [[32MINFO[39M]: GET /user/destinations/search?q=dx 304 - - 101.939 ms
18-04-2026 13:07:32 [[32MINFO[39M]: OPTIONS /user/destinations/search?q=dxb 204 0 - 0.159 ms
18-04-2026 13:07:33 [[32MINFO[39M]: GET /user/destinations/search?q=dxb 304 - - 76.517 ms
18-04-2026 13:07:36 [[32MINFO[39M]: OPTIONS /user/destinations/search?q=l 204 0 - 0.303 ms
18-04-2026 13:07:36 [[32MINFO[39M]: GET /user/destinations/search?q=l 400 96 - 1.322 ms
18-04-2026 13:07:36 [[32MINFO[39M]: OPTIONS /user/destinations/search?q=lo 204 0 - 0.332 ms
18-04-2026 13:07:37 [[32MINFO[39M]: GET /user/destinations/search?q=lo 304 - - 54.096 ms
18-04-2026 13:07:37 [[32MINFO[39M]: OPTIONS /user/destinations/search?q=lon 204 0 - 0.906 ms
18-04-2026 13:07:37 [[32MINFO[39M]: GET /user/destinations/search?q=lon 304 - - 55.473 ms
18-04-2026 13:07:37 [[32MINFO[39M]: OPTIONS /user/destinations/search?q=lond 204 0 - 0.347 ms
18-04-2026 13:07:37 [[32MINFO[39M]: GET /user/destinations/search?q=lond 304 - - 60.842 ms
18-04-2026 13:07:58 [[32MINFO[39M]: OPTIONS /user/flights/search?from=DXB&to=LHR&departureDate=2026-04-30&passengers=1&tripType=one-way 204 0 - 1.903 ms
18-04-2026 13:07:58 [[32MINFO[39M]: GET /user/flights/search?from=DXB&to=LHR&departureDate=2026-04-30&passengers=1&tripType=one-way 304 - - 190.306 ms
18-04-2026 14:34:39 [[32MINFO[39M]: OPTIONS /auth/sign-in 204 0 - 8.345 ms
18-04-2026 14:34:39 [[32MINFO[39M]: POST /auth/sign-in 200 760 - 259.822 ms
18-04-2026 14:34:46 [[32MINFO[39M]: OPTIONS /user/destinations/search?q=d 204 0 - 0.681 ms
18-04-2026 14:34:46 [[32MINFO[39M]: GET /user/destinations/search?q=d 400 96 - 35.636 ms
18-04-2026 14:34:47 [[32MINFO[39M]: OPTIONS /user/destinations/search?q=dx 204 0 - 0.329 ms
18-04-2026 14:34:47 [[32MINFO[39M]: GET /user/destinations/search?q=dx 304 - - 127.174 ms
18-04-2026 14:34:47 [[32MINFO[39M]: OPTIONS /user/destinations/search?q=dxn 204 0 - 0.197 ms
18-04-2026 14:34:47 [[32MINFO[39M]: GET /user/destinations/search?q=dxn 200 87 - 58.357 ms
18-04-2026 14:34:49 [[32MINFO[39M]: GET /user/destinations/search?q=dx 304 - - 89.851 ms
18-04-2026 14:34:49 [[32MINFO[39M]: OPTIONS /user/destinations/search?q=dxb 204 0 - 0.239 ms
18-04-2026 14:34:49 [[32MINFO[39M]: GET /user/destinations/search?q=dxb 304 - - 74.532 ms
18-04-2026 14:34:53 [[32MINFO[39M]: OPTIONS /user/destinations/search?q=l 204 0 - 0.359 ms
18-04-2026 14:34:53 [[32MINFO[39M]: GET /user/destinations/search?q=l 400 96 - 1.812 ms
18-04-2026 14:34:53 [[32MINFO[39M]: OPTIONS /user/destinations/search?q=ld 204 0 - 0.322 ms
18-04-2026 14:34:53 [[32MINFO[39M]: GET /user/destinations/search?q=ld 304 - - 78.447 ms
18-04-2026 14:34:53 [[32MINFO[39M]: OPTIONS /user/destinations/search?q=ldn 204 0 - 0.287 ms
18-04-2026 14:34:54 [[32MINFO[39M]: GET /user/destinations/search?q=ldn 200 87 - 143.968 ms
18-04-2026 14:34:55 [[32MINFO[39M]: GET /user/destinations/search?q=ld 304 - - 74.351 ms
18-04-2026 14:34:55 [[32MINFO[39M]: GET /user/destinations/search?q=l 400 96 - 1.380 ms
18-04-2026 14:34:56 [[32MINFO[39M]: OPTIONS /user/destinations/search?q=ln 204 0 - 0.189 ms
18-04-2026 14:34:56 [[32MINFO[39M]: GET /user/destinations/search?q=ln 304 - - 58.476 ms
18-04-2026 14:34:56 [[32MINFO[39M]: OPTIONS /user/destinations/search?q=lnd 204 0 - 0.522 ms
18-04-2026 14:34:56 [[32MINFO[39M]: GET /user/destinations/search?q=lnd 200 87 - 60.393 ms
18-04-2026 14:34:58 [[32MINFO[39M]: GET /user/destinations/search?q=ln 304 - - 62.099 ms
18-04-2026 14:34:58 [[32MINFO[39M]: OPTIONS /user/destinations/search?q=l 204 0 - 0.254 ms
18-04-2026 14:34:58 [[32MINFO[39M]: GET /user/destinations/search?q=l 400 96 - 1.489 ms
18-04-2026 14:34:59 [[32MINFO[39M]: OPTIONS /user/destinations/search?q=lo 204 0 - 0.262 ms
18-04-2026 14:34:59 [[32MINFO[39M]: GET /user/destinations/search?q=lo 304 - - 56.156 ms
18-04-2026 14:35:00 [[32MINFO[39M]: OPTIONS /user/destinations/search?q=lon 204 0 - 0.768 ms
18-04-2026 14:35:00 [[32MINFO[39M]: GET /user/destinations/search?q=lon 304 - - 56.187 ms
18-04-2026 14:35:00 [[32MINFO[39M]: OPTIONS /user/destinations/search?q=lond 204 0 - 0.826 ms
18-04-2026 14:35:01 [[32MINFO[39M]: GET /user/destinations/search?q=lond 304 - - 68.619 ms
18-04-2026 14:35:01 [[32MINFO[39M]: OPTIONS /user/destinations/search?q=londo 204 0 - 0.538 ms
18-04-2026 14:35:01 [[32MINFO[39M]: GET /user/destinations/search?q=londo 304 - - 64.816 ms
18-04-2026 14:35:01 [[32MINFO[39M]: OPTIONS /user/destinations/search?q=london 204 0 - 0.167 ms
18-04-2026 14:35:01 [[32MINFO[39M]: GET /user/destinations/search?q=london 304 - - 57.255 ms
18-04-2026 14:35:17 [[32MINFO[39M]: OPTIONS /user/flights/search?from=DXB&to=LHR&departureDate=2026-04-30&passengers=1&tripType=one-way 204 0 - 0.393 ms
18-04-2026 14:35:17 [[32MINFO[39M]: GET /user/flights/search?from=DXB&to=LHR&departureDate=2026-04-30&passengers=1&tripType=one-way 304 - - 99.553 ms
18-04-2026 14:39:35 [[32MINFO[39M]: OPTIONS /user/destinations/search?q=d 204 0 - 12.553 ms
18-04-2026 14:39:35 [[32MINFO[39M]: GET /user/destinations/search?q=d 400 96 - 39.791 ms
18-04-2026 14:39:35 [[32MINFO[39M]: OPTIONS /user/destinations/search?q=dx 204 0 - 0.132 ms
18-04-2026 14:39:35 [[32MINFO[39M]: GET /user/destinations/search?q=dx 304 - - 96.286 ms
18-04-2026 14:39:35 [[32MINFO[39M]: OPTIONS /user/destinations/search?q=dxb 204 0 - 0.182 ms
18-04-2026 14:39:36 [[32MINFO[39M]: GET /user/destinations/search?q=dxb 304 - - 56.802 ms
18-04-2026 14:39:39 [[32MINFO[39M]: OPTIONS /user/destinations/search?q=l 204 0 - 0.420 ms
18-04-2026 14:39:39 [[32MINFO[39M]: GET /user/destinations/search?q=l 400 96 - 1.898 ms
18-04-2026 14:39:40 [[32MINFO[39M]: OPTIONS /user/destinations/search?q=lh 204 0 - 0.627 ms
18-04-2026 14:39:40 [[32MINFO[39M]: GET /user/destinations/search?q=lh 200 4987 - 63.625 ms
18-04-2026 14:39:40 [[32MINFO[39M]: OPTIONS /user/destinations/search?q=lhb 204 0 - 0.264 ms
18-04-2026 14:39:40 [[32MINFO[39M]: GET /user/destinations/search?q=lhb 200 87 - 56.295 ms
18-04-2026 14:39:41 [[32MINFO[39M]: GET /user/destinations/search?q=lh 304 - - 82.161 ms
18-04-2026 14:39:49 [[32MINFO[39M]: OPTIONS /user/destinations/search?q=lhr 204 0 - 0.172 ms
18-04-2026 14:39:49 [[32MINFO[39M]: GET /user/destinations/search?q=lhr 200 315 - 58.957 ms
18-04-2026 14:40:06 [[32MINFO[39M]: OPTIONS /user/flights/search?from=DXB&to=LHR&departureDate=2026-04-30&passengers=1&tripType=one-way 204 0 - 0.660 ms
18-04-2026 14:40:06 [[32MINFO[39M]: GET /user/flights/search?from=DXB&to=LHR&departureDate=2026-04-30&passengers=1&tripType=one-way 304 - - 86.296 ms
18-04-2026 18:02:47 [[32MINFO[39M]: OPTIONS /auth/sign-in 204 0 - 2.467 ms
18-04-2026 18:02:47 [[32MINFO[39M]: POST /auth/sign-in 200 760 - 237.677 ms
18-04-2026 18:04:49 [[32MINFO[39M]: OPTIONS /user/destinations/search?q=d 204 0 - 0.585 ms
18-04-2026 18:04:49 [[32MINFO[39M]: GET /user/destinations/search?q=d 400 96 - 4.051 ms
18-04-2026 18:04:49 [[32MINFO[39M]: OPTIONS /user/destinations/search?q=dx 204 0 - 0.226 ms
18-04-2026 18:04:50 [[32MINFO[39M]: GET /user/destinations/search?q=dx 304 - - 80.799 ms
18-04-2026 18:04:50 [[32MINFO[39M]: OPTIONS /user/destinations/search?q=dxb 204 0 - 0.296 ms
18-04-2026 18:04:50 [[32MINFO[39M]: GET /user/destinations/search?q=dxb 304 - - 58.553 ms
18-04-2026 18:04:54 [[32MINFO[39M]: OPTIONS /user/destinations/search?q=l 204 0 - 0.397 ms
18-04-2026 18:04:54 [[32MINFO[39M]: GET /user/destinations/search?q=l 400 96 - 1.435 ms
18-04-2026 18:04:54 [[32MINFO[39M]: OPTIONS /user/destinations/search?q=lh 204 0 - 0.258 ms
18-04-2026 18:04:54 [[32MINFO[39M]: GET /user/destinations/search?q=lh 304 - - 70.253 ms
18-04-2026 18:04:56 [[32MINFO[39M]: OPTIONS /user/destinations/search?q=lhd 204 0 - 0.358 ms
18-04-2026 18:04:56 [[32MINFO[39M]: GET /user/destinations/search?q=lhd 200 87 - 77.762 ms
18-04-2026 18:04:57 [[32MINFO[39M]: GET /user/destinations/search?q=lh 304 - - 56.045 ms
18-04-2026 18:04:57 [[32MINFO[39M]: GET /user/destinations/search?q=l 400 96 - 1.450 ms
18-04-2026 18:04:59 [[32MINFO[39M]: OPTIONS /user/destinations/search?q=lh 204 0 - 0.286 ms
18-04-2026 18:05:00 [[32MINFO[39M]: GET /user/destinations/search?q=lh 304 - - 160.876 ms
18-04-2026 18:05:04 [[32MINFO[39M]: OPTIONS /user/destinations/search?q=l 204 0 - 0.488 ms
18-04-2026 18:05:04 [[32MINFO[39M]: GET /user/destinations/search?q=l 400 96 - 0.787 ms
18-04-2026 18:05:05 [[32MINFO[39M]: GET /user/destinations/search?q=l 400 96 - 1.015 ms
18-04-2026 18:05:06 [[32MINFO[39M]: OPTIONS /user/destinations/search?q=lh 204 0 - 0.216 ms
18-04-2026 18:05:06 [[32MINFO[39M]: GET /user/destinations/search?q=lh 304 - - 52.851 ms
18-04-2026 18:05:06 [[32MINFO[39M]: OPTIONS /user/destinations/search?q=lhd 204 0 - 0.179 ms
18-04-2026 18:05:06 [[32MINFO[39M]: GET /user/destinations/search?q=lhd 304 - - 55.142 ms
18-04-2026 18:05:08 [[32MINFO[39M]: GET /user/destinations/search?q=lh 304 - - 54.114 ms
18-04-2026 18:05:08 [[32MINFO[39M]: GET /user/destinations/search?q=l 400 96 - 1.087 ms
18-04-2026 18:05:11 [[32MINFO[39M]: OPTIONS /user/destinations/search?q=l 204 0 - 0.242 ms
18-04-2026 18:05:11 [[32MINFO[39M]: GET /user/destinations/search?q=l 400 96 - 0.726 ms
18-04-2026 18:05:11 [[32MINFO[39M]: OPTIONS /user/destinations/search?q=lo 204 0 - 0.165 ms
18-04-2026 18:05:11 [[32MINFO[39M]: GET /user/destinations/search?q=lo 304 - - 50.358 ms
18-04-2026 18:05:11 [[32MINFO[39M]: OPTIONS /user/destinations/search?q=lon 204 0 - 0.289 ms
18-04-2026 18:05:11 [[32MINFO[39M]: GET /user/destinations/search?q=lon 304 - - 53.663 ms
18-04-2026 18:05:12 [[32MINFO[39M]: OPTIONS /user/destinations/search?q=lono 204 0 - 0.336 ms
18-04-2026 18:05:12 [[32MINFO[39M]: GET /user/destinations/search?q=lono 200 87 - 54.813 ms
18-04-2026 18:05:12 [[32MINFO[39M]: OPTIONS /user/destinations/search?q=lonon 204 0 - 0.579 ms
18-04-2026 18:05:12 [[32MINFO[39M]: GET /user/destinations/search?q=lonon 200 87 - 51.380 ms
18-04-2026 18:05:12 [[32MINFO[39M]: OPTIONS /user/destinations/search?q=lonond 204 0 - 0.609 ms
18-04-2026 18:05:12 [[32MINFO[39M]: GET /user/destinations/search?q=lonond 200 87 - 50.015 ms
18-04-2026 18:05:13 [[32MINFO[39M]: GET /user/destinations/search?q=lonon 304 - - 53.363 ms
18-04-2026 18:05:13 [[32MINFO[39M]: GET /user/destinations/search?q=lono 304 - - 55.302 ms
18-04-2026 18:05:13 [[32MINFO[39M]: GET /user/destinations/search?q=lon 304 - - 53.095 ms
18-04-2026 18:05:14 [[32MINFO[39M]: OPTIONS /user/destinations/search?q=lond 204 0 - 0.202 ms
18-04-2026 18:05:14 [[32MINFO[39M]: GET /user/destinations/search?q=lond 304 - - 55.622 ms
18-04-2026 18:05:14 [[32MINFO[39M]: OPTIONS /user/destinations/search?q=londo 204 0 - 0.256 ms
18-04-2026 18:05:14 [[32MINFO[39M]: GET /user/destinations/search?q=londo 304 - - 55.547 ms
18-04-2026 18:05:14 [[32MINFO[39M]: OPTIONS /user/destinations/search?q=london 204 0 - 0.163 ms
18-04-2026 18:05:14 [[32MINFO[39M]: GET /user/destinations/search?q=london 304 - - 58.671 ms
18-04-2026 18:05:20 [[32MINFO[39M]: OPTIONS /user/destinations/search?q=londo 204 0 - 0.293 ms
18-04-2026 18:05:20 [[32MINFO[39M]: GET /user/destinations/search?q=londo 304 - - 54.139 ms
18-04-2026 18:05:21 [[32MINFO[39M]: OPTIONS /user/destinations/search?q=lond 204 0 - 0.166 ms
18-04-2026 18:05:21 [[32MINFO[39M]: OPTIONS /user/destinations/search?q=lon 204 0 - 0.409 ms
18-04-2026 18:05:21 [[32MINFO[39M]: GET /user/destinations/search?q=lond 304 - - 57.203 ms
18-04-2026 18:05:21 [[32MINFO[39M]: OPTIONS /user/destinations/search?q=lo 204 0 - 0.100 ms
18-04-2026 18:05:21 [[32MINFO[39M]: GET /user/destinations/search?q=lon 304 - - 45.363 ms
18-04-2026 18:05:21 [[32MINFO[39M]: OPTIONS /user/destinations/search?q=l 204 0 - 0.512 ms
18-04-2026 18:05:21 [[32MINFO[39M]: GET /user/destinations/search?q=l 400 96 - 0.977 ms
18-04-2026 18:05:21 [[32MINFO[39M]: GET /user/destinations/search?q=lo 304 - - 46.046 ms
18-04-2026 18:05:22 [[32MINFO[39M]: GET /user/destinations/search?q=l 400 96 - 1.053 ms
18-04-2026 18:05:24 [[32MINFO[39M]: OPTIONS /user/destinations/search?q=lh 204 0 - 1.738 ms
18-04-2026 18:05:24 [[32MINFO[39M]: GET /user/destinations/search?q=lh 304 - - 52.183 ms
18-04-2026 18:05:24 [[32MINFO[39M]: OPTIONS /user/destinations/search?q=lhr 204 0 - 0.203 ms
18-04-2026 18:05:24 [[32MINFO[39M]: GET /user/destinations/search?q=lhr 200 315 - 55.742 ms
18-04-2026 18:05:30 [[32MINFO[39M]: OPTIONS /user/flights/search?from=DXB&to=LHR&departureDate=2026-04-30&passengers=1&tripType=one-way 204 0 - 0.229 ms
18-04-2026 18:05:30 [[32MINFO[39M]: GET /user/flights/search?from=DXB&to=LHR&departureDate=2026-04-30&passengers=1&tripType=one-way 304 - - 65.736 ms
18-04-2026 18:05:57 [[32MINFO[39M]: OPTIONS /user/flights/search?from=DXB&to=LHR&departureDate=2026-04-30&passengers=1&tripType=round-trip&returnDate=2026-05-01 204 0 - 1.451 ms
18-04-2026 18:05:57 [[32MINFO[39M]: GET /user/flights/search?from=DXB&to=LHR&departureDate=2026-04-30&passengers=1&tripType=round-trip&returnDate=2026-05-01 200 2089 - 48.409 ms
18-04-2026 18:35:13 [[32MINFO[39M]: OPTIONS /auth/sign-in 204 0 - 7.433 ms
18-04-2026 18:35:14 [[32MINFO[39M]: POST /auth/sign-in 200 760 - 813.018 ms
18-04-2026 18:35:16 [[32MINFO[39M]: OPTIONS /user/destinations/search?q=d 204 0 - 0.419 ms
18-04-2026 18:35:16 [[32MINFO[39M]: GET /user/destinations/search?q=d 400 96 - 12.302 ms
18-04-2026 18:35:16 [[32MINFO[39M]: OPTIONS /user/destinations/search?q=dx 204 0 - 0.312 ms
18-04-2026 18:35:17 [[32MINFO[39M]: GET /user/destinations/search?q=dx 304 - - 106.588 ms
18-04-2026 18:35:17 [[32MINFO[39M]: OPTIONS /user/destinations/search?q=dxb 204 0 - 0.152 ms
18-04-2026 18:35:17 [[32MINFO[39M]: GET /user/destinations/search?q=dxb 304 - - 53.572 ms
18-04-2026 18:35:20 [[32MINFO[39M]: OPTIONS /user/destinations/search?q=l 204 0 - 0.271 ms
18-04-2026 18:35:20 [[32MINFO[39M]: GET /user/destinations/search?q=l 400 96 - 1.169 ms
18-04-2026 18:35:20 [[32MINFO[39M]: OPTIONS /user/destinations/search?q=lh 204 0 - 0.209 ms
18-04-2026 18:35:20 [[32MINFO[39M]: GET /user/destinations/search?q=lh 304 - - 60.147 ms
18-04-2026 18:35:20 [[32MINFO[39M]: OPTIONS /user/destinations/search?q=lhr 204 0 - 0.188 ms
18-04-2026 18:35:20 [[32MINFO[39M]: GET /user/destinations/search?q=lhr 304 - - 52.550 ms
18-04-2026 18:35:25 [[32MINFO[39M]: OPTIONS /user/flights/search?from=DXB&to=LHR&departureDate=2026-04-30&passengers=1&tripType=one-way 204 0 - 0.242 ms
18-04-2026 18:35:26 [[32MINFO[39M]: GET /user/flights/search?from=DXB&to=LHR&departureDate=2026-04-30&passengers=1&tripType=one-way 304 - - 360.330 ms
