30-04-2026 10:09:34 [[32MINFO[39M]: OPTIONS /auth/sign-in 204 0 - 28.008 ms
30-04-2026 10:09:35 [[32MINFO[39M]: POST /auth/sign-in 200 760 - 376.078 ms
30-04-2026 10:20:04 [[32MINFO[39M]: OPTIONS /auth/sign-in 204 0 - 5.054 ms
30-04-2026 10:20:05 [[32MINFO[39M]: POST /auth/sign-in 200 524 - 258.591 ms
30-04-2026 10:20:05 [[32MINFO[39M]: OPTIONS /admin/providers/pending 204 0 - 0.518 ms
30-04-2026 10:20:05 [[32MINFO[39M]: OPTIONS /admin/providers/pending 204 0 - 0.447 ms
30-04-2026 10:20:05 [[32MINFO[39M]: GET /admin/providers/pending 304 - - 79.543 ms
30-04-2026 10:20:05 [[32MINFO[39M]: GET /admin/providers/pending 304 - - 37.535 ms
30-04-2026 10:20:08 [[32MINFO[39M]: OPTIONS /admin/flights?page=1&limit=4 204 0 - 0.663 ms
30-04-2026 10:20:08 [[32MINFO[39M]: OPTIONS /admin/flights?page=1&limit=4 204 0 - 1.126 ms
30-04-2026 10:20:08 [[32MINFO[39M]: GET /admin/flights?page=1&limit=4 304 - - 158.747 ms
30-04-2026 10:20:08 [[32MINFO[39M]: GET /admin/flights?page=1&limit=4 304 - - 126.751 ms
30-04-2026 10:21:43 [[32MINFO[39M]: OPTIONS /admin/flights?page=2&limit=4 204 0 - 1.165 ms
30-04-2026 10:21:43 [[32MINFO[39M]: GET /admin/flights?page=2&limit=4 304 - - 88.107 ms
30-04-2026 10:22:26 [[32MINFO[39M]: OPTIONS /admin/flights?page=3&limit=4 204 0 - 0.372 ms
30-04-2026 10:22:26 [[32MINFO[39M]: GET /admin/flights?page=3&limit=4 304 - - 101.030 ms
30-04-2026 10:56:26 [[32MINFO[39M]: OPTIONS /auth/sign-in 204 0 - 22.824 ms
30-04-2026 10:56:27 [[32MINFO[39M]: POST /auth/sign-in 200 524 - 516.004 ms
30-04-2026 10:56:27 [[32MINFO[39M]: OPTIONS /admin/providers/pending 204 0 - 0.825 ms
30-04-2026 10:56:27 [[32MINFO[39M]: OPTIONS /admin/providers/pending 204 0 - 3.214 ms
30-04-2026 10:56:27 [[32MINFO[39M]: GET /admin/providers/pending 304 - - 69.436 ms
30-04-2026 10:56:27 [[32MINFO[39M]: GET /admin/providers/pending 304 - - 50.435 ms
30-04-2026 10:56:31 [[32MINFO[39M]: OPTIONS /admin/flights?page=1&limit=4 204 0 - 0.181 ms
30-04-2026 10:56:31 [[32MINFO[39M]: OPTIONS /admin/flights?page=1&limit=4 204 0 - 0.405 ms
30-04-2026 10:56:31 [[32MINFO[39M]: GET /admin/flights?page=1&limit=4 304 - - 175.820 ms
30-04-2026 10:56:32 [[32MINFO[39M]: GET /admin/flights?page=1&limit=4 304 - - 76.881 ms
30-04-2026 10:56:35 [[32MINFO[39M]: OPTIONS /admin/flights?page=2&limit=4 204 0 - 0.338 ms
30-04-2026 10:56:36 [[32MINFO[39M]: GET /admin/flights?page=2&limit=4 304 - - 85.951 ms
30-04-2026 10:56:38 [[32MINFO[39M]: OPTIONS /admin/flights?page=3&limit=4 204 0 - 0.291 ms
30-04-2026 10:56:38 [[32MINFO[39M]: GET /admin/flights?page=3&limit=4 304 - - 83.904 ms
30-04-2026 10:56:47 [[32MINFO[39M]: OPTIONS /admin/flights?page=1&limit=4 204 0 - 0.198 ms
30-04-2026 10:56:47 [[32MINFO[39M]: GET /admin/flights?page=1&limit=4 304 - - 81.420 ms
30-04-2026 10:59:06 [[32MINFO[39M]: OPTIONS /admin/flights?page=2&limit=4 204 0 - 1.104 ms
30-04-2026 10:59:06 [[32MINFO[39M]: GET /admin/flights?page=2&limit=4 304 - - 87.652 ms
30-04-2026 11:00:37 [[32MINFO[39M]: OPTIONS /admin/flights?page=3&limit=4 204 0 - 0.686 ms
30-04-2026 11:00:38 [[32MINFO[39M]: GET /admin/flights?page=3&limit=4 304 - - 86.039 ms
30-04-2026 12:30:42 [[32MINFO[39M]: OPTIONS /auth/sign-in 204 0 - 6.334 ms
30-04-2026 12:30:43 [[32MINFO[39M]: POST /auth/sign-in 200 760 - 234.927 ms
30-04-2026 12:30:51 [[32MINFO[39M]: OPTIONS /user/destinations/search?q=c 204 0 - 0.225 ms
30-04-2026 12:30:51 [[32MINFO[39M]: GET /user/destinations/search?q=c 400 96 - 4.003 ms
30-04-2026 12:30:52 [[32MINFO[39M]: OPTIONS /user/destinations/search?q=co 204 0 - 0.278 ms
30-04-2026 12:30:52 [[32MINFO[39M]: GET /user/destinations/search?q=co 304 - - 71.711 ms
30-04-2026 12:30:52 [[32MINFO[39M]: OPTIONS /user/destinations/search?q=cok 204 0 - 0.188 ms
30-04-2026 12:30:52 [[32MINFO[39M]: GET /user/destinations/search?q=cok 304 - - 45.642 ms
30-04-2026 12:30:59 [[32MINFO[39M]: OPTIONS /user/destinations/search?q=l 204 0 - 0.325 ms
30-04-2026 12:30:59 [[32MINFO[39M]: GET /user/destinations/search?q=l 400 96 - 1.665 ms
30-04-2026 12:31:00 [[32MINFO[39M]: OPTIONS /user/destinations/search?q=lh 204 0 - 0.365 ms
30-04-2026 12:31:00 [[32MINFO[39M]: GET /user/destinations/search?q=lh 304 - - 48.634 ms
30-04-2026 12:31:00 [[32MINFO[39M]: OPTIONS /user/destinations/search?q=lhr 204 0 - 0.294 ms
30-04-2026 12:31:00 [[32MINFO[39M]: GET /user/destinations/search?q=lhr 304 - - 47.050 ms
30-04-2026 12:31:06 [[32MINFO[39M]: OPTIONS /user/flights/search?from=COK&to=LHR&departureDate=2026-04-30&passengers=1&tripType=one-way&page=1&limit=6 204 0 - 0.429 ms
30-04-2026 12:31:06 [[32MINFO[39M]: GET /user/flights/search?from=COK&to=LHR&departureDate=2026-04-30&passengers=1&tripType=one-way&page=1&limit=6 200 3551 - 87.057 ms
30-04-2026 12:40:48 [[32MINFO[39M]: OPTIONS /user/destinations/search?q=London+Heathrow+Airort+%28LHR%29 204 0 - 18.362 ms
30-04-2026 12:40:48 [[32MINFO[39M]: GET /user/destinations/search?q=London+Heathrow+Airort+%28LHR%29 200 87 - 185.484 ms
30-04-2026 12:40:48 [[32MINFO[39M]: OPTIONS /user/destinations/search?q=London+Heathrow+Aiort+%28LHR%29 204 0 - 2.266 ms
30-04-2026 12:40:48 [[32MINFO[39M]: OPTIONS /user/destinations/search?q=London+Heathrow+Aort+%28LHR%29 204 0 - 0.955 ms
30-04-2026 12:40:48 [[32MINFO[39M]: OPTIONS /user/destinations/search?q=London+Heathrow+ort+%28LHR%29 204 0 - 0.395 ms
30-04-2026 12:40:48 [[32MINFO[39M]: GET /user/destinations/search?q=London+Heathrow+Aiort+%28LHR%29 200 87 - 60.355 ms
30-04-2026 12:40:48 [[32MINFO[39M]: OPTIONS /user/destinations/search?q=London+Heathrowort+%28LHR%29 204 0 - 0.257 ms
30-04-2026 12:40:48 [[32MINFO[39M]: OPTIONS /user/destinations/search?q=London+Heathroort+%28LHR%29 204 0 - 0.267 ms
30-04-2026 12:40:48 [[32MINFO[39M]: GET /user/destinations/search?q=London+Heathrow+Aort+%28LHR%29 200 87 - 58.227 ms
30-04-2026 12:40:48 [[32MINFO[39M]: OPTIONS /user/destinations/search?q=London+Heathrort+%28LHR%29 204 0 - 0.164 ms
30-04-2026 12:40:48 [[32MINFO[39M]: GET /user/destinations/search?q=London+Heathrow+ort+%28LHR%29 200 87 - 73.069 ms
30-04-2026 12:40:48 [[32MINFO[39M]: GET /user/destinations/search?q=London+Heathrowort+%28LHR%29 200 87 - 58.165 ms
30-04-2026 12:40:48 [[32MINFO[39M]: OPTIONS /user/destinations/search?q=London+Heathort+%28LHR%29 204 0 - 0.284 ms
30-04-2026 12:40:48 [[32MINFO[39M]: GET /user/destinations/search?q=London+Heathroort+%28LHR%29 200 87 - 62.649 ms
30-04-2026 12:40:48 [[32MINFO[39M]: OPTIONS /user/destinations/search?q=London+Heatort+%28LHR%29 204 0 - 0.339 ms
30-04-2026 12:40:48 [[32MINFO[39M]: GET /user/destinations/search?q=London+Heathrort+%28LHR%29 200 87 - 55.260 ms
30-04-2026 12:40:48 [[32MINFO[39M]: GET /user/destinations/search?q=London+Heathort+%28LHR%29 200 87 - 49.757 ms
30-04-2026 12:40:48 [[32MINFO[39M]: OPTIONS /user/destinations/search?q=London+Heaort+%28LHR%29 204 0 - 0.317 ms
30-04-2026 12:40:48 [[32MINFO[39M]: GET /user/destinations/search?q=London+Heatort+%28LHR%29 200 87 - 48.547 ms
30-04-2026 12:40:48 [[32MINFO[39M]: OPTIONS /user/destinations/search?q=London+Heort+%28LHR%29 204 0 - 0.230 ms
30-04-2026 12:40:48 [[32MINFO[39M]: GET /user/destinations/search?q=London+Heaort+%28LHR%29 200 87 - 54.115 ms
30-04-2026 12:40:48 [[32MINFO[39M]: OPTIONS /user/destinations/search?q=London+Hort+%28LHR%29 204 0 - 0.210 ms
30-04-2026 12:40:48 [[32MINFO[39M]: OPTIONS /user/destinations/search?q=London+ort+%28LHR%29 204 0 - 0.212 ms
30-04-2026 12:40:48 [[32MINFO[39M]: GET /user/destinations/search?q=London+Heort+%28LHR%29 200 87 - 48.072 ms
30-04-2026 12:40:48 [[32MINFO[39M]: OPTIONS /user/destinations/search?q=Londonort+%28LHR%29 204 0 - 0.325 ms
30-04-2026 12:40:48 [[32MINFO[39M]: GET /user/destinations/search?q=London+Hort+%28LHR%29 200 87 - 59.812 ms
30-04-2026 12:40:48 [[32MINFO[39M]: GET /user/destinations/search?q=London+ort+%28LHR%29 200 87 - 49.044 ms
30-04-2026 12:40:48 [[32MINFO[39M]: OPTIONS /user/destinations/search?q=Londoort+%28LHR%29 204 0 - 0.201 ms
30-04-2026 12:40:48 [[32MINFO[39M]: GET /user/destinations/search?q=Londonort+%28LHR%29 200 87 - 53.730 ms
30-04-2026 12:40:48 [[32MINFO[39M]: OPTIONS /user/destinations/search?q=Londort+%28LHR%29 204 0 - 0.223 ms
30-04-2026 12:40:48 [[32MINFO[39M]: GET /user/destinations/search?q=Londoort+%28LHR%29 200 87 - 51.708 ms
30-04-2026 12:40:48 [[32MINFO[39M]: OPTIONS /user/destinations/search?q=Lonort+%28LHR%29 204 0 - 0.258 ms
30-04-2026 12:40:48 [[32MINFO[39M]: OPTIONS /user/destinations/search?q=Loort+%28LHR%29 204 0 - 0.246 ms
30-04-2026 12:40:48 [[32MINFO[39M]: GET /user/destinations/search?q=Londort+%28LHR%29 200 87 - 64.304 ms
30-04-2026 12:40:49 [[32MINFO[39M]: OPTIONS /user/destinations/search?q=Lort+%28LHR%29 204 0 - 0.258 ms
30-04-2026 12:40:49 [[32MINFO[39M]: GET /user/destinations/search?q=Lonort+%28LHR%29 200 87 - 53.601 ms
30-04-2026 12:40:49 [[32MINFO[39M]: GET /user/destinations/search?q=Loort+%28LHR%29 200 87 - 46.187 ms
30-04-2026 12:40:49 [[32MINFO[39M]: OPTIONS /user/destinations/search?q=ort+%28LHR%29 204 0 - 0.197 ms
30-04-2026 12:40:49 [[32MINFO[39M]: GET /user/destinations/search?q=Lort+%28LHR%29 200 87 - 55.357 ms
30-04-2026 12:40:49 [[32MINFO[39M]: GET /user/destinations/search?q=ort+%28LHR%29 200 87 - 59.581 ms
30-04-2026 12:40:50 [[32MINFO[39M]: OPTIONS /user/destinations/search?q=ort+%28LHR 204 0 - 0.553 ms
30-04-2026 12:40:50 [[32MINFO[39M]: GET /user/destinations/search?q=ort+%28LHR 400 113 - 100.673 ms
30-04-2026 12:40:51 [[32MINFO[39M]: OPTIONS /user/destinations/search?q=ort+%28LH 204 0 - 0.243 ms
30-04-2026 12:40:51 [[32MINFO[39M]: OPTIONS /user/destinations/search?q=ort+%28L 204 0 - 0.128 ms
30-04-2026 12:40:51 [[32MINFO[39M]: GET /user/destinations/search?q=ort+%28LH 400 113 - 38.882 ms
30-04-2026 12:40:51 [[32MINFO[39M]: OPTIONS /user/destinations/search?q=ort+%28 204 0 - 0.178 ms
30-04-2026 12:40:51 [[32MINFO[39M]: GET /user/destinations/search?q=ort+%28L 400 113 - 35.494 ms
30-04-2026 12:40:51 [[32MINFO[39M]: OPTIONS /user/destinations/search?q=ort+ 204 0 - 0.214 ms
30-04-2026 12:40:51 [[32MINFO[39M]: GET /user/destinations/search?q=ort+%28 400 113 - 33.754 ms
30-04-2026 12:40:51 [[32MINFO[39M]: OPTIONS /user/destinations/search?q=ort 204 0 - 0.221 ms
30-04-2026 12:40:51 [[32MINFO[39M]: GET /user/destinations/search?q=ort+ 304 - - 60.526 ms
30-04-2026 12:40:51 [[32MINFO[39M]: OPTIONS /user/destinations/search?q=or 204 0 - 0.170 ms
30-04-2026 12:40:51 [[32MINFO[39M]: GET /user/destinations/search?q=ort 304 - - 41.979 ms
30-04-2026 12:40:51 [[32MINFO[39M]: OPTIONS /user/destinations/search?q=o 204 0 - 0.243 ms
30-04-2026 12:40:51 [[32MINFO[39M]: GET /user/destinations/search?q=o 400 96 - 3.459 ms
30-04-2026 12:40:51 [[32MINFO[39M]: GET /user/destinations/search?q=or 304 - - 44.621 ms
30-04-2026 12:40:52 [[32MINFO[39M]: OPTIONS /user/destinations/search?q=d 204 0 - 0.206 ms
30-04-2026 12:40:52 [[32MINFO[39M]: GET /user/destinations/search?q=d 400 96 - 1.024 ms
30-04-2026 12:40:52 [[32MINFO[39M]: OPTIONS /user/destinations/search?q=dx 204 0 - 0.159 ms
30-04-2026 12:40:52 [[32MINFO[39M]: GET /user/destinations/search?q=dx 304 - - 49.092 ms
30-04-2026 12:40:53 [[32MINFO[39M]: OPTIONS /user/destinations/search?q=dxb 204 0 - 0.122 ms
30-04-2026 12:40:53 [[32MINFO[39M]: GET /user/destinations/search?q=dxb 304 - - 46.607 ms
30-04-2026 12:40:56 [[32MINFO[39M]: OPTIONS /user/flights/search?from=COK&to=DXB&departureDate=2026-04-30&passengers=1&tripType=one-way&page=1&limit=6 204 0 - 0.499 ms
30-04-2026 12:40:56 [[32MINFO[39M]: GET /user/flights/search?from=COK&to=DXB&departureDate=2026-04-30&passengers=1&tripType=one-way&page=1&limit=6 200 2198 - 206.145 ms
30-04-2026 12:41:09 [[32MINFO[39M]: OPTIONS /user/destinations/search?q=Dubai+International+Aiport+%28DXB%29 204 0 - 0.347 ms
30-04-2026 12:41:09 [[32MINFO[39M]: GET /user/destinations/search?q=Dubai+International+Aiport+%28DXB%29 200 87 - 47.654 ms
30-04-2026 12:41:10 [[32MINFO[39M]: OPTIONS /user/destinations/search?q=Dubai+International+Aport+%28DXB%29 204 0 - 1.074 ms
30-04-2026 12:41:10 [[32MINFO[39M]: OPTIONS /user/destinations/search?q=Dubai+International+port+%28DXB%29 204 0 - 0.963 ms
30-04-2026 12:41:10 [[32MINFO[39M]: OPTIONS /user/destinations/search?q=Dubai+Internationalport+%28DXB%29 204 0 - 0.848 ms
30-04-2026 12:41:10 [[32MINFO[39M]: GET /user/destinations/search?q=Dubai+International+Aport+%28DXB%29 200 87 - 49.397 ms
30-04-2026 12:41:10 [[32MINFO[39M]: GET /user/destinations/search?q=Dubai+International+port+%28DXB%29 200 87 - 43.946 ms
30-04-2026 12:41:10 [[32MINFO[39M]: OPTIONS /user/destinations/search?q=Dubai+Internationaport+%28DXB%29 204 0 - 0.164 ms
30-04-2026 12:41:10 [[32MINFO[39M]: GET /user/destinations/search?q=Dubai+Internationalport+%28DXB%29 200 87 - 46.666 ms
30-04-2026 12:41:10 [[32MINFO[39M]: OPTIONS /user/destinations/search?q=Dubai+Internationport+%28DXB%29 204 0 - 3.087 ms
30-04-2026 12:41:10 [[32MINFO[39M]: GET /user/destinations/search?q=Dubai+Internationaport+%28DXB%29 200 87 - 44.471 ms
30-04-2026 12:41:10 [[32MINFO[39M]: OPTIONS /user/destinations/search?q=Dubai+Internatioport+%28DXB%29 204 0 - 0.278 ms
30-04-2026 12:41:10 [[32MINFO[39M]: OPTIONS /user/destinations/search?q=Dubai+Internatiport+%28DXB%29 204 0 - 0.310 ms
30-04-2026 12:41:10 [[32MINFO[39M]: GET /user/destinations/search?q=Dubai+Internationport+%28DXB%29 200 87 - 51.515 ms
30-04-2026 12:41:10 [[32MINFO[39M]: GET /user/destinations/search?q=Dubai+Internatioport+%28DXB%29 200 87 - 44.756 ms
30-04-2026 12:41:10 [[32MINFO[39M]: OPTIONS /user/destinations/search?q=Dubai+Internatport+%28DXB%29 204 0 - 0.156 ms
30-04-2026 12:41:10 [[32MINFO[39M]: GET /user/destinations/search?q=Dubai+Internatiport+%28DXB%29 200 87 - 43.247 ms
30-04-2026 12:41:10 [[32MINFO[39M]: OPTIONS /user/destinations/search?q=Dubai+Internaport+%28DXB%29 204 0 - 0.151 ms
30-04-2026 12:41:10 [[32MINFO[39M]: GET /user/destinations/search?q=Dubai+Internatport+%28DXB%29 200 87 - 43.675 ms
30-04-2026 12:41:10 [[32MINFO[39M]: OPTIONS /user/destinations/search?q=Dubai+Internport+%28DXB%29 204 0 - 0.406 ms
30-04-2026 12:41:10 [[32MINFO[39M]: GET /user/destinations/search?q=Dubai+Internaport+%28DXB%29 200 87 - 47.529 ms
30-04-2026 12:41:10 [[32MINFO[39M]: OPTIONS /user/destinations/search?q=Dubai+Interport+%28DXB%29 204 0 - 0.182 ms
30-04-2026 12:41:10 [[32MINFO[39M]: GET /user/destinations/search?q=Dubai+Internport+%28DXB%29 200 87 - 43.885 ms
30-04-2026 12:41:10 [[32MINFO[39M]: OPTIONS /user/destinations/search?q=Dubai+Inteport+%28DXB%29 204 0 - 0.226 ms
30-04-2026 12:41:10 [[32MINFO[39M]: GET /user/destinations/search?q=Dubai+Interport+%28DXB%29 200 87 - 47.972 ms
30-04-2026 12:41:10 [[32MINFO[39M]: OPTIONS /user/destinations/search?q=Dubai+Intport+%28DXB%29 204 0 - 0.264 ms
30-04-2026 12:41:10 [[32MINFO[39M]: GET /user/destinations/search?q=Dubai+Inteport+%28DXB%29 200 87 - 44.435 ms
30-04-2026 12:41:10 [[32MINFO[39M]: OPTIONS /user/destinations/search?q=Dubai+Inport+%28DXB%29 204 0 - 0.177 ms
30-04-2026 12:41:10 [[32MINFO[39M]: GET /user/destinations/search?q=Dubai+Intport+%28DXB%29 200 87 - 41.738 ms
30-04-2026 12:41:10 [[32MINFO[39M]: OPTIONS /user/destinations/search?q=Dubai+Iport+%28DXB%29 204 0 - 0.212 ms
30-04-2026 12:41:10 [[32MINFO[39M]: GET /user/destinations/search?q=Dubai+Inport+%28DXB%29 200 87 - 41.837 ms
30-04-2026 12:41:10 [[32MINFO[39M]: OPTIONS /user/destinations/search?q=Dubai+port+%28DXB%29 204 0 - 0.485 ms
30-04-2026 12:41:10 [[32MINFO[39M]: GET /user/destinations/search?q=Dubai+Iport+%28DXB%29 200 87 - 52.177 ms
30-04-2026 12:41:10 [[32MINFO[39M]: OPTIONS /user/destinations/search?q=Dubaiport+%28DXB%29 204 0 - 0.211 ms
30-04-2026 12:41:10 [[32MINFO[39M]: GET /user/destinations/search?q=Dubai+port+%28DXB%29 200 87 - 44.895 ms
30-04-2026 12:41:10 [[32MINFO[39M]: OPTIONS /user/destinations/search?q=Dubaport+%28DXB%29 204 0 - 0.662 ms
30-04-2026 12:41:10 [[32MINFO[39M]: GET /user/destinations/search?q=Dubaiport+%28DXB%29 200 87 - 43.855 ms
30-04-2026 12:41:10 [[32MINFO[39M]: OPTIONS /user/destinations/search?q=Dubport+%28DXB%29 204 0 - 0.181 ms
30-04-2026 12:41:10 [[32MINFO[39M]: GET /user/destinations/search?q=Dubaport+%28DXB%29 200 87 - 43.445 ms
30-04-2026 12:41:10 [[32MINFO[39M]: OPTIONS /user/destinations/search?q=Duport+%28DXB%29 204 0 - 0.196 ms
30-04-2026 12:41:10 [[32MINFO[39M]: GET /user/destinations/search?q=Dubport+%28DXB%29 200 87 - 42.905 ms
30-04-2026 12:41:10 [[32MINFO[39M]: OPTIONS /user/destinations/search?q=Dport+%28DXB%29 204 0 - 0.188 ms
30-04-2026 12:41:10 [[32MINFO[39M]: OPTIONS /user/destinations/search?q=port+%28DXB%29 204 0 - 0.113 ms
30-04-2026 12:41:10 [[32MINFO[39M]: GET /user/destinations/search?q=Duport+%28DXB%29 200 87 - 58.260 ms
30-04-2026 12:41:10 [[32MINFO[39M]: GET /user/destinations/search?q=Dport+%28DXB%29 200 87 - 43.716 ms
30-04-2026 12:41:10 [[32MINFO[39M]: GET /user/destinations/search?q=port+%28DXB%29 200 87 - 42.512 ms
30-04-2026 12:41:12 [[32MINFO[39M]: OPTIONS /user/destinations/search?q=port+%28DXB 204 0 - 0.170 ms
30-04-2026 12:41:12 [[32MINFO[39M]: GET /user/destinations/search?q=port+%28DXB 400 113 - 37.094 ms
30-04-2026 12:41:12 [[32MINFO[39M]: OPTIONS /user/destinations/search?q=port+%28DX 204 0 - 0.168 ms
30-04-2026 12:41:12 [[32MINFO[39M]: OPTIONS /user/destinations/search?q=port+%28D 204 0 - 0.515 ms
30-04-2026 12:41:12 [[32MINFO[39M]: GET /user/destinations/search?q=port+%28DX 400 113 - 32.399 ms
30-04-2026 12:41:12 [[32MINFO[39M]: OPTIONS /user/destinations/search?q=port+%28 204 0 - 0.183 ms
30-04-2026 12:41:12 [[32MINFO[39M]: GET /user/destinations/search?q=port+%28D 400 113 - 34.374 ms
30-04-2026 12:41:12 [[32MINFO[39M]: OPTIONS /user/destinations/search?q=port+ 204 0 - 0.165 ms
30-04-2026 12:41:12 [[32MINFO[39M]: GET /user/destinations/search?q=port+%28 400 113 - 33.961 ms
30-04-2026 12:41:13 [[32MINFO[39M]: OPTIONS /user/destinations/search?q=port 204 0 - 0.182 ms
30-04-2026 12:41:13 [[32MINFO[39M]: GET /user/destinations/search?q=port+ 200 4845 - 52.215 ms
30-04-2026 12:41:13 [[32MINFO[39M]: OPTIONS /user/destinations/search?q=por 204 0 - 0.216 ms
30-04-2026 12:41:13 [[32MINFO[39M]: OPTIONS /user/destinations/search?q=po 204 0 - 0.185 ms
30-04-2026 12:41:13 [[32MINFO[39M]: GET /user/destinations/search?q=port 200 4845 - 48.259 ms
30-04-2026 12:41:13 [[32MINFO[39M]: GET /user/destinations/search?q=por 200 4845 - 39.279 ms
30-04-2026 12:41:13 [[32MINFO[39M]: OPTIONS /user/destinations/search?q=p 204 0 - 1.037 ms
30-04-2026 12:41:13 [[32MINFO[39M]: GET /user/destinations/search?q=p 400 96 - 0.834 ms
30-04-2026 12:41:13 [[32MINFO[39M]: GET /user/destinations/search?q=po 200 4845 - 36.187 ms
30-04-2026 12:41:14 [[32MINFO[39M]: OPTIONS /user/destinations/search?q=b 204 0 - 0.168 ms
30-04-2026 12:41:14 [[32MINFO[39M]: GET /user/destinations/search?q=b 400 96 - 1.255 ms
30-04-2026 12:41:14 [[32MINFO[39M]: OPTIONS /user/destinations/search?q=bo 204 0 - 0.176 ms
30-04-2026 12:41:14 [[32MINFO[39M]: GET /user/destinations/search?q=bo 304 - - 41.484 ms
30-04-2026 12:41:14 [[32MINFO[39M]: OPTIONS /user/destinations/search?q=bom 204 0 - 0.279 ms
30-04-2026 12:41:14 [[32MINFO[39M]: GET /user/destinations/search?q=bom 304 - - 43.860 ms
30-04-2026 12:41:17 [[32MINFO[39M]: OPTIONS /user/flights/search?from=COK&to=BOM&departureDate=2026-04-30&passengers=1&tripType=one-way&page=1&limit=6 204 0 - 0.303 ms
30-04-2026 12:41:17 [[32MINFO[39M]: GET /user/flights/search?from=COK&to=BOM&departureDate=2026-04-30&passengers=1&tripType=one-way&page=1&limit=6 200 841 - 76.993 ms
30-04-2026 12:41:26 [[32MINFO[39M]: OPTIONS /user/destinations/search?q=Chhatrapati+Shivaji+Intrnational+Airport+%28BOM%29 204 0 - 0.591 ms
30-04-2026 12:41:26 [[32MINFO[39M]: GET /user/destinations/search?q=Chhatrapati+Shivaji+Intrnational+Airport+%28BOM%29 200 87 - 53.645 ms
30-04-2026 12:41:27 [[32MINFO[39M]: OPTIONS /user/destinations/search?q=Chhatrapati+Shivaji+Inrnational+Airport+%28BOM%29 204 0 - 0.791 ms
30-04-2026 12:41:27 [[32MINFO[39M]: OPTIONS /user/destinations/search?q=Chhatrapati+Shivaji+Irnational+Airport+%28BOM%29 204 0 - 0.156 ms
30-04-2026 12:41:27 [[32MINFO[39M]: OPTIONS /user/destinations/search?q=Chhatrapati+Shivaji+rnational+Airport+%28BOM%29 204 0 - 0.239 ms
30-04-2026 12:41:27 [[32MINFO[39M]: GET /user/destinations/search?q=Chhatrapati+Shivaji+Inrnational+Airport+%28BOM%29 200 87 - 53.617 ms
30-04-2026 12:41:27 [[32MINFO[39M]: GET /user/destinations/search?q=Chhatrapati+Shivaji+Irnational+Airport+%28BOM%29 200 87 - 47.909 ms
30-04-2026 12:41:27 [[32MINFO[39M]: OPTIONS /user/destinations/search?q=Chhatrapati+Shivajirnational+Airport+%28BOM%29 204 0 - 0.166 ms
30-04-2026 12:41:27 [[32MINFO[39M]: GET /user/destinations/search?q=Chhatrapati+Shivaji+rnational+Airport+%28BOM%29 200 87 - 45.156 ms
30-04-2026 12:41:27 [[32MINFO[39M]: OPTIONS /user/destinations/search?q=Chhatrapati+Shivajrnational+Airport+%28BOM%29 204 0 - 0.812 ms
30-04-2026 12:41:27 [[32MINFO[39M]: OPTIONS /user/destinations/search?q=Chhatrapati+Shivarnational+Airport+%28BOM%29 204 0 - 0.361 ms
30-04-2026 12:41:27 [[32MINFO[39M]: GET /user/destinations/search?q=Chhatrapati+Shivajirnational+Airport+%28BOM%29 200 87 - 51.787 ms
30-04-2026 12:41:27 [[32MINFO[39M]: GET /user/destinations/search?q=Chhatrapati+Shivajrnational+Airport+%28BOM%29 200 87 - 46.009 ms
30-04-2026 12:41:27 [[32MINFO[39M]: OPTIONS /user/destinations/search?q=Chhatrapati+Shivrnational+Airport+%28BOM%29 204 0 - 0.108 ms
30-04-2026 12:41:27 [[32MINFO[39M]: GET /user/destinations/search?q=Chhatrapati+Shivarnational+Airport+%28BOM%29 200 87 - 44.272 ms
30-04-2026 12:41:27 [[32MINFO[39M]: OPTIONS /user/destinations/search?q=Chhatrapati+Shirnational+Airport+%28BOM%29 204 0 - 0.100 ms
30-04-2026 12:41:27 [[32MINFO[39M]: GET /user/destinations/search?q=Chhatrapati+Shivrnational+Airport+%28BOM%29 200 87 - 46.366 ms
30-04-2026 12:41:27 [[32MINFO[39M]: OPTIONS /user/destinations/search?q=Chhatrapati+Shrnational+Airport+%28BOM%29 204 0 - 0.259 ms
30-04-2026 12:41:27 [[32MINFO[39M]: GET /user/destinations/search?q=Chhatrapati+Shirnational+Airport+%28BOM%29 200 87 - 43.305 ms
30-04-2026 12:41:27 [[32MINFO[39M]: OPTIONS /user/destinations/search?q=Chhatrapati+Srnational+Airport+%28BOM%29 204 0 - 0.192 ms
30-04-2026 12:41:27 [[32MINFO[39M]: GET /user/destinations/search?q=Chhatrapati+Shrnational+Airport+%28BOM%29 200 87 - 43.843 ms
30-04-2026 12:41:27 [[32MINFO[39M]: OPTIONS /user/destinations/search?q=Chhatrapati+rnational+Airport+%28BOM%29 204 0 - 0.324 ms
30-04-2026 12:41:27 [[32MINFO[39M]: GET /user/destinations/search?q=Chhatrapati+Srnational+Airport+%28BOM%29 200 87 - 45.179 ms
30-04-2026 12:41:27 [[32MINFO[39M]: OPTIONS /user/destinations/search?q=Chhatrapatirnational+Airport+%28BOM%29 204 0 - 0.182 ms
30-04-2026 12:41:27 [[32MINFO[39M]: GET /user/destinations/search?q=Chhatrapati+rnational+Airport+%28BOM%29 200 87 - 42.666 ms
30-04-2026 12:41:27 [[32MINFO[39M]: OPTIONS /user/destinations/search?q=Chhatrapatrnational+Airport+%28BOM%29 204 0 - 0.163 ms
30-04-2026 12:41:27 [[32MINFO[39M]: GET /user/destinations/search?q=Chhatrapatirnational+Airport+%28BOM%29 200 87 - 42.725 ms
30-04-2026 12:41:27 [[32MINFO[39M]: OPTIONS /user/destinations/search?q=Chhatraparnational+Airport+%28BOM%29 204 0 - 0.205 ms
30-04-2026 12:41:27 [[32MINFO[39M]: GET /user/destinations/search?q=Chhatrapatrnational+Airport+%28BOM%29 200 87 - 43.239 ms
30-04-2026 12:41:27 [[32MINFO[39M]: OPTIONS /user/destinations/search?q=Chhatraprnational+Airport+%28BOM%29 204 0 - 0.201 ms
30-04-2026 12:41:27 [[32MINFO[39M]: GET /user/destinations/search?q=Chhatraparnational+Airport+%28BOM%29 200 87 - 45.444 ms
30-04-2026 12:41:27 [[32MINFO[39M]: OPTIONS /user/destinations/search?q=Chhatrarnational+Airport+%28BOM%29 204 0 - 0.204 ms
30-04-2026 12:41:27 [[32MINFO[39M]: GET /user/destinations/search?q=Chhatraprnational+Airport+%28BOM%29 200 87 - 44.622 ms
30-04-2026 12:41:27 [[32MINFO[39M]: OPTIONS /user/destinations/search?q=Chhatrrnational+Airport+%28BOM%29 204 0 - 0.765 ms
30-04-2026 12:41:27 [[32MINFO[39M]: GET /user/destinations/search?q=Chhatrarnational+Airport+%28BOM%29 200 87 - 43.373 ms
30-04-2026 12:41:27 [[32MINFO[39M]: GET /user/destinations/search?q=Chhatrrnational+Airport+%28BOM%29 200 87 - 62.238 ms
30-04-2026 12:41:28 [[32MINFO[39M]: OPTIONS /user/destinations/search?q=Chhatrrnational+Airpor+%28BOM%29 204 0 - 0.294 ms
30-04-2026 12:41:28 [[32MINFO[39M]: GET /user/destinations/search?q=Chhatrrnational+Airpor+%28BOM%29 200 87 - 46.700 ms
30-04-2026 12:41:29 [[32MINFO[39M]: OPTIONS /user/destinations/search?q=Chhatrrnational+Airpo+%28BOM%29 204 0 - 0.168 ms
30-04-2026 12:41:29 [[32MINFO[39M]: OPTIONS /user/destinations/search?q=Chhatrrnational+Airp+%28BOM%29 204 0 - 0.978 ms
30-04-2026 12:41:29 [[32MINFO[39M]: OPTIONS /user/destinations/search?q=Chhatrrnational+Air+%28BOM%29 204 0 - 0.452 ms
30-04-2026 12:41:29 [[32MINFO[39M]: GET /user/destinations/search?q=Chhatrrnational+Airpo+%28BOM%29 200 87 - 59.756 ms
30-04-2026 12:41:29 [[32MINFO[39M]: GET /user/destinations/search?q=Chhatrrnational+Airp+%28BOM%29 200 87 - 42.323 ms
30-04-2026 12:41:29 [[32MINFO[39M]: OPTIONS /user/destinations/search?q=Chhatrrnational+Ai+%28BOM%29 204 0 - 0.163 ms
30-04-2026 12:41:29 [[32MINFO[39M]: GET /user/destinations/search?q=Chhatrrnational+Air+%28BOM%29 200 87 - 43.560 ms
30-04-2026 12:41:29 [[32MINFO[39M]: OPTIONS /user/destinations/search?q=Chhatrrnational+A+%28BOM%29 204 0 - 0.203 ms
30-04-2026 12:41:29 [[32MINFO[39M]: GET /user/destinations/search?q=Chhatrrnational+Ai+%28BOM%29 200 87 - 41.582 ms
30-04-2026 12:41:29 [[32MINFO[39M]: OPTIONS /user/destinations/search?q=Chhatrrnational++%28BOM%29 204 0 - 0.162 ms
30-04-2026 12:41:29 [[32MINFO[39M]: GET /user/destinations/search?q=Chhatrrnational+A+%28BOM%29 200 87 - 47.238 ms
30-04-2026 12:41:29 [[32MINFO[39M]: OPTIONS /user/destinations/search?q=Chhatrrnational+%28BOM%29 204 0 - 0.161 ms
30-04-2026 12:41:29 [[32MINFO[39M]: OPTIONS /user/destinations/search?q=Chhatrrnationa+%28BOM%29 204 0 - 0.151 ms
30-04-2026 12:41:29 [[32MINFO[39M]: GET /user/destinations/search?q=Chhatrrnational++%28BOM%29 200 87 - 49.145 ms
30-04-2026 12:41:29 [[32MINFO[39M]: GET /user/destinations/search?q=Chhatrrnational+%28BOM%29 200 87 - 43.981 ms
30-04-2026 12:41:29 [[32MINFO[39M]: OPTIONS /user/destinations/search?q=Chhatrrnation+%28BOM%29 204 0 - 0.324 ms
30-04-2026 12:41:29 [[32MINFO[39M]: GET /user/destinations/search?q=Chhatrrnationa+%28BOM%29 200 87 - 43.351 ms
30-04-2026 12:41:29 [[32MINFO[39M]: OPTIONS /user/destinations/search?q=Chhatrrnatio+%28BOM%29 204 0 - 0.193 ms
30-04-2026 12:41:29 [[32MINFO[39M]: GET /user/destinations/search?q=Chhatrrnation+%28BOM%29 200 87 - 44.188 ms
30-04-2026 12:41:29 [[32MINFO[39M]: OPTIONS /user/destinations/search?q=Chhatrrnati+%28BOM%29 204 0 - 0.173 ms
30-04-2026 12:41:29 [[32MINFO[39M]: GET /user/destinations/search?q=Chhatrrnatio+%28BOM%29 200 87 - 45.238 ms
30-04-2026 12:41:29 [[32MINFO[39M]: OPTIONS /user/destinations/search?q=Chhatrrnat+%28BOM%29 204 0 - 0.621 ms
30-04-2026 12:41:29 [[32MINFO[39M]: GET /user/destinations/search?q=Chhatrrnati+%28BOM%29 200 87 - 44.660 ms
30-04-2026 12:41:29 [[32MINFO[39M]: OPTIONS /user/destinations/search?q=Chhatrrna+%28BOM%29 204 0 - 0.319 ms
30-04-2026 12:41:29 [[32MINFO[39M]: GET /user/destinations/search?q=Chhatrrnat+%28BOM%29 200 87 - 45.356 ms
30-04-2026 12:41:29 [[32MINFO[39M]: OPTIONS /user/destinations/search?q=Chhatrrn+%28BOM%29 204 0 - 0.965 ms
30-04-2026 12:41:29 [[32MINFO[39M]: GET /user/destinations/search?q=Chhatrrna+%28BOM%29 200 87 - 43.527 ms
30-04-2026 12:41:29 [[32MINFO[39M]: OPTIONS /user/destinations/search?q=Chhatrr+%28BOM%29 204 0 - 0.858 ms
30-04-2026 12:41:29 [[32MINFO[39M]: GET /user/destinations/search?q=Chhatrrn+%28BOM%29 200 87 - 43.904 ms
30-04-2026 12:41:29 [[32MINFO[39M]: OPTIONS /user/destinations/search?q=Chhatr+%28BOM%29 204 0 - 0.190 ms
30-04-2026 12:41:29 [[32MINFO[39M]: GET /user/destinations/search?q=Chhatrr+%28BOM%29 200 87 - 42.505 ms
30-04-2026 12:41:29 [[32MINFO[39M]: OPTIONS /user/destinations/search?q=Chhat+%28BOM%29 204 0 - 0.198 ms
30-04-2026 12:41:29 [[32MINFO[39M]: GET /user/destinations/search?q=Chhatr+%28BOM%29 200 87 - 49.899 ms
30-04-2026 12:41:29 [[32MINFO[39M]: OPTIONS /user/destinations/search?q=Chha+%28BOM%29 204 0 - 0.211 ms
30-04-2026 12:41:29 [[32MINFO[39M]: OPTIONS /user/destinations/search?q=Chh+%28BOM%29 204 0 - 0.339 ms
30-04-2026 12:41:29 [[32MINFO[39M]: GET /user/destinations/search?q=Chhat+%28BOM%29 200 87 - 52.587 ms
30-04-2026 12:41:29 [[32MINFO[39M]: OPTIONS /user/destinations/search?q=Ch+%28BOM%29 204 0 - 0.753 ms
30-04-2026 12:41:29 [[32MINFO[39M]: GET /user/destinations/search?q=Chha+%28BOM%29 200 87 - 44.299 ms
30-04-2026 12:41:29 [[32MINFO[39M]: GET /user/destinations/search?q=Chh+%28BOM%29 200 87 - 42.377 ms
30-04-2026 12:41:29 [[32MINFO[39M]: GET /user/destinations/search?q=Ch+%28BOM%29 200 87 - 43.139 ms
30-04-2026 12:41:31 [[32MINFO[39M]: OPTIONS /user/destinations/search?q=Ch+%28BOM 204 0 - 0.421 ms
30-04-2026 12:41:31 [[32MINFO[39M]: GET /user/destinations/search?q=Ch+%28BOM 400 113 - 37.035 ms
30-04-2026 12:41:32 [[32MINFO[39M]: OPTIONS /user/destinations/search?q=Ch+%28BO 204 0 - 0.177 ms
30-04-2026 12:41:32 [[32MINFO[39M]: OPTIONS /user/destinations/search?q=Ch+%28B 204 0 - 0.141 ms
30-04-2026 12:41:32 [[32MINFO[39M]: GET /user/destinations/search?q=Ch+%28BO 400 113 - 38.515 ms
30-04-2026 12:41:32 [[32MINFO[39M]: OPTIONS /user/destinations/search?q=Ch+%28 204 0 - 0.143 ms
30-04-2026 12:41:32 [[32MINFO[39M]: GET /user/destinations/search?q=Ch+%28B 400 113 - 35.721 ms
30-04-2026 12:41:32 [[32MINFO[39M]: OPTIONS /user/destinations/search?q=Ch+ 204 0 - 3.479 ms
30-04-2026 12:41:32 [[32MINFO[39M]: GET /user/destinations/search?q=Ch+%28 400 113 - 33.566 ms
30-04-2026 12:41:32 [[32MINFO[39M]: OPTIONS /user/destinations/search?q=Ch 204 0 - 3.345 ms
30-04-2026 12:41:32 [[32MINFO[39M]: GET /user/destinations/search?q=Ch+ 200 5004 - 37.610 ms
30-04-2026 12:41:32 [[32MINFO[39M]: OPTIONS /user/destinations/search?q=C 204 0 - 0.163 ms
30-04-2026 12:41:32 [[32MINFO[39M]: GET /user/destinations/search?q=Ch 200 5004 - 63.931 ms
30-04-2026 12:41:32 [[32MINFO[39M]: GET /user/destinations/search?q=C 400 96 - 0.923 ms
30-04-2026 12:41:32 [[32MINFO[39M]: OPTIONS /user/destinations/search?q=l 204 0 - 0.215 ms
30-04-2026 12:41:32 [[32MINFO[39M]: GET /user/destinations/search?q=l 400 96 - 0.987 ms
30-04-2026 12:41:33 [[32MINFO[39M]: OPTIONS /user/destinations/search?q=lh 204 0 - 0.149 ms
30-04-2026 12:41:33 [[32MINFO[39M]: GET /user/destinations/search?q=lh 304 - - 48.877 ms
30-04-2026 12:41:34 [[32MINFO[39M]: OPTIONS /user/destinations/search?q=lhr 204 0 - 0.571 ms
30-04-2026 12:41:34 [[32MINFO[39M]: GET /user/destinations/search?q=lhr 304 - - 49.592 ms
30-04-2026 12:41:36 [[32MINFO[39M]: OPTIONS /user/destinations/search?q=Cochin+International+Aiport+%28COK%29 204 0 - 0.247 ms
30-04-2026 12:41:36 [[32MINFO[39M]: GET /user/destinations/search?q=Cochin+International+Aiport+%28COK%29 200 87 - 46.531 ms
30-04-2026 12:41:36 [[32MINFO[39M]: OPTIONS /user/destinations/search?q=Cochin+International+Aport+%28COK%29 204 0 - 0.822 ms
30-04-2026 12:41:36 [[32MINFO[39M]: OPTIONS /user/destinations/search?q=Cochin+International+port+%28COK%29 204 0 - 0.130 ms
30-04-2026 12:41:36 [[32MINFO[39M]: OPTIONS /user/destinations/search?q=Cochin+Internationalport+%28COK%29 204 0 - 0.302 ms
30-04-2026 12:41:36 [[32MINFO[39M]: GET /user/destinations/search?q=Cochin+International+Aport+%28COK%29 200 87 - 68.369 ms
30-04-2026 12:41:36 [[32MINFO[39M]: GET /user/destinations/search?q=Cochin+International+port+%28COK%29 200 87 - 56.076 ms
30-04-2026 12:41:36 [[32MINFO[39M]: OPTIONS /user/destinations/search?q=Cochin+Internationaport+%28COK%29 204 0 - 0.148 ms
30-04-2026 12:41:36 [[32MINFO[39M]: OPTIONS /user/destinations/search?q=Cochin+Internationport+%28COK%29 204 0 - 0.174 ms
30-04-2026 12:41:36 [[32MINFO[39M]: GET /user/destinations/search?q=Cochin+Internationalport+%28COK%29 200 87 - 65.361 ms
30-04-2026 12:41:36 [[32MINFO[39M]: OPTIONS /user/destinations/search?q=Cochin+Internatioport+%28COK%29 204 0 - 2.310 ms
30-04-2026 12:41:36 [[32MINFO[39M]: GET /user/destinations/search?q=Cochin+Internationaport+%28COK%29 200 87 - 61.405 ms
30-04-2026 12:41:36 [[32MINFO[39M]: GET /user/destinations/search?q=Cochin+Internationport+%28COK%29 200 87 - 41.392 ms
30-04-2026 12:41:36 [[32MINFO[39M]: OPTIONS /user/destinations/search?q=Cochin+Internatiport+%28COK%29 204 0 - 0.179 ms
30-04-2026 12:41:36 [[32MINFO[39M]: GET /user/destinations/search?q=Cochin+Internatioport+%28COK%29 200 87 - 41.701 ms
30-04-2026 12:41:36 [[32MINFO[39M]: OPTIONS /user/destinations/search?q=Cochin+Internatport+%28COK%29 204 0 - 0.248 ms
30-04-2026 12:41:36 [[32MINFO[39M]: GET /user/destinations/search?q=Cochin+Internatiport+%28COK%29 200 87 - 46.811 ms
30-04-2026 12:41:36 [[32MINFO[39M]: OPTIONS /user/destinations/search?q=Cochin+Internaport+%28COK%29 204 0 - 0.225 ms
30-04-2026 12:41:36 [[32MINFO[39M]: OPTIONS /user/destinations/search?q=Cochin+Internport+%28COK%29 204 0 - 0.254 ms
30-04-2026 12:41:36 [[32MINFO[39M]: GET /user/destinations/search?q=Cochin+Internatport+%28COK%29 200 87 - 61.077 ms
30-04-2026 12:41:36 [[32MINFO[39M]: GET /user/destinations/search?q=Cochin+Internaport+%28COK%29 200 87 - 52.470 ms
30-04-2026 12:41:36 [[32MINFO[39M]: OPTIONS /user/destinations/search?q=Cochin+Interport+%28COK%29 204 0 - 1.133 ms
30-04-2026 12:41:36 [[32MINFO[39M]: GET /user/destinations/search?q=Cochin+Internport+%28COK%29 200 87 - 40.407 ms
30-04-2026 12:41:36 [[32MINFO[39M]: OPTIONS /user/destinations/search?q=Cochin+Inteport+%28COK%29 204 0 - 0.223 ms
30-04-2026 12:41:36 [[32MINFO[39M]: GET /user/destinations/search?q=Cochin+Interport+%28COK%29 200 87 - 44.575 ms
30-04-2026 12:41:37 [[32MINFO[39M]: OPTIONS /user/destinations/search?q=Cochin+Intport+%28COK%29 204 0 - 0.194 ms
30-04-2026 12:41:37 [[32MINFO[39M]: GET /user/destinations/search?q=Cochin+Inteport+%28COK%29 200 87 - 47.319 ms
30-04-2026 12:41:37 [[32MINFO[39M]: OPTIONS /user/destinations/search?q=Cochin+Inport+%28COK%29 204 0 - 0.206 ms
30-04-2026 12:41:37 [[32MINFO[39M]: GET /user/destinations/search?q=Cochin+Intport+%28COK%29 200 87 - 48.505 ms
30-04-2026 12:41:37 [[32MINFO[39M]: OPTIONS /user/destinations/search?q=Cochin+Iport+%28COK%29 204 0 - 0.171 ms
30-04-2026 12:41:37 [[32MINFO[39M]: GET /user/destinations/search?q=Cochin+Inport+%28COK%29 200 87 - 57.192 ms
30-04-2026 12:41:37 [[32MINFO[39M]: OPTIONS /user/destinations/search?q=Cochin+port+%28COK%29 204 0 - 0.170 ms
30-04-2026 12:41:37 [[32MINFO[39M]: GET /user/destinations/search?q=Cochin+Iport+%28COK%29 200 87 - 46.561 ms
30-04-2026 12:41:37 [[32MINFO[39M]: OPTIONS /user/destinations/search?q=Cochinport+%28COK%29 204 0 - 0.263 ms
30-04-2026 12:41:37 [[32MINFO[39M]: GET /user/destinations/search?q=Cochin+port+%28COK%29 200 87 - 47.113 ms
30-04-2026 12:41:37 [[32MINFO[39M]: OPTIONS /user/destinations/search?q=Cochiport+%28COK%29 204 0 - 0.291 ms
30-04-2026 12:41:37 [[32MINFO[39M]: GET /user/destinations/search?q=Cochinport+%28COK%29 200 87 - 54.634 ms
30-04-2026 12:41:37 [[32MINFO[39M]: OPTIONS /user/destinations/search?q=Cochport+%28COK%29 204 0 - 0.194 ms
30-04-2026 12:41:37 [[32MINFO[39M]: GET /user/destinations/search?q=Cochiport+%28COK%29 200 87 - 54.440 ms
30-04-2026 12:41:37 [[32MINFO[39M]: OPTIONS /user/destinations/search?q=Cocport+%28COK%29 204 0 - 0.420 ms
30-04-2026 12:41:37 [[32MINFO[39M]: GET /user/destinations/search?q=Cochport+%28COK%29 200 87 - 50.207 ms
30-04-2026 12:41:37 [[32MINFO[39M]: OPTIONS /user/destinations/search?q=Coport+%28COK%29 204 0 - 0.107 ms
30-04-2026 12:41:37 [[32MINFO[39M]: GET /user/destinations/search?q=Cocport+%28COK%29 200 87 - 49.650 ms
30-04-2026 12:41:37 [[32MINFO[39M]: OPTIONS /user/destinations/search?q=Cport+%28COK%29 204 0 - 0.102 ms
30-04-2026 12:41:37 [[32MINFO[39M]: OPTIONS /user/destinations/search?q=port+%28COK%29 204 0 - 0.399 ms
30-04-2026 12:41:37 [[32MINFO[39M]: GET /user/destinations/search?q=Coport+%28COK%29 200 87 - 59.466 ms
30-04-2026 12:41:37 [[32MINFO[39M]: GET /user/destinations/search?q=Cport+%28COK%29 200 87 - 51.257 ms
30-04-2026 12:41:37 [[32MINFO[39M]: GET /user/destinations/search?q=port+%28COK%29 200 87 - 59.813 ms
30-04-2026 12:41:38 [[32MINFO[39M]: OPTIONS /user/destinations/search?q=port+%28COK 204 0 - 0.139 ms
30-04-2026 12:41:38 [[32MINFO[39M]: GET /user/destinations/search?q=port+%28COK 400 113 - 88.770 ms
30-04-2026 12:41:38 [[32MINFO[39M]: OPTIONS /user/destinations/search?q=port+%28CO 204 0 - 0.291 ms
30-04-2026 12:41:39 [[32MINFO[39M]: OPTIONS /user/destinations/search?q=port+%28C 204 0 - 0.161 ms
30-04-2026 12:41:39 [[32MINFO[39M]: GET /user/destinations/search?q=port+%28CO 400 113 - 38.730 ms
30-04-2026 12:41:39 [[32MINFO[39M]: OPTIONS /user/destinations/search?q=port+%28 204 0 - 0.363 ms
30-04-2026 12:41:39 [[32MINFO[39M]: GET /user/destinations/search?q=port+%28C 400 113 - 36.801 ms
30-04-2026 12:41:39 [[32MINFO[39M]: OPTIONS /user/destinations/search?q=port+ 204 0 - 0.377 ms
30-04-2026 12:41:39 [[32MINFO[39M]: GET /user/destinations/search?q=port+%28 400 113 - 36.798 ms
30-04-2026 12:41:39 [[32MINFO[39M]: OPTIONS /user/destinations/search?q=port 204 0 - 0.286 ms
30-04-2026 12:41:39 [[32MINFO[39M]: GET /user/destinations/search?q=port+ 304 - - 44.252 ms
30-04-2026 12:41:39 [[32MINFO[39M]: OPTIONS /user/destinations/search?q=por 204 0 - 0.192 ms
30-04-2026 12:41:39 [[32MINFO[39M]: GET /user/destinations/search?q=port 304 - - 56.651 ms
30-04-2026 12:41:39 [[32MINFO[39M]: OPTIONS /user/destinations/search?q=po 204 0 - 0.788 ms
30-04-2026 12:41:39 [[32MINFO[39M]: OPTIONS /user/destinations/search?q=p 204 0 - 0.144 ms
30-04-2026 12:41:39 [[32MINFO[39M]: GET /user/destinations/search?q=p 400 96 - 1.133 ms
30-04-2026 12:41:39 [[32MINFO[39M]: GET /user/destinations/search?q=por 304 - - 63.636 ms
30-04-2026 12:41:39 [[32MINFO[39M]: GET /user/destinations/search?q=po 304 - - 55.583 ms
30-04-2026 12:41:39 [[32MINFO[39M]: OPTIONS /user/destinations/search?q=b 204 0 - 0.206 ms
30-04-2026 12:41:39 [[32MINFO[39M]: GET /user/destinations/search?q=b 429 97 - 5.982 ms
30-04-2026 12:41:40 [[32MINFO[39M]: OPTIONS /user/destinations/search?q=bo 204 0 - 0.173 ms
30-04-2026 12:41:40 [[32MINFO[39M]: GET /user/destinations/search?q=bo 429 97 - 0.836 ms
30-04-2026 12:41:40 [[32MINFO[39M]: OPTIONS /user/destinations/search?q=bom 204 0 - 0.197 ms
30-04-2026 12:41:40 [[32MINFO[39M]: GET /user/destinations/search?q=bom 429 97 - 0.751 ms
30-04-2026 12:41:42 [[32MINFO[39M]: GET /user/destinations/search?q=bo 429 97 - 0.961 ms
30-04-2026 12:41:42 [[32MINFO[39M]: GET /user/destinations/search?q=b 429 97 - 0.625 ms
30-04-2026 12:41:43 [[32MINFO[39M]: GET /user/destinations/search?q=bo 429 97 - 0.631 ms
30-04-2026 12:41:43 [[32MINFO[39M]: GET /user/destinations/search?q=bom 429 97 - 0.704 ms
30-04-2026 12:41:46 [[32MINFO[39M]: OPTIONS /user/destinations/search?q=bo 204 0 - 1.300 ms
30-04-2026 12:41:46 [[32MINFO[39M]: GET /user/destinations/search?q=bo 429 97 - 0.508 ms
30-04-2026 12:41:46 [[32MINFO[39M]: OPTIONS /user/destinations/search?q=b 204 0 - 0.200 ms
30-04-2026 12:41:47 [[32MINFO[39M]: GET /user/destinations/search?q=b 429 97 - 1.071 ms
30-04-2026 12:41:47 [[32MINFO[39M]: GET /user/destinations/search?q=b 429 97 - 10.559 ms
30-04-2026 12:41:50 [[32MINFO[39M]: OPTIONS /user/destinations/search?q=lh 204 0 - 0.256 ms
30-04-2026 12:41:50 [[32MINFO[39M]: GET /user/destinations/search?q=lh 304 - - 48.112 ms
30-04-2026 12:41:50 [[32MINFO[39M]: OPTIONS /user/destinations/search?q=l 204 0 - 0.179 ms
30-04-2026 12:41:50 [[32MINFO[39M]: GET /user/destinations/search?q=l 400 96 - 3.990 ms
30-04-2026 12:41:51 [[32MINFO[39M]: GET /user/destinations/search?q=l 400 96 - 2.306 ms
30-04-2026 12:41:52 [[32MINFO[39M]: GET /user/destinations/search?q=lh 304 - - 47.571 ms
30-04-2026 12:41:52 [[32MINFO[39M]: OPTIONS /user/destinations/search?q=lhr 204 0 - 1.399 ms
30-04-2026 12:41:52 [[32MINFO[39M]: GET /user/destinations/search?q=lhr 304 - - 50.259 ms
30-04-2026 12:41:56 [[32MINFO[39M]: OPTIONS /user/destinations/search?q=b 204 0 - 0.414 ms
30-04-2026 12:41:56 [[32MINFO[39M]: GET /user/destinations/search?q=b 400 96 - 0.863 ms
30-04-2026 12:41:56 [[32MINFO[39M]: OPTIONS /user/destinations/search?q=bo 204 0 - 0.227 ms
30-04-2026 12:41:56 [[32MINFO[39M]: GET /user/destinations/search?q=bo 200 5033 - 40.714 ms
30-04-2026 12:41:58 [[32MINFO[39M]: OPTIONS /user/destinations/search?q=bom 204 0 - 0.253 ms
30-04-2026 12:41:58 [[32MINFO[39M]: GET /user/destinations/search?q=bom 200 831 - 47.861 ms
30-04-2026 12:42:01 [[32MINFO[39M]: OPTIONS /user/flights/search?from=BOM&to=LHR&departureDate=2026-04-30&passengers=1&tripType=one-way&page=1&limit=6 204 0 - 0.208 ms
30-04-2026 12:42:01 [[32MINFO[39M]: GET /user/flights/search?from=BOM&to=LHR&departureDate=2026-04-30&passengers=1&tripType=one-way&page=1&limit=6 304 - - 120.141 ms
30-04-2026 12:42:14 [[32MINFO[39M]: OPTIONS /user/destinations/search?q=Chhatrapati+Shivaji+Intrnational+Airport+%28BOM%29 204 0 - 0.238 ms
30-04-2026 12:42:14 [[32MINFO[39M]: GET /user/destinations/search?q=Chhatrapati+Shivaji+Intrnational+Airport+%28BOM%29 304 - - 46.580 ms
30-04-2026 12:42:14 [[32MINFO[39M]: OPTIONS /user/destinations/search?q=Chhatrapati+Shivaji+Inrnational+Airport+%28BOM%29 204 0 - 0.143 ms
30-04-2026 12:42:14 [[32MINFO[39M]: OPTIONS /user/destinations/search?q=Chhatrapati+Shivaji+Irnational+Airport+%28BOM%29 204 0 - 0.132 ms
30-04-2026 12:42:14 [[32MINFO[39M]: OPTIONS /user/destinations/search?q=Chhatrapati+Shivaji+rnational+Airport+%28BOM%29 204 0 - 0.148 ms
30-04-2026 12:42:14 [[32MINFO[39M]: GET /user/destinations/search?q=Chhatrapati+Shivaji+Inrnational+Airport+%28BOM%29 304 - - 51.340 ms
30-04-2026 12:42:14 [[32MINFO[39M]: GET /user/destinations/search?q=Chhatrapati+Shivaji+Irnational+Airport+%28BOM%29 304 - - 53.995 ms
30-04-2026 12:42:14 [[32MINFO[39M]: OPTIONS /user/destinations/search?q=Chhatrapati+Shivajirnational+Airport+%28BOM%29 204 0 - 0.178 ms
30-04-2026 12:42:14 [[32MINFO[39M]: OPTIONS /user/destinations/search?q=Chhatrapati+Shivajrnational+Airport+%28BOM%29 204 0 - 0.181 ms
30-04-2026 12:42:14 [[32MINFO[39M]: GET /user/destinations/search?q=Chhatrapati+Shivaji+rnational+Airport+%28BOM%29 304 - - 47.283 ms
30-04-2026 12:42:14 [[32MINFO[39M]: GET /user/destinations/search?q=Chhatrapati+Shivajirnational+Airport+%28BOM%29 304 - - 42.981 ms
30-04-2026 12:42:15 [[32MINFO[39M]: OPTIONS /user/destinations/search?q=Chhatrapati+Shivarnational+Airport+%28BOM%29 204 0 - 0.099 ms
30-04-2026 12:42:15 [[32MINFO[39M]: GET /user/destinations/search?q=Chhatrapati+Shivajrnational+Airport+%28BOM%29 304 - - 42.408 ms
30-04-2026 12:42:15 [[32MINFO[39M]: OPTIONS /user/destinations/search?q=Chhatrapati+Shivrnational+Airport+%28BOM%29 204 0 - 0.109 ms
30-04-2026 12:42:15 [[32MINFO[39M]: GET /user/destinations/search?q=Chhatrapati+Shivarnational+Airport+%28BOM%29 304 - - 43.771 ms
30-04-2026 12:42:15 [[32MINFO[39M]: OPTIONS /user/destinations/search?q=Chhatrapati+Shirnational+Airport+%28BOM%29 204 0 - 0.179 ms
30-04-2026 12:42:15 [[32MINFO[39M]: GET /user/destinations/search?q=Chhatrapati+Shivrnational+Airport+%28BOM%29 304 - - 43.106 ms
30-04-2026 12:42:15 [[32MINFO[39M]: OPTIONS /user/destinations/search?q=Chhatrapati+Shrnational+Airport+%28BOM%29 204 0 - 0.301 ms
30-04-2026 12:42:15 [[32MINFO[39M]: GET /user/destinations/search?q=Chhatrapati+Shirnational+Airport+%28BOM%29 304 - - 42.189 ms
30-04-2026 12:42:15 [[32MINFO[39M]: OPTIONS /user/destinations/search?q=Chhatrapati+Srnational+Airport+%28BOM%29 204 0 - 0.326 ms
30-04-2026 12:42:15 [[32MINFO[39M]: GET /user/destinations/search?q=Chhatrapati+Shrnational+Airport+%28BOM%29 304 - - 42.098 ms
30-04-2026 12:42:15 [[32MINFO[39M]: OPTIONS /user/destinations/search?q=Chhatrapati+rnational+Airport+%28BOM%29 204 0 - 0.220 ms
30-04-2026 12:42:15 [[32MINFO[39M]: GET /user/destinations/search?q=Chhatrapati+Srnational+Airport+%28BOM%29 304 - - 45.694 ms
30-04-2026 12:42:15 [[32MINFO[39M]: OPTIONS /user/destinations/search?q=Chhatrapatirnational+Airport+%28BOM%29 204 0 - 0.123 ms
30-04-2026 12:42:15 [[32MINFO[39M]: GET /user/destinations/search?q=Chhatrapati+rnational+Airport+%28BOM%29 304 - - 42.167 ms
30-04-2026 12:42:15 [[32MINFO[39M]: OPTIONS /user/destinations/search?q=Chhatrapatrnational+Airport+%28BOM%29 204 0 - 0.463 ms
30-04-2026 12:42:15 [[32MINFO[39M]: GET /user/destinations/search?q=Chhatrapatirnational+Airport+%28BOM%29 304 - - 43.817 ms
30-04-2026 12:42:15 [[32MINFO[39M]: OPTIONS /user/destinations/search?q=Chhatraparnational+Airport+%28BOM%29 204 0 - 0.135 ms
30-04-2026 12:42:15 [[32MINFO[39M]: GET /user/destinations/search?q=Chhatrapatrnational+Airport+%28BOM%29 304 - - 42.895 ms
30-04-2026 12:42:15 [[32MINFO[39M]: OPTIONS /user/destinations/search?q=Chhatraprnational+Airport+%28BOM%29 204 0 - 0.427 ms
30-04-2026 12:42:15 [[32MINFO[39M]: GET /user/destinations/search?q=Chhatraparnational+Airport+%28BOM%29 304 - - 43.860 ms
30-04-2026 12:42:15 [[32MINFO[39M]: OPTIONS /user/destinations/search?q=Chhatrarnational+Airport+%28BOM%29 204 0 - 0.154 ms
30-04-2026 12:42:15 [[32MINFO[39M]: GET /user/destinations/search?q=Chhatraprnational+Airport+%28BOM%29 304 - - 42.752 ms
30-04-2026 12:42:15 [[32MINFO[39M]: OPTIONS /user/destinations/search?q=Chhatrrnational+Airport+%28BOM%29 204 0 - 0.246 ms
30-04-2026 12:42:15 [[32MINFO[39M]: GET /user/destinations/search?q=Chhatrarnational+Airport+%28BOM%29 304 - - 45.302 ms
30-04-2026 12:42:15 [[32MINFO[39M]: OPTIONS /user/destinations/search?q=Chhatrnational+Airport+%28BOM%29 204 0 - 0.181 ms
30-04-2026 12:42:15 [[32MINFO[39M]: GET /user/destinations/search?q=Chhatrrnational+Airport+%28BOM%29 304 - - 40.456 ms
30-04-2026 12:42:15 [[32MINFO[39M]: OPTIONS /user/destinations/search?q=Chharnational+Airport+%28BOM%29 204 0 - 0.218 ms
30-04-2026 12:42:15 [[32MINFO[39M]: GET /user/destinations/search?q=Chhatrnational+Airport+%28BOM%29 200 87 - 43.867 ms
30-04-2026 12:42:15 [[32MINFO[39M]: OPTIONS /user/destinations/search?q=Chhrnational+Airport+%28BOM%29 204 0 - 0.187 ms
30-04-2026 12:42:15 [[32MINFO[39M]: GET /user/destinations/search?q=Chharnational+Airport+%28BOM%29 200 87 - 44.406 ms
30-04-2026 12:42:15 [[32MINFO[39M]: OPTIONS /user/destinations/search?q=Chrnational+Airport+%28BOM%29 204 0 - 0.202 ms
30-04-2026 12:42:15 [[32MINFO[39M]: GET /user/destinations/search?q=Chhrnational+Airport+%28BOM%29 200 87 - 45.835 ms
30-04-2026 12:42:15 [[32MINFO[39M]: OPTIONS /user/destinations/search?q=Crnational+Airport+%28BOM%29 204 0 - 0.150 ms
30-04-2026 12:42:15 [[32MINFO[39M]: GET /user/destinations/search?q=Chrnational+Airport+%28BOM%29 200 87 - 42.328 ms
30-04-2026 12:42:15 [[32MINFO[39M]: GET /user/destinations/search?q=Crnational+Airport+%28BOM%29 200 87 - 43.676 ms
30-04-2026 12:42:16 [[32MINFO[39M]: OPTIONS /user/destinations/search?q=Crnational+Airport+%28BM%29 204 0 - 0.188 ms
30-04-2026 12:42:16 [[32MINFO[39M]: GET /user/destinations/search?q=Crnational+Airport+%28BM%29 200 87 - 46.549 ms
30-04-2026 12:42:16 [[32MINFO[39M]: OPTIONS /user/destinations/search?q=Crnational+Airport+%28M%29 204 0 - 0.283 ms
30-04-2026 12:42:16 [[32MINFO[39M]: OPTIONS /user/destinations/search?q=Crnational+Airport+M%29 204 0 - 0.181 ms
30-04-2026 12:42:16 [[32MINFO[39M]: OPTIONS /user/destinations/search?q=Crnational+AirportM%29 204 0 - 0.123 ms
30-04-2026 12:42:16 [[32MINFO[39M]: GET /user/destinations/search?q=Crnational+Airport+%28M%29 200 87 - 58.460 ms
30-04-2026 12:42:16 [[32MINFO[39M]: GET /user/destinations/search?q=Crnational+Airport+M%29 400 115 - 35.419 ms
30-04-2026 12:42:16 [[32MINFO[39M]: OPTIONS /user/destinations/search?q=Crnational+AirporM%29 204 0 - 0.143 ms
30-04-2026 12:42:16 [[32MINFO[39M]: GET /user/destinations/search?q=Crnational+AirportM%29 400 115 - 33.839 ms
30-04-2026 12:42:16 [[32MINFO[39M]: OPTIONS /user/destinations/search?q=Crnational+AirpoM%29 204 0 - 0.213 ms
30-04-2026 12:42:16 [[32MINFO[39M]: GET /user/destinations/search?q=Crnational+AirporM%29 400 115 - 34.898 ms
30-04-2026 12:42:17 [[32MINFO[39M]: OPTIONS /user/destinations/search?q=Crnational+AirpM%29 204 0 - 0.179 ms
30-04-2026 12:42:17 [[32MINFO[39M]: GET /user/destinations/search?q=Crnational+AirpoM%29 400 115 - 39.853 ms
30-04-2026 12:42:17 [[32MINFO[39M]: OPTIONS /user/destinations/search?q=Crnational+AirM%29 204 0 - 0.306 ms
30-04-2026 12:42:17 [[32MINFO[39M]: GET /user/destinations/search?q=Crnational+AirpM%29 400 115 - 35.952 ms
30-04-2026 12:42:17 [[32MINFO[39M]: OPTIONS /user/destinations/search?q=Crnational+AiM%29 204 0 - 0.121 ms
30-04-2026 12:42:17 [[32MINFO[39M]: GET /user/destinations/search?q=Crnational+AirM%29 400 115 - 34.823 ms
30-04-2026 12:42:17 [[32MINFO[39M]: OPTIONS /user/destinations/search?q=Crnational+AM%29 204 0 - 0.104 ms
30-04-2026 12:42:17 [[32MINFO[39M]: GET /user/destinations/search?q=Crnational+AiM%29 400 115 - 35.676 ms
30-04-2026 12:42:17 [[32MINFO[39M]: OPTIONS /user/destinations/search?q=Crnational+M%29 204 0 - 0.110 ms
30-04-2026 12:42:17 [[32MINFO[39M]: GET /user/destinations/search?q=Crnational+AM%29 400 115 - 33.747 ms
30-04-2026 12:42:17 [[32MINFO[39M]: OPTIONS /user/destinations/search?q=CrnationalM%29 204 0 - 0.179 ms
30-04-2026 12:42:17 [[32MINFO[39M]: GET /user/destinations/search?q=Crnational+M%29 400 115 - 33.130 ms
30-04-2026 12:42:17 [[32MINFO[39M]: OPTIONS /user/destinations/search?q=CrnationaM%29 204 0 - 0.124 ms
30-04-2026 12:42:17 [[32MINFO[39M]: GET /user/destinations/search?q=CrnationalM%29 400 115 - 34.651 ms
30-04-2026 12:42:17 [[32MINFO[39M]: OPTIONS /user/destinations/search?q=CrnationM%29 204 0 - 0.172 ms
30-04-2026 12:42:17 [[32MINFO[39M]: GET /user/destinations/search?q=CrnationaM%29 400 115 - 34.409 ms
30-04-2026 12:42:17 [[32MINFO[39M]: OPTIONS /user/destinations/search?q=CrnatioM%29 204 0 - 0.170 ms
30-04-2026 12:42:17 [[32MINFO[39M]: GET /user/destinations/search?q=CrnationM%29 400 115 - 36.446 ms
30-04-2026 12:42:17 [[32MINFO[39M]: OPTIONS /user/destinations/search?q=CrnatiM%29 204 0 - 0.107 ms
30-04-2026 12:42:17 [[32MINFO[39M]: GET /user/destinations/search?q=CrnatioM%29 400 115 - 35.314 ms
30-04-2026 12:42:17 [[32MINFO[39M]: OPTIONS /user/destinations/search?q=CrnatM%29 204 0 - 0.288 ms
30-04-2026 12:42:17 [[32MINFO[39M]: GET /user/destinations/search?q=CrnatiM%29 400 115 - 35.585 ms
30-04-2026 12:42:17 [[32MINFO[39M]: GET /user/destinations/search?q=CrnatM%29 400 115 - 35.372 ms
30-04-2026 12:42:18 [[32MINFO[39M]: OPTIONS /user/destinations/search?q=CrnatM 204 0 - 0.304 ms
30-04-2026 12:42:18 [[32MINFO[39M]: GET /user/destinations/search?q=CrnatM 200 87 - 45.925 ms
30-04-2026 12:42:19 [[32MINFO[39M]: OPTIONS /user/destinations/search?q=Crnat 204 0 - 0.200 ms
30-04-2026 12:42:19 [[32MINFO[39M]: OPTIONS /user/destinations/search?q=Crna 204 0 - 0.164 ms
30-04-2026 12:42:19 [[32MINFO[39M]: GET /user/destinations/search?q=Crnat 200 87 - 48.205 ms
30-04-2026 12:42:19 [[32MINFO[39M]: OPTIONS /user/destinations/search?q=Crn 204 0 - 0.155 ms
30-04-2026 12:42:19 [[32MINFO[39M]: GET /user/destinations/search?q=Crna 200 87 - 44.396 ms
30-04-2026 12:42:19 [[32MINFO[39M]: OPTIONS /user/destinations/search?q=Cr 204 0 - 0.150 ms
30-04-2026 12:42:19 [[32MINFO[39M]: GET /user/destinations/search?q=Crn 200 87 - 44.204 ms
30-04-2026 12:42:19 [[32MINFO[39M]: OPTIONS /user/destinations/search?q=C 204 0 - 0.139 ms
30-04-2026 12:42:19 [[32MINFO[39M]: GET /user/destinations/search?q=C 400 96 - 0.675 ms
30-04-2026 12:42:19 [[32MINFO[39M]: GET /user/destinations/search?q=Cr 200 5071 - 39.906 ms
30-04-2026 12:42:20 [[32MINFO[39M]: OPTIONS /user/destinations/search?q=d 204 0 - 0.287 ms
30-04-2026 12:42:20 [[32MINFO[39M]: GET /user/destinations/search?q=d 400 96 - 0.680 ms
30-04-2026 12:42:20 [[32MINFO[39M]: OPTIONS /user/destinations/search?q=dx 204 0 - 0.193 ms
30-04-2026 12:42:20 [[32MINFO[39M]: GET /user/destinations/search?q=dx 304 - - 48.929 ms
30-04-2026 12:42:21 [[32MINFO[39M]: OPTIONS /user/destinations/search?q=dxb 204 0 - 0.244 ms
30-04-2026 12:42:21 [[32MINFO[39M]: GET /user/destinations/search?q=dxb 304 - - 45.565 ms
30-04-2026 12:42:23 [[32MINFO[39M]: OPTIONS /user/flights/search?from=DXB&to=LHR&departureDate=2026-04-30&passengers=1&tripType=one-way&page=1&limit=6 204 0 - 0.152 ms
30-04-2026 12:42:24 [[32MINFO[39M]: GET /user/flights/search?from=DXB&to=LHR&departureDate=2026-04-30&passengers=1&tripType=one-way&page=1&limit=6 200 842 - 78.008 ms
30-04-2026 12:42:26 [[32MINFO[39M]: OPTIONS /user/destinations/search?q=London+Heathrow+Airort+%28LHR%29 204 0 - 0.137 ms
30-04-2026 12:42:26 [[32MINFO[39M]: GET /user/destinations/search?q=London+Heathrow+Airort+%28LHR%29 304 - - 69.260 ms
30-04-2026 12:42:27 [[32MINFO[39M]: OPTIONS /user/destinations/search?q=London+Heathrow+Aiort+%28LHR%29 204 0 - 0.182 ms
30-04-2026 12:42:27 [[32MINFO[39M]: OPTIONS /user/destinations/search?q=London+Heathrow+Aort+%28LHR%29 204 0 - 0.257 ms
30-04-2026 12:42:27 [[32MINFO[39M]: OPTIONS /user/destinations/search?q=London+Heathrow+ort+%28LHR%29 204 0 - 0.190 ms
30-04-2026 12:42:27 [[32MINFO[39M]: GET /user/destinations/search?q=London+Heathrow+Aiort+%28LHR%29 304 - - 55.025 ms
30-04-2026 12:42:27 [[32MINFO[39M]: GET /user/destinations/search?q=London+Heathrow+Aort+%28LHR%29 304 - - 46.777 ms
30-04-2026 12:42:27 [[32MINFO[39M]: OPTIONS /user/destinations/search?q=London+Heathrowort+%28LHR%29 204 0 - 0.155 ms
30-04-2026 12:42:27 [[32MINFO[39M]: GET /user/destinations/search?q=London+Heathrow+ort+%28LHR%29 304 - - 46.247 ms
30-04-2026 12:42:27 [[32MINFO[39M]: OPTIONS /user/destinations/search?q=London+Heathroort+%28LHR%29 204 0 - 0.516 ms
30-04-2026 12:42:27 [[32MINFO[39M]: GET /user/destinations/search?q=London+Heathrowort+%28LHR%29 304 - - 44.551 ms
30-04-2026 12:42:27 [[32MINFO[39M]: OPTIONS /user/destinations/search?q=London+Heathrort+%28LHR%29 204 0 - 0.177 ms
30-04-2026 12:42:27 [[32MINFO[39M]: OPTIONS /user/destinations/search?q=London+Heathort+%28LHR%29 204 0 - 0.095 ms
30-04-2026 12:42:27 [[32MINFO[39M]: GET /user/destinations/search?q=London+Heathroort+%28LHR%29 304 - - 54.695 ms
30-04-2026 12:42:27 [[32MINFO[39M]: GET /user/destinations/search?q=London+Heathrort+%28LHR%29 304 - - 46.047 ms
30-04-2026 12:42:27 [[32MINFO[39M]: OPTIONS /user/destinations/search?q=London+Heatort+%28LHR%29 204 0 - 3.046 ms
30-04-2026 12:42:27 [[32MINFO[39M]: GET /user/destinations/search?q=London+Heathort+%28LHR%29 304 - - 43.296 ms
30-04-2026 12:42:27 [[32MINFO[39M]: OPTIONS /user/destinations/search?q=London+Heaort+%28LHR%29 204 0 - 0.149 ms
30-04-2026 12:42:27 [[32MINFO[39M]: GET /user/destinations/search?q=London+Heatort+%28LHR%29 304 - - 45.810 ms
30-04-2026 12:42:27 [[32MINFO[39M]: OPTIONS /user/destinations/search?q=London+Heort+%28LHR%29 204 0 - 0.135 ms
30-04-2026 12:42:27 [[32MINFO[39M]: GET /user/destinations/search?q=London+Heaort+%28LHR%29 304 - - 50.074 ms
30-04-2026 12:42:27 [[32MINFO[39M]: OPTIONS /user/destinations/search?q=London+Hort+%28LHR%29 204 0 - 0.192 ms
30-04-2026 12:42:27 [[32MINFO[39M]: OPTIONS /user/destinations/search?q=London+ort+%28LHR%29 204 0 - 0.098 ms
30-04-2026 12:42:27 [[32MINFO[39M]: GET /user/destinations/search?q=London+Heort+%28LHR%29 304 - - 48.895 ms
30-04-2026 12:42:27 [[32MINFO[39M]: GET /user/destinations/search?q=London+Hort+%28LHR%29 304 - - 43.300 ms
30-04-2026 12:42:27 [[32MINFO[39M]: OPTIONS /user/destinations/search?q=Londonort+%28LHR%29 204 0 - 0.091 ms
30-04-2026 12:42:27 [[32MINFO[39M]: GET /user/destinations/search?q=London+ort+%28LHR%29 304 - - 45.600 ms
30-04-2026 12:42:27 [[32MINFO[39M]: OPTIONS /user/destinations/search?q=Londoort+%28LHR%29 204 0 - 0.123 ms
30-04-2026 12:42:27 [[32MINFO[39M]: GET /user/destinations/search?q=Londonort+%28LHR%29 304 - - 54.466 ms
30-04-2026 12:42:27 [[32MINFO[39M]: OPTIONS /user/destinations/search?q=Londort+%28LHR%29 204 0 - 0.133 ms
30-04-2026 12:42:27 [[32MINFO[39M]: GET /user/destinations/search?q=Londoort+%28LHR%29 304 - - 44.697 ms
30-04-2026 12:42:27 [[32MINFO[39M]: OPTIONS /user/destinations/search?q=Lonort+%28LHR%29 204 0 - 0.159 ms
30-04-2026 12:42:27 [[32MINFO[39M]: GET /user/destinations/search?q=Londort+%28LHR%29 304 - - 57.169 ms
30-04-2026 12:42:27 [[32MINFO[39M]: OPTIONS /user/destinations/search?q=Loort+%28LHR%29 204 0 - 0.113 ms
30-04-2026 12:42:27 [[32MINFO[39M]: GET /user/destinations/search?q=Lonort+%28LHR%29 304 - - 46.887 ms
30-04-2026 12:42:27 [[32MINFO[39M]: GET /user/destinations/search?q=Loort+%28LHR%29 304 - - 43.869 ms
30-04-2026 12:42:28 [[32MINFO[39M]: OPTIONS /user/destinations/search?q=Loort+%28LHR 204 0 - 0.190 ms
30-04-2026 12:42:28 [[32MINFO[39M]: GET /user/destinations/search?q=Loort+%28LHR 400 113 - 41.228 ms
30-04-2026 12:42:29 [[32MINFO[39M]: OPTIONS /user/destinations/search?q=Loort+%28LH 204 0 - 0.210 ms
30-04-2026 12:42:29 [[32MINFO[39M]: OPTIONS /user/destinations/search?q=Loort+%28L 204 0 - 0.283 ms
30-04-2026 12:42:29 [[32MINFO[39M]: OPTIONS /user/destinations/search?q=Loort+%28 204 0 - 0.155 ms
30-04-2026 12:42:29 [[32MINFO[39M]: GET /user/destinations/search?q=Loort+%28LH 400 113 - 42.638 ms
30-04-2026 12:42:29 [[32MINFO[39M]: GET /user/destinations/search?q=Loort+%28L 400 113 - 38.356 ms
30-04-2026 12:42:29 [[32MINFO[39M]: OPTIONS /user/destinations/search?q=Loort+ 204 0 - 0.225 ms
30-04-2026 12:42:29 [[32MINFO[39M]: GET /user/destinations/search?q=Loort+%28 400 113 - 37.059 ms
30-04-2026 12:42:29 [[32MINFO[39M]: OPTIONS /user/destinations/search?q=Loort 204 0 - 0.142 ms
30-04-2026 12:42:29 [[32MINFO[39M]: GET /user/destinations/search?q=Loort+ 200 87 - 44.103 ms
30-04-2026 12:42:29 [[32MINFO[39M]: OPTIONS /user/destinations/search?q=Loor 204 0 - 0.139 ms
30-04-2026 12:42:29 [[32MINFO[39M]: GET /user/destinations/search?q=Loort 200 87 - 45.591 ms
30-04-2026 12:42:29 [[32MINFO[39M]: OPTIONS /user/destinations/search?q=Loo 204 0 - 0.126 ms
30-04-2026 12:42:29 [[32MINFO[39M]: GET /user/destinations/search?q=Loor 200 87 - 42.871 ms
30-04-2026 12:42:29 [[32MINFO[39M]: OPTIONS /user/destinations/search?q=Lo 204 0 - 0.147 ms
30-04-2026 12:42:29 [[32MINFO[39M]: GET /user/destinations/search?q=Loo 200 1387 - 50.780 ms
30-04-2026 12:42:29 [[32MINFO[39M]: OPTIONS /user/destinations/search?q=L 204 0 - 0.234 ms
30-04-2026 12:42:29 [[32MINFO[39M]: GET /user/destinations/search?q=L 400 96 - 0.682 ms
30-04-2026 12:42:29 [[32MINFO[39M]: GET /user/destinations/search?q=Lo 200 5060 - 40.227 ms
30-04-2026 12:42:30 [[32MINFO[39M]: OPTIONS /user/destinations/search?q=c 204 0 - 0.183 ms
30-04-2026 12:42:30 [[32MINFO[39M]: GET /user/destinations/search?q=c 400 96 - 1.222 ms
30-04-2026 12:42:30 [[32MINFO[39M]: OPTIONS /user/destinations/search?q=co 204 0 - 1.075 ms
30-04-2026 12:42:30 [[32MINFO[39M]: GET /user/destinations/search?q=co 304 - - 40.041 ms
30-04-2026 12:42:30 [[32MINFO[39M]: OPTIONS /user/destinations/search?q=cok 204 0 - 0.159 ms
30-04-2026 12:42:30 [[32MINFO[39M]: GET /user/destinations/search?q=cok 304 - - 45.973 ms
30-04-2026 12:42:33 [[32MINFO[39M]: OPTIONS /user/flights/search?from=DXB&to=COK&departureDate=2026-04-30&passengers=1&tripType=one-way&page=1&limit=6 204 0 - 1.482 ms
30-04-2026 12:42:33 [[32MINFO[39M]: GET /user/flights/search?from=DXB&to=COK&departureDate=2026-04-30&passengers=1&tripType=one-way&page=1&limit=6 200 2197 - 76.028 ms
30-04-2026 12:43:40 [[32MINFO[39M]: OPTIONS /admin/providers/pending 204 0 - 0.199 ms
30-04-2026 12:43:40 [[32MINFO[39M]: OPTIONS /admin/providers/pending 204 0 - 0.157 ms
30-04-2026 12:43:41 [[31MERROR[39M]: [/admin/providers/pending] No access token provided. Please include a valid access token in your request.: No access token provided. Please include a valid access token in your request.
Error: No access token provided. Please include a valid access token in your request.
    at C:\Users\amrut\Desktop\airticketbooking\back-end\src\presentation\middlewares\admin.middleware.ts:28:10
    at Generator.throw (<anonymous>)
    at rejected (C:\Users\amrut\Desktop\airticketbooking\back-end\src\presentation\middlewares\admin.middleware.ts:6:65)
    at processTicksAndRejections (node:internal/process/task_queues:105:5)
30-04-2026 12:43:41 [[32MINFO[39M]: GET /admin/providers/pending 401 133 - 236.660 ms
30-04-2026 12:43:41 [[31MERROR[39M]: [/admin/providers/pending] No access token provided. Please include a valid access token in your request.: No access token provided. Please include a valid access token in your request.
Error: No access token provided. Please include a valid access token in your request.
    at C:\Users\amrut\Desktop\airticketbooking\back-end\src\presentation\middlewares\admin.middleware.ts:28:10
    at Generator.throw (<anonymous>)
    at rejected (C:\Users\amrut\Desktop\airticketbooking\back-end\src\presentation\middlewares\admin.middleware.ts:6:65)
    at processTicksAndRejections (node:internal/process/task_queues:105:5)
30-04-2026 12:43:41 [[32MINFO[39M]: GET /admin/providers/pending 401 133 - 11.210 ms
30-04-2026 12:43:41 [[32MINFO[39M]: OPTIONS /auth/refresh-token 204 0 - 2.475 ms
30-04-2026 12:43:41 [[32MINFO[39M]: OPTIONS /auth/refresh-token 204 0 - 0.495 ms
30-04-2026 12:43:41 [[32MINFO[39M]: POST /auth/refresh-token 200 352 - 34.462 ms
30-04-2026 12:43:41 [[32MINFO[39M]: POST /auth/refresh-token 200 352 - 9.878 ms
30-04-2026 12:43:41 [[32MINFO[39M]: GET /admin/providers/pending 304 - - 117.984 ms
30-04-2026 12:43:41 [[32MINFO[39M]: GET /admin/providers/pending 304 - - 63.543 ms
