28-04-2026 15:56:20 [[32MINFO[39M]: OPTIONS /auth/sign-in 204 0 - 3.303 ms
28-04-2026 15:56:20 [[31MERROR[39M]: [/auth/sign-in] The password you entered is incorrect. Please try again.: The password you entered is incorrect. Please try again.
Error: The password you entered is incorrect. Please try again.
    at SignInUseCase.<anonymous> (C:\Users\amrut\Desktop\airticketbooking\back-end\src\application\usecases\auth\signin-user.usecases.ts:79:13)
    at Generator.next (<anonymous>)
    at fulfilled (C:\Users\amrut\Desktop\airticketbooking\back-end\src\application\usecases\auth\signin-user.usecases.ts:17:58)
28-04-2026 15:56:20 [[32MINFO[39M]: POST /auth/sign-in 400 111 - 328.656 ms
28-04-2026 15:56:25 [[32MINFO[39M]: POST /auth/sign-in 200 760 - 257.806 ms
28-04-2026 15:56:33 [[32MINFO[39M]: OPTIONS /user/destinations/search?q=b 204 0 - 0.475 ms
28-04-2026 15:56:33 [[32MINFO[39M]: GET /user/destinations/search?q=b 400 96 - 2.282 ms
28-04-2026 15:56:34 [[32MINFO[39M]: OPTIONS /user/destinations/search?q=bo 204 0 - 0.354 ms
28-04-2026 15:56:34 [[32MINFO[39M]: GET /user/destinations/search?q=bo 200 5033 - 73.293 ms
28-04-2026 15:56:34 [[32MINFO[39M]: OPTIONS /user/destinations/search?q=bom 204 0 - 0.222 ms
28-04-2026 15:56:34 [[32MINFO[39M]: GET /user/destinations/search?q=bom 200 831 - 57.759 ms
28-04-2026 15:56:38 [[32MINFO[39M]: OPTIONS /user/destinations/search?q=l 204 0 - 0.377 ms
28-04-2026 15:56:38 [[32MINFO[39M]: GET /user/destinations/search?q=l 400 96 - 1.274 ms
28-04-2026 15:56:38 [[32MINFO[39M]: OPTIONS /user/destinations/search?q=lh 204 0 - 0.487 ms
28-04-2026 15:56:38 [[32MINFO[39M]: GET /user/destinations/search?q=lh 304 - - 63.498 ms
28-04-2026 15:56:39 [[32MINFO[39M]: OPTIONS /user/destinations/search?q=lhr 204 0 - 3.033 ms
28-04-2026 15:56:39 [[32MINFO[39M]: GET /user/destinations/search?q=lhr 200 315 - 58.439 ms
28-04-2026 15:56:49 [[32MINFO[39M]: OPTIONS /user/flights/search?from=BOM&to=LHR&departureDate=2026-04-30&passengers=1&tripType=one-way&page=1&limit=6 204 0 - 1.708 ms
28-04-2026 15:56:49 [[32MINFO[39M]: GET /user/flights/search?from=BOM&to=LHR&departureDate=2026-04-30&passengers=1&tripType=one-way&page=1&limit=6 200 4225 - 120.809 ms
28-04-2026 17:46:01 [[32MINFO[39M]: OPTIONS /auth/sign-in 204 0 - 3.126 ms
28-04-2026 17:46:02 [[32MINFO[39M]: POST /auth/sign-in 200 760 - 283.985 ms
28-04-2026 17:46:26 [[32MINFO[39M]: OPTIONS /user/destinations/search?q=b 204 0 - 0.376 ms
28-04-2026 17:46:26 [[32MINFO[39M]: GET /user/destinations/search?q=b 400 96 - 2.659 ms
28-04-2026 17:46:26 [[32MINFO[39M]: OPTIONS /user/destinations/search?q=bo 204 0 - 0.477 ms
28-04-2026 17:46:26 [[32MINFO[39M]: GET /user/destinations/search?q=bo 200 5033 - 72.599 ms
28-04-2026 17:46:27 [[32MINFO[39M]: OPTIONS /user/destinations/search?q=bom 204 0 - 0.295 ms
28-04-2026 17:46:27 [[32MINFO[39M]: GET /user/destinations/search?q=bom 200 831 - 54.033 ms
28-04-2026 17:46:29 [[32MINFO[39M]: OPTIONS /user/destinations/search?q=l 204 0 - 0.291 ms
28-04-2026 17:46:29 [[32MINFO[39M]: GET /user/destinations/search?q=l 400 96 - 8.463 ms
28-04-2026 17:46:29 [[32MINFO[39M]: OPTIONS /user/destinations/search?q=lh 204 0 - 0.255 ms
28-04-2026 17:46:29 [[32MINFO[39M]: GET /user/destinations/search?q=lh 304 - - 56.551 ms
28-04-2026 17:46:30 [[32MINFO[39M]: OPTIONS /user/destinations/search?q=lhr 204 0 - 0.464 ms
28-04-2026 17:46:30 [[32MINFO[39M]: GET /user/destinations/search?q=lhr 200 315 - 55.637 ms
28-04-2026 17:46:36 [[32MINFO[39M]: OPTIONS /user/flights/search?from=BOM&to=LHR&departureDate=2026-04-30&passengers=1&tripType=one-way&page=1&limit=6 204 0 - 0.263 ms
28-04-2026 17:46:37 [[32MINFO[39M]: GET /user/flights/search?from=BOM&to=LHR&departureDate=2026-04-30&passengers=1&tripType=one-way&page=1&limit=6 200 4225 - 138.875 ms
28-04-2026 17:46:47 [[32MINFO[39M]: OPTIONS /user/flights/search?from=BOM&to=LHR&departureDate=2026-04-30&passengers=1&tripType=one-way&page=2&limit=6 204 0 - 0.431 ms
28-04-2026 17:46:48 [[32MINFO[39M]: GET /user/flights/search?from=BOM&to=LHR&departureDate=2026-04-30&passengers=1&tripType=one-way&page=2&limit=6 200 2220 - 141.954 ms
28-04-2026 17:48:01 [[32MINFO[39M]: OPTIONS /user/destinations/search?q=London+Heathrow+Airort+%28LHR%29 204 0 - 0.381 ms
28-04-2026 17:48:01 [[32MINFO[39M]: GET /user/destinations/search?q=London+Heathrow+Airort+%28LHR%29 200 87 - 69.907 ms
28-04-2026 17:48:01 [[32MINFO[39M]: OPTIONS /user/destinations/search?q=London+Heathrow+Aiort+%28LHR%29 204 0 - 1.145 ms
28-04-2026 17:48:01 [[32MINFO[39M]: OPTIONS /user/destinations/search?q=London+Heathrow+Aort+%28LHR%29 204 0 - 0.264 ms
28-04-2026 17:48:01 [[32MINFO[39M]: OPTIONS /user/destinations/search?q=London+Heathrow+ort+%28LHR%29 204 0 - 0.360 ms
28-04-2026 17:48:01 [[32MINFO[39M]: GET /user/destinations/search?q=London+Heathrow+Aiort+%28LHR%29 200 87 - 69.887 ms
28-04-2026 17:48:01 [[32MINFO[39M]: GET /user/destinations/search?q=London+Heathrow+Aort+%28LHR%29 200 87 - 58.725 ms
28-04-2026 17:48:01 [[32MINFO[39M]: OPTIONS /user/destinations/search?q=London+Heathrowort+%28LHR%29 204 0 - 0.249 ms
28-04-2026 17:48:01 [[32MINFO[39M]: GET /user/destinations/search?q=London+Heathrow+ort+%28LHR%29 200 87 - 53.880 ms
28-04-2026 17:48:01 [[32MINFO[39M]: OPTIONS /user/destinations/search?q=London+Heathroort+%28LHR%29 204 0 - 0.183 ms
28-04-2026 17:48:01 [[32MINFO[39M]: GET /user/destinations/search?q=London+Heathrowort+%28LHR%29 200 87 - 52.438 ms
28-04-2026 17:48:01 [[32MINFO[39M]: OPTIONS /user/destinations/search?q=London+Heathrort+%28LHR%29 204 0 - 0.174 ms
28-04-2026 17:48:01 [[32MINFO[39M]: GET /user/destinations/search?q=London+Heathroort+%28LHR%29 200 87 - 49.703 ms
28-04-2026 17:48:01 [[32MINFO[39M]: OPTIONS /user/destinations/search?q=London+Heathort+%28LHR%29 204 0 - 0.333 ms
28-04-2026 17:48:02 [[32MINFO[39M]: GET /user/destinations/search?q=London+Heathrort+%28LHR%29 200 87 - 53.663 ms
28-04-2026 17:48:02 [[32MINFO[39M]: OPTIONS /user/destinations/search?q=London+Heatort+%28LHR%29 204 0 - 0.118 ms
28-04-2026 17:48:02 [[32MINFO[39M]: GET /user/destinations/search?q=London+Heathort+%28LHR%29 200 87 - 50.311 ms
28-04-2026 17:48:02 [[32MINFO[39M]: OPTIONS /user/destinations/search?q=London+Heaort+%28LHR%29 204 0 - 1.003 ms
28-04-2026 17:48:02 [[32MINFO[39M]: GET /user/destinations/search?q=London+Heatort+%28LHR%29 200 87 - 50.964 ms
28-04-2026 17:48:02 [[32MINFO[39M]: OPTIONS /user/destinations/search?q=London+Heort+%28LHR%29 204 0 - 0.256 ms
28-04-2026 17:48:02 [[32MINFO[39M]: OPTIONS /user/destinations/search?q=London+Hort+%28LHR%29 204 0 - 0.118 ms
28-04-2026 17:48:02 [[32MINFO[39M]: GET /user/destinations/search?q=London+Heaort+%28LHR%29 200 87 - 59.166 ms
28-04-2026 17:48:02 [[32MINFO[39M]: GET /user/destinations/search?q=London+Heort+%28LHR%29 200 87 - 50.819 ms
28-04-2026 17:48:02 [[32MINFO[39M]: OPTIONS /user/destinations/search?q=London+ort+%28LHR%29 204 0 - 0.108 ms
28-04-2026 17:48:02 [[32MINFO[39M]: GET /user/destinations/search?q=London+Hort+%28LHR%29 200 87 - 49.329 ms
28-04-2026 17:48:02 [[32MINFO[39M]: OPTIONS /user/destinations/search?q=Londonort+%28LHR%29 204 0 - 0.100 ms
28-04-2026 17:48:02 [[32MINFO[39M]: GET /user/destinations/search?q=London+ort+%28LHR%29 200 87 - 52.382 ms
28-04-2026 17:48:02 [[32MINFO[39M]: OPTIONS /user/destinations/search?q=Londoort+%28LHR%29 204 0 - 0.488 ms
28-04-2026 17:48:02 [[32MINFO[39M]: GET /user/destinations/search?q=Londonort+%28LHR%29 200 87 - 51.606 ms
28-04-2026 17:48:02 [[32MINFO[39M]: OPTIONS /user/destinations/search?q=Londort+%28LHR%29 204 0 - 0.225 ms
28-04-2026 17:48:02 [[32MINFO[39M]: OPTIONS /user/destinations/search?q=Lonort+%28LHR%29 204 0 - 0.206 ms
28-04-2026 17:48:02 [[32MINFO[39M]: GET /user/destinations/search?q=Londoort+%28LHR%29 200 87 - 66.879 ms
28-04-2026 17:48:02 [[32MINFO[39M]: GET /user/destinations/search?q=Londort+%28LHR%29 200 87 - 51.825 ms
28-04-2026 17:48:02 [[32MINFO[39M]: OPTIONS /user/destinations/search?q=Loort+%28LHR%29 204 0 - 0.226 ms
28-04-2026 17:48:02 [[32MINFO[39M]: GET /user/destinations/search?q=Lonort+%28LHR%29 200 87 - 50.502 ms
28-04-2026 17:48:02 [[32MINFO[39M]: OPTIONS /user/destinations/search?q=Lort+%28LHR%29 204 0 - 0.148 ms
28-04-2026 17:48:02 [[32MINFO[39M]: GET /user/destinations/search?q=Loort+%28LHR%29 200 87 - 50.808 ms
28-04-2026 17:48:02 [[32MINFO[39M]: OPTIONS /user/destinations/search?q=ort+%28LHR%29 204 0 - 0.112 ms
28-04-2026 17:48:02 [[32MINFO[39M]: GET /user/destinations/search?q=Lort+%28LHR%29 200 87 - 48.580 ms
28-04-2026 17:48:02 [[32MINFO[39M]: GET /user/destinations/search?q=ort+%28LHR%29 200 87 - 50.920 ms
28-04-2026 17:48:04 [[32MINFO[39M]: OPTIONS /user/destinations/search?q=ort+%28LHR 204 0 - 0.247 ms
28-04-2026 17:48:04 [[32MINFO[39M]: GET /user/destinations/search?q=ort+%28LHR 400 113 - 78.404 ms
28-04-2026 17:48:05 [[32MINFO[39M]: OPTIONS /user/destinations/search?q=ort+%28LH 204 0 - 0.162 ms
28-04-2026 17:48:05 [[32MINFO[39M]: OPTIONS /user/destinations/search?q=ort+%28L 204 0 - 0.184 ms
28-04-2026 17:48:05 [[32MINFO[39M]: OPTIONS /user/destinations/search?q=ort+%28 204 0 - 0.269 ms
28-04-2026 17:48:05 [[32MINFO[39M]: GET /user/destinations/search?q=ort+%28LH 400 113 - 46.182 ms
28-04-2026 17:48:05 [[32MINFO[39M]: GET /user/destinations/search?q=ort+%28L 400 113 - 40.666 ms
28-04-2026 17:48:05 [[32MINFO[39M]: OPTIONS /user/destinations/search?q=ort+ 204 0 - 0.186 ms
28-04-2026 17:48:05 [[32MINFO[39M]: GET /user/destinations/search?q=ort+%28 400 113 - 38.531 ms
28-04-2026 17:48:05 [[32MINFO[39M]: OPTIONS /user/destinations/search?q=ort 204 0 - 0.169 ms
28-04-2026 17:48:05 [[32MINFO[39M]: GET /user/destinations/search?q=ort+ 200 4845 - 43.773 ms
28-04-2026 17:48:05 [[32MINFO[39M]: OPTIONS /user/destinations/search?q=or 204 0 - 0.152 ms
28-04-2026 17:48:05 [[32MINFO[39M]: GET /user/destinations/search?q=ort 200 4845 - 54.719 ms
28-04-2026 17:48:05 [[32MINFO[39M]: OPTIONS /user/destinations/search?q=o 204 0 - 0.172 ms
28-04-2026 17:48:05 [[32MINFO[39M]: GET /user/destinations/search?q=o 400 96 - 5.624 ms
28-04-2026 17:48:05 [[32MINFO[39M]: GET /user/destinations/search?q=or 200 4845 - 43.321 ms
28-04-2026 17:48:06 [[32MINFO[39M]: OPTIONS /user/destinations/search?q=d 204 0 - 0.211 ms
28-04-2026 17:48:06 [[32MINFO[39M]: GET /user/destinations/search?q=d 400 96 - 1.123 ms
28-04-2026 17:48:06 [[32MINFO[39M]: OPTIONS /user/destinations/search?q=dx 204 0 - 0.849 ms
28-04-2026 17:48:06 [[32MINFO[39M]: GET /user/destinations/search?q=dx 200 1025 - 56.576 ms
28-04-2026 17:48:07 [[32MINFO[39M]: OPTIONS /user/destinations/search?q=dxb 204 0 - 1.037 ms
28-04-2026 17:48:07 [[32MINFO[39M]: GET /user/destinations/search?q=dxb 200 325 - 56.828 ms
28-04-2026 17:48:10 [[32MINFO[39M]: OPTIONS /user/flights/search?from=BOM&to=DXB&departureDate=2026-04-30&passengers=1&tripType=one-way&page=1&limit=6 204 0 - 0.469 ms
28-04-2026 17:48:10 [[32MINFO[39M]: GET /user/flights/search?from=BOM&to=DXB&departureDate=2026-04-30&passengers=1&tripType=one-way&page=1&limit=6 200 4238 - 92.520 ms
28-04-2026 18:16:13 [[32MINFO[39M]: OPTIONS /auth/sign-in 204 0 - 12.615 ms
28-04-2026 18:16:13 [[32MINFO[39M]: POST /auth/sign-in 200 760 - 752.215 ms
28-04-2026 18:18:04 [[32MINFO[39M]: OPTIONS /user/destinations/search?q=b 204 0 - 0.864 ms
28-04-2026 18:18:04 [[32MINFO[39M]: GET /user/destinations/search?q=b 400 96 - 9.394 ms
28-04-2026 18:18:05 [[32MINFO[39M]: OPTIONS /user/destinations/search?q=bo 204 0 - 0.360 ms
28-04-2026 18:18:05 [[32MINFO[39M]: GET /user/destinations/search?q=bo 304 - - 110.327 ms
28-04-2026 18:18:05 [[32MINFO[39M]: OPTIONS /user/destinations/search?q=bom 204 0 - 0.150 ms
28-04-2026 18:18:05 [[32MINFO[39M]: GET /user/destinations/search?q=bom 304 - - 51.946 ms
28-04-2026 18:18:09 [[32MINFO[39M]: OPTIONS /user/destinations/search?q=l 204 0 - 0.437 ms
28-04-2026 18:18:09 [[32MINFO[39M]: GET /user/destinations/search?q=l 400 96 - 1.207 ms
28-04-2026 18:18:09 [[32MINFO[39M]: OPTIONS /user/destinations/search?q=lh 204 0 - 0.263 ms
28-04-2026 18:18:09 [[32MINFO[39M]: GET /user/destinations/search?q=lh 304 - - 52.093 ms
28-04-2026 18:18:09 [[32MINFO[39M]: OPTIONS /user/destinations/search?q=lhr 204 0 - 0.308 ms
28-04-2026 18:18:09 [[32MINFO[39M]: GET /user/destinations/search?q=lhr 304 - - 52.114 ms
28-04-2026 18:18:14 [[32MINFO[39M]: GET /user/destinations/search?q=lh 304 - - 62.382 ms
28-04-2026 18:18:14 [[32MINFO[39M]: GET /user/destinations/search?q=l 400 96 - 0.836 ms
28-04-2026 18:18:15 [[32MINFO[39M]: OPTIONS /user/destinations/search?q=l 204 0 - 0.213 ms
28-04-2026 18:18:15 [[32MINFO[39M]: GET /user/destinations/search?q=l 400 96 - 0.841 ms
28-04-2026 18:18:16 [[32MINFO[39M]: OPTIONS /user/destinations/search?q=lh 204 0 - 0.437 ms
28-04-2026 18:18:16 [[32MINFO[39M]: GET /user/destinations/search?q=lh 304 - - 66.392 ms
28-04-2026 18:18:16 [[32MINFO[39M]: OPTIONS /user/destinations/search?q=lhr 204 0 - 0.169 ms
28-04-2026 18:18:16 [[32MINFO[39M]: GET /user/destinations/search?q=lhr 304 - - 54.997 ms
28-04-2026 18:18:22 [[32MINFO[39M]: OPTIONS /user/flights/search?from=BOM&to=LHR&departureDate=2026-04-30&passengers=1&tripType=one-way&page=1&limit=6 204 0 - 0.204 ms
28-04-2026 18:18:22 [[32MINFO[39M]: GET /user/flights/search?from=BOM&to=LHR&departureDate=2026-04-30&passengers=1&tripType=one-way&page=1&limit=6 304 - - 401.399 ms
28-04-2026 18:18:27 [[32MINFO[39M]: OPTIONS /user/flights/search?from=BOM&to=LHR&departureDate=2026-04-30&passengers=1&tripType=one-way&page=2&limit=6 204 0 - 0.483 ms
28-04-2026 18:18:27 [[32MINFO[39M]: GET /user/flights/search?from=BOM&to=LHR&departureDate=2026-04-30&passengers=1&tripType=one-way&page=2&limit=6 304 - - 89.263 ms
28-04-2026 18:19:14 [[32MINFO[39M]: OPTIONS /user/destinations/search?q=b 204 0 - 0.204 ms
28-04-2026 18:19:14 [[32MINFO[39M]: GET /user/destinations/search?q=b 400 96 - 4.704 ms
28-04-2026 18:19:14 [[32MINFO[39M]: OPTIONS /user/destinations/search?q=bo 204 0 - 0.462 ms
28-04-2026 18:19:14 [[32MINFO[39M]: GET /user/destinations/search?q=bo 304 - - 53.304 ms
28-04-2026 18:19:15 [[32MINFO[39M]: OPTIONS /user/destinations/search?q=bom 204 0 - 0.152 ms
28-04-2026 18:19:15 [[32MINFO[39M]: GET /user/destinations/search?q=bom 304 - - 54.391 ms
28-04-2026 18:19:53 [[32MINFO[39M]: OPTIONS /user/destinations/search?q=bo 204 0 - 0.422 ms
28-04-2026 18:19:53 [[32MINFO[39M]: GET /user/destinations/search?q=bo 304 - - 51.143 ms
28-04-2026 18:19:53 [[32MINFO[39M]: OPTIONS /user/destinations/search?q=b 204 0 - 0.574 ms
28-04-2026 18:19:53 [[32MINFO[39M]: GET /user/destinations/search?q=b 400 96 - 2.897 ms
28-04-2026 18:19:55 [[32MINFO[39M]: GET /user/destinations/search?q=b 400 96 - 9.793 ms
28-04-2026 18:19:55 [[32MINFO[39M]: GET /user/destinations/search?q=bo 304 - - 48.687 ms
28-04-2026 18:19:55 [[32MINFO[39M]: OPTIONS /user/destinations/search?q=bom 204 0 - 0.251 ms
28-04-2026 18:19:55 [[32MINFO[39M]: GET /user/destinations/search?q=bom 304 - - 51.266 ms
28-04-2026 18:19:57 [[32MINFO[39M]: OPTIONS /user/destinations/search?q=l 204 0 - 0.215 ms
28-04-2026 18:19:57 [[32MINFO[39M]: GET /user/destinations/search?q=l 400 96 - 1.134 ms
28-04-2026 18:19:59 [[32MINFO[39M]: OPTIONS /user/destinations/search?q=lh 204 0 - 0.502 ms
28-04-2026 18:19:59 [[32MINFO[39M]: GET /user/destinations/search?q=lh 304 - - 63.434 ms
28-04-2026 18:19:59 [[32MINFO[39M]: OPTIONS /user/destinations/search?q=lhr 204 0 - 0.604 ms
28-04-2026 18:19:59 [[32MINFO[39M]: GET /user/destinations/search?q=lhr 304 - - 54.805 ms
28-04-2026 18:20:04 [[32MINFO[39M]: OPTIONS /user/destinations/search?q=London+Heathrow+Aiport+%28LHR%29 204 0 - 0.193 ms
28-04-2026 18:20:04 [[32MINFO[39M]: GET /user/destinations/search?q=London+Heathrow+Aiport+%28LHR%29 200 87 - 55.926 ms
28-04-2026 18:20:05 [[32MINFO[39M]: OPTIONS /user/destinations/search?q=London+Heathrow+Aport+%28LHR%29 204 0 - 0.579 ms
28-04-2026 18:20:05 [[32MINFO[39M]: OPTIONS /user/destinations/search?q=London+Heathrow+port+%28LHR%29 204 0 - 0.147 ms
28-04-2026 18:20:05 [[32MINFO[39M]: OPTIONS /user/destinations/search?q=London+Heathrowport+%28LHR%29 204 0 - 0.235 ms
28-04-2026 18:20:05 [[32MINFO[39M]: GET /user/destinations/search?q=London+Heathrow+Aport+%28LHR%29 200 87 - 55.341 ms
28-04-2026 18:20:05 [[32MINFO[39M]: GET /user/destinations/search?q=London+Heathrow+port+%28LHR%29 200 87 - 52.076 ms
28-04-2026 18:20:05 [[32MINFO[39M]: OPTIONS /user/destinations/search?q=London+Heathroport+%28LHR%29 204 0 - 4.563 ms
28-04-2026 18:20:05 [[32MINFO[39M]: OPTIONS /user/destinations/search?q=London+Heathrport+%28LHR%29 204 0 - 0.159 ms
28-04-2026 18:20:05 [[32MINFO[39M]: OPTIONS /user/destinations/search?q=London+Heathport+%28LHR%29 204 0 - 0.359 ms
28-04-2026 18:20:05 [[32MINFO[39M]: GET /user/destinations/search?q=London+Heathroport+%28LHR%29 200 87 - 55.938 ms
28-04-2026 18:20:05 [[32MINFO[39M]: OPTIONS /user/destinations/search?q=London+Heatport+%28LHR%29 204 0 - 0.112 ms
28-04-2026 18:20:05 [[32MINFO[39M]: GET /user/destinations/search?q=London+Heathrport+%28LHR%29 200 87 - 66.132 ms
28-04-2026 18:20:05 [[32MINFO[39M]: OPTIONS /user/destinations/search?q=London+Heaport+%28LHR%29 204 0 - 0.345 ms
28-04-2026 18:20:05 [[32MINFO[39M]: GET /user/destinations/search?q=London+Heathport+%28LHR%29 200 87 - 52.916 ms
28-04-2026 18:20:05 [[32MINFO[39M]: OPTIONS /user/destinations/search?q=London+Heport+%28LHR%29 204 0 - 0.270 ms
28-04-2026 18:20:05 [[32MINFO[39M]: GET /user/destinations/search?q=London+Heaport+%28LHR%29 200 87 - 47.120 ms
28-04-2026 18:20:05 [[32MINFO[39M]: OPTIONS /user/destinations/search?q=London+Hport+%28LHR%29 204 0 - 0.095 ms
28-04-2026 18:20:05 [[32MINFO[39M]: OPTIONS /user/destinations/search?q=London+port+%28LHR%29 204 0 - 0.195 ms
28-04-2026 18:20:05 [[32MINFO[39M]: GET /user/destinations/search?q=London+Heport+%28LHR%29 200 87 - 50.930 ms
28-04-2026 18:20:05 [[32MINFO[39M]: GET /user/destinations/search?q=London+Hport+%28LHR%29 200 87 - 59.430 ms
28-04-2026 18:20:05 [[32MINFO[39M]: OPTIONS /user/destinations/search?q=Londonport+%28LHR%29 204 0 - 0.202 ms
28-04-2026 18:20:05 [[32MINFO[39M]: OPTIONS /user/destinations/search?q=Londoport+%28LHR%29 204 0 - 0.395 ms
28-04-2026 18:20:05 [[32MINFO[39M]: GET /user/destinations/search?q=London+port+%28LHR%29 200 87 - 57.127 ms
28-04-2026 18:20:05 [[32MINFO[39M]: GET /user/destinations/search?q=Londonport+%28LHR%29 200 87 - 48.193 ms
28-04-2026 18:20:05 [[32MINFO[39M]: OPTIONS /user/destinations/search?q=Londport+%28LHR%29 204 0 - 0.301 ms
28-04-2026 18:20:05 [[32MINFO[39M]: GET /user/destinations/search?q=Londoport+%28LHR%29 200 87 - 49.101 ms
28-04-2026 18:20:05 [[32MINFO[39M]: GET /user/destinations/search?q=London+Heathrowport+%28LHR%29 200 87 - 354.556 ms
28-04-2026 18:20:05 [[32MINFO[39M]: OPTIONS /user/destinations/search?q=Lonport+%28LHR%29 204 0 - 1.872 ms
28-04-2026 18:20:05 [[32MINFO[39M]: GET /user/destinations/search?q=Londport+%28LHR%29 200 87 - 48.488 ms
28-04-2026 18:20:05 [[32MINFO[39M]: OPTIONS /user/destinations/search?q=Loport+%28LHR%29 204 0 - 0.307 ms
28-04-2026 18:20:05 [[32MINFO[39M]: GET /user/destinations/search?q=Lonport+%28LHR%29 200 87 - 50.479 ms
28-04-2026 18:20:05 [[32MINFO[39M]: OPTIONS /user/destinations/search?q=Lport+%28LHR%29 204 0 - 0.097 ms
28-04-2026 18:20:05 [[32MINFO[39M]: GET /user/destinations/search?q=Loport+%28LHR%29 200 87 - 48.547 ms
28-04-2026 18:20:05 [[32MINFO[39M]: OPTIONS /user/destinations/search?q=port+%28LHR%29 204 0 - 0.200 ms
28-04-2026 18:20:05 [[32MINFO[39M]: GET /user/destinations/search?q=London+Heatport+%28LHR%29 200 87 - 324.777 ms
28-04-2026 18:20:05 [[32MINFO[39M]: GET /user/destinations/search?q=Lport+%28LHR%29 200 87 - 50.020 ms
28-04-2026 18:20:05 [[32MINFO[39M]: GET /user/destinations/search?q=port+%28LHR%29 200 87 - 48.427 ms
28-04-2026 18:20:06 [[32MINFO[39M]: OPTIONS /user/destinations/search?q=port+%28LHR 204 0 - 0.180 ms
28-04-2026 18:20:06 [[32MINFO[39M]: GET /user/destinations/search?q=port+%28LHR 400 113 - 51.703 ms
28-04-2026 18:20:07 [[32MINFO[39M]: OPTIONS /user/destinations/search?q=port+%28LH 204 0 - 0.422 ms
28-04-2026 18:20:07 [[32MINFO[39M]: OPTIONS /user/destinations/search?q=port+%28L 204 0 - 0.478 ms
28-04-2026 18:20:07 [[32MINFO[39M]: GET /user/destinations/search?q=port+%28LH 400 113 - 48.750 ms
28-04-2026 18:20:07 [[32MINFO[39M]: OPTIONS /user/destinations/search?q=port+%28 204 0 - 0.341 ms
28-04-2026 18:20:07 [[32MINFO[39M]: GET /user/destinations/search?q=port+%28L 400 113 - 41.474 ms
28-04-2026 18:20:07 [[32MINFO[39M]: OPTIONS /user/destinations/search?q=port+ 204 0 - 0.139 ms
28-04-2026 18:20:07 [[32MINFO[39M]: GET /user/destinations/search?q=port+%28 400 113 - 44.425 ms
28-04-2026 18:20:07 [[32MINFO[39M]: OPTIONS /user/destinations/search?q=port 204 0 - 1.506 ms
28-04-2026 18:20:07 [[32MINFO[39M]: GET /user/destinations/search?q=port+ 200 4845 - 50.992 ms
28-04-2026 18:20:07 [[32MINFO[39M]: OPTIONS /user/destinations/search?q=por 204 0 - 0.188 ms
28-04-2026 18:20:07 [[32MINFO[39M]: GET /user/destinations/search?q=port 200 4845 - 45.938 ms
28-04-2026 18:20:07 [[32MINFO[39M]: OPTIONS /user/destinations/search?q=po 204 0 - 0.195 ms
28-04-2026 18:20:07 [[32MINFO[39M]: GET /user/destinations/search?q=por 200 4845 - 43.544 ms
28-04-2026 18:20:07 [[32MINFO[39M]: OPTIONS /user/destinations/search?q=p 204 0 - 0.125 ms
28-04-2026 18:20:07 [[32MINFO[39M]: GET /user/destinations/search?q=p 400 96 - 0.494 ms
28-04-2026 18:20:07 [[32MINFO[39M]: GET /user/destinations/search?q=po 200 4845 - 39.922 ms
28-04-2026 18:20:08 [[32MINFO[39M]: OPTIONS /user/destinations/search?q=d 204 0 - 0.212 ms
28-04-2026 18:20:08 [[32MINFO[39M]: GET /user/destinations/search?q=d 400 96 - 1.147 ms
28-04-2026 18:20:09 [[32MINFO[39M]: OPTIONS /user/destinations/search?q=dx 204 0 - 0.253 ms
28-04-2026 18:20:09 [[32MINFO[39M]: GET /user/destinations/search?q=dx 304 - - 58.032 ms
28-04-2026 18:20:09 [[32MINFO[39M]: OPTIONS /user/destinations/search?q=dxb 204 0 - 0.455 ms
28-04-2026 18:20:09 [[32MINFO[39M]: GET /user/destinations/search?q=dxb 304 - - 62.644 ms
28-04-2026 18:21:00 [[32MINFO[39M]: OPTIONS /user/flights/search?from=BOM&to=DXB&departureDate=2026-04-30&passengers=1&tripType=one-way&page=1&limit=6 204 0 - 0.250 ms
28-04-2026 18:21:00 [[32MINFO[39M]: GET /user/flights/search?from=BOM&to=DXB&departureDate=2026-04-30&passengers=1&tripType=one-way&page=1&limit=6 304 - - 94.547 ms
28-04-2026 19:19:12 [[32MINFO[39M]: OPTIONS /auth/sign-in 204 0 - 3.982 ms
28-04-2026 19:19:12 [[32MINFO[39M]: POST /auth/sign-in 200 760 - 275.545 ms
28-04-2026 19:19:18 [[32MINFO[39M]: OPTIONS /user/destinations/search?q=b 204 0 - 0.223 ms
28-04-2026 19:19:18 [[32MINFO[39M]: GET /user/destinations/search?q=b 400 96 - 2.991 ms
28-04-2026 19:19:18 [[32MINFO[39M]: OPTIONS /user/destinations/search?q=bo 204 0 - 0.298 ms
28-04-2026 19:19:18 [[32MINFO[39M]: GET /user/destinations/search?q=bo 304 - - 74.050 ms
28-04-2026 19:19:19 [[32MINFO[39M]: OPTIONS /user/destinations/search?q=bom 204 0 - 0.198 ms
28-04-2026 19:19:19 [[32MINFO[39M]: GET /user/destinations/search?q=bom 304 - - 55.121 ms
28-04-2026 19:19:22 [[32MINFO[39M]: OPTIONS /user/destinations/search?q=d 204 0 - 0.362 ms
28-04-2026 19:19:22 [[32MINFO[39M]: GET /user/destinations/search?q=d 400 96 - 1.740 ms
28-04-2026 19:19:23 [[32MINFO[39M]: OPTIONS /user/destinations/search?q=dx 204 0 - 0.274 ms
28-04-2026 19:19:23 [[32MINFO[39M]: GET /user/destinations/search?q=dx 304 - - 53.978 ms
28-04-2026 19:19:23 [[32MINFO[39M]: OPTIONS /user/destinations/search?q=dxb 204 0 - 0.348 ms
28-04-2026 19:19:23 [[32MINFO[39M]: GET /user/destinations/search?q=dxb 304 - - 56.290 ms
28-04-2026 19:19:41 [[32MINFO[39M]: OPTIONS /user/flights/search?from=BOM&to=DXB&departureDate=2026-04-30&passengers=1&tripType=one-way&page=1&limit=6 204 0 - 0.371 ms
28-04-2026 19:19:41 [[32MINFO[39M]: GET /user/flights/search?from=BOM&to=DXB&departureDate=2026-04-30&passengers=1&tripType=one-way&page=1&limit=6 304 - - 119.949 ms
28-04-2026 20:00:42 [[32MINFO[39M]: OPTIONS /auth/sign-in 204 0 - 3.513 ms
28-04-2026 20:00:43 [[32MINFO[39M]: POST /auth/sign-in 200 760 - 267.055 ms
28-04-2026 20:00:47 [[32MINFO[39M]: OPTIONS /user/destinations/search?q=b 204 0 - 0.223 ms
28-04-2026 20:00:47 [[32MINFO[39M]: GET /user/destinations/search?q=b 400 96 - 2.360 ms
28-04-2026 20:00:47 [[32MINFO[39M]: OPTIONS /user/destinations/search?q=bo 204 0 - 0.246 ms
28-04-2026 20:00:47 [[32MINFO[39M]: GET /user/destinations/search?q=bo 304 - - 68.630 ms
28-04-2026 20:00:47 [[32MINFO[39M]: OPTIONS /user/destinations/search?q=bom 204 0 - 0.228 ms
28-04-2026 20:00:47 [[32MINFO[39M]: GET /user/destinations/search?q=bom 304 - - 55.936 ms
28-04-2026 20:00:51 [[32MINFO[39M]: OPTIONS /user/destinations/search?q=d 204 0 - 0.309 ms
28-04-2026 20:00:51 [[32MINFO[39M]: GET /user/destinations/search?q=d 400 96 - 2.597 ms
28-04-2026 20:00:51 [[32MINFO[39M]: OPTIONS /user/destinations/search?q=dx 204 0 - 0.308 ms
28-04-2026 20:00:51 [[32MINFO[39M]: GET /user/destinations/search?q=dx 304 - - 56.534 ms
28-04-2026 20:00:52 [[32MINFO[39M]: OPTIONS /user/destinations/search?q=dxb 204 0 - 0.407 ms
28-04-2026 20:00:52 [[32MINFO[39M]: GET /user/destinations/search?q=dxb 304 - - 57.778 ms
28-04-2026 20:01:00 [[32MINFO[39M]: OPTIONS /user/flights/search?from=BOM&to=DXB&departureDate=2026-04-30&passengers=1&tripType=one-way&page=1&limit=6 204 0 - 0.238 ms
28-04-2026 20:01:00 [[32MINFO[39M]: GET /user/flights/search?from=BOM&to=DXB&departureDate=2026-04-30&passengers=1&tripType=one-way&page=1&limit=6 304 - - 121.774 ms
28-04-2026 21:50:17 [[32MINFO[39M]: OPTIONS /auth/sign-in 204 0 - 1.987 ms
28-04-2026 21:50:17 [[32MINFO[39M]: POST /auth/sign-in 200 760 - 298.129 ms
28-04-2026 21:50:19 [[32MINFO[39M]: OPTIONS /user/destinations/search?q=b 204 0 - 0.283 ms
28-04-2026 21:50:19 [[32MINFO[39M]: GET /user/destinations/search?q=b 400 96 - 3.200 ms
28-04-2026 21:50:19 [[32MINFO[39M]: OPTIONS /user/destinations/search?q=bo 204 0 - 0.444 ms
28-04-2026 21:50:19 [[32MINFO[39M]: GET /user/destinations/search?q=bo 304 - - 110.283 ms
28-04-2026 21:50:19 [[32MINFO[39M]: OPTIONS /user/destinations/search?q=bom 204 0 - 0.168 ms
28-04-2026 21:50:19 [[32MINFO[39M]: GET /user/destinations/search?q=bom 304 - - 65.822 ms
28-04-2026 21:50:23 [[32MINFO[39M]: OPTIONS /user/destinations/search?q=d 204 0 - 0.245 ms
28-04-2026 21:50:23 [[32MINFO[39M]: GET /user/destinations/search?q=d 400 96 - 1.269 ms
28-04-2026 21:50:23 [[32MINFO[39M]: OPTIONS /user/destinations/search?q=dx 204 0 - 1.044 ms
28-04-2026 21:50:23 [[32MINFO[39M]: GET /user/destinations/search?q=dx 304 - - 58.469 ms
28-04-2026 21:50:24 [[32MINFO[39M]: OPTIONS /user/destinations/search?q=dxb 204 0 - 0.514 ms
28-04-2026 21:50:24 [[32MINFO[39M]: GET /user/destinations/search?q=dxb 304 - - 59.698 ms
28-04-2026 21:50:30 [[32MINFO[39M]: OPTIONS /user/flights/search?from=BOM&to=DXB&departureDate=2026-04-30&passengers=1&tripType=one-way&page=1&limit=6 204 0 - 0.344 ms
28-04-2026 21:50:30 [[32MINFO[39M]: GET /user/flights/search?from=BOM&to=DXB&departureDate=2026-04-30&passengers=1&tripType=one-way&page=1&limit=6 304 - - 176.638 ms
